Simulation 1bh_p0.5_nos
Simulation start at  Wed Jul 6 05:09:20 UTC 2016
Simulation ManyBHnear_1bh_p0.5_nos_12x13x17 start at Wed Jul 6 05:09:20 UTC 2016
Still working on ...
Simulation ManyBHnear_1bh_p0.5_nos_12x13x17 end at Wed Jul 6 05:09:27 UTC 2016
Simulation ManyBHnear_1bh_p0.5_nos_16x17x25 start at Wed Jul 6 05:09:27 UTC 2016
Still working on ...
Simulation ManyBHnear_1bh_p0.5_nos_16x17x25 end at Wed Jul 6 05:09:37 UTC 2016
Simulation ManyBHnear_1bh_p0.5_nos_24x25x33 start at Wed Jul 6 05:09:37 UTC 2016
Still working on ...
Simulation ManyBHnear_1bh_p0.5_nos_24x25x33 end at Wed Jul 6 05:09:53 UTC 2016
Simulation ManyBHnear_1bh_p0.5_nos_32x33x41 start at Wed Jul 6 05:09:53 UTC 2016
Still working on ...
Simulation ManyBHnear_1bh_p0.5_nos_32x33x41 end at Wed Jul 6 05:10:22 UTC 2016
Simulation ManyBHnear_1bh_p0.5_nos_40x41x49 start at Wed Jul 6 05:10:22 UTC 2016
Still working on ...
Simulation ManyBHnear_1bh_p0.5_nos_40x41x49 end at Wed Jul 6 05:11:16 UTC 2016
Simulation ManyBHmid_1bh_p0.5_nos_12x13x17 start at Wed Jul 6 05:11:16 UTC 2016
Still working on ...
Simulation ManyBHmid_1bh_p0.5_nos_12x13x17 end at Wed Jul 6 05:11:25 UTC 2016
Simulation ManyBHmid_1bh_p0.5_nos_16x17x25 start at Wed Jul 6 05:11:25 UTC 2016
Still working on ...
Simulation ManyBHmid_1bh_p0.5_nos_16x17x25 end at Wed Jul 6 05:11:36 UTC 2016
Simulation ManyBHmid_1bh_p0.5_nos_24x25x33 start at Wed Jul 6 05:11:36 UTC 2016
Still working on ...
Simulation ManyBHmid_1bh_p0.5_nos_24x25x33 end at Wed Jul 6 05:11:56 UTC 2016
Simulation ManyBHmid_1bh_p0.5_nos_32x33x41 start at Wed Jul 6 05:11:56 UTC 2016
Still working on ...
Simulation ManyBHmid_1bh_p0.5_nos_32x33x41 end at Wed Jul 6 05:12:32 UTC 2016
Simulation ManyBHmid_1bh_p0.5_nos_40x41x49 start at Wed Jul 6 05:12:32 UTC 2016
Still working on ...
Simulation ManyBHmid_1bh_p0.5_nos_40x41x49 end at Wed Jul 6 05:13:23 UTC 2016
Simulation ManyBHfar_1bh_p0.5_nos_12x13x17 start at Wed Jul 6 05:13:23 UTC 2016
Still working on ...
Simulation ManyBHfar_1bh_p0.5_nos_12x13x17 end at Wed Jul 6 05:13:27 UTC 2016
Simulation ManyBHfar_1bh_p0.5_nos_16x17x25 start at Wed Jul 6 05:13:27 UTC 2016
Still working on ...
Simulation ManyBHfar_1bh_p0.5_nos_16x17x25 end at Wed Jul 6 05:13:34 UTC 2016
Simulation ManyBHfar_1bh_p0.5_nos_24x25x33 start at Wed Jul 6 05:13:34 UTC 2016
Still working on ...
Simulation ManyBHfar_1bh_p0.5_nos_24x25x33 end at Wed Jul 6 05:13:48 UTC 2016
Simulation ManyBHfar_1bh_p0.5_nos_32x33x41 start at Wed Jul 6 05:13:48 UTC 2016
Still working on ...
Simulation ManyBHfar_1bh_p0.5_nos_32x33x41 end at Wed Jul 6 05:14:16 UTC 2016
Simulation ManyBHfar_1bh_p0.5_nos_40x41x49 start at Wed Jul 6 05:14:16 UTC 2016
Still working on ...
Simulation ManyBHfar_1bh_p0.5_nos_40x41x49 end at Wed Jul 6 05:15:12 UTC 2016
Done!
