Simulation 1bh
Simulation start at  Tue Jun 28 20:09:11 UTC 2016
Simulation ManyBHnear_1bh_12x13x17 start at Tue Jun 28 20:09:11 UTC 2016
Still working on ...
Simulation ManyBHnear_1bh_12x13x17 end at Tue Jun 28 20:09:13 UTC 2016
Simulation ManyBHnear_1bh_16x17x25 start at Tue Jun 28 20:09:13 UTC 2016
Still working on ...
Simulation ManyBHnear_1bh_16x17x25 end at Tue Jun 28 20:09:16 UTC 2016
Simulation ManyBHnear_1bh_24x25x33 start at Tue Jun 28 20:09:16 UTC 2016
Still working on ...
Simulation ManyBHnear_1bh_24x25x33 end at Tue Jun 28 20:09:21 UTC 2016
Simulation ManyBHnear_1bh_32x33x41 start at Tue Jun 28 20:09:21 UTC 2016
Still working on ...
Simulation ManyBHnear_1bh_32x33x41 end at Tue Jun 28 20:09:28 UTC 2016
Simulation ManyBHnear_1bh_40x41x49 start at Tue Jun 28 20:09:28 UTC 2016
Still working on ...
Simulation ManyBHnear_1bh_40x41x49 end at Tue Jun 28 20:09:40 UTC 2016
Simulation ManyBHmid_1bh_12x13x17 start at Tue Jun 28 20:09:40 UTC 2016
Still working on ...
Simulation ManyBHmid_1bh_12x13x17 end at Tue Jun 28 20:09:45 UTC 2016
Simulation ManyBHmid_1bh_16x17x25 start at Tue Jun 28 20:09:45 UTC 2016
Still working on ...
Simulation ManyBHmid_1bh_16x17x25 end at Tue Jun 28 20:09:51 UTC 2016
Simulation ManyBHmid_1bh_24x25x33 start at Tue Jun 28 20:09:51 UTC 2016
Still working on ...
Simulation ManyBHmid_1bh_24x25x33 end at Tue Jun 28 20:09:59 UTC 2016
Simulation ManyBHmid_1bh_32x33x41 start at Tue Jun 28 20:09:59 UTC 2016
Still working on ...
Simulation ManyBHmid_1bh_32x33x41 end at Tue Jun 28 20:10:11 UTC 2016
Simulation ManyBHmid_1bh_40x41x49 start at Tue Jun 28 20:10:11 UTC 2016
Still working on ...
Simulation ManyBHmid_1bh_40x41x49 end at Tue Jun 28 20:10:29 UTC 2016
Simulation ManyBHfar_1bh_12x13x17 start at Tue Jun 28 20:10:29 UTC 2016
Still working on ...
Simulation ManyBHfar_1bh_12x13x17 end at Tue Jun 28 20:10:31 UTC 2016
Simulation ManyBHfar_1bh_16x17x25 start at Tue Jun 28 20:10:31 UTC 2016
Still working on ...
Simulation ManyBHfar_1bh_16x17x25 end at Tue Jun 28 20:10:34 UTC 2016
Simulation ManyBHfar_1bh_24x25x33 start at Tue Jun 28 20:10:34 UTC 2016
Still working on ...
Simulation ManyBHfar_1bh_24x25x33 end at Tue Jun 28 20:10:39 UTC 2016
Simulation ManyBHfar_1bh_32x33x41 start at Tue Jun 28 20:10:39 UTC 2016
Still working on ...
Simulation ManyBHfar_1bh_32x33x41 end at Tue Jun 28 20:10:46 UTC 2016
Simulation ManyBHfar_1bh_40x41x49 start at Tue Jun 28 20:10:46 UTC 2016
Still working on ...
Simulation ManyBHfar_1bh_40x41x49 end at Tue Jun 28 20:10:58 UTC 2016
Done!
