Simulation 1bh_p0.75_nos
Simulation start at  Wed Jul 6 05:14:35 UTC 2016
Simulation ManyBHnear_1bh_p0.75_nos_12x13x17 start at Wed Jul 6 05:14:35 UTC 2016
Still working on ...
Simulation ManyBHnear_1bh_p0.75_nos_12x13x17 end at Wed Jul 6 05:14:42 UTC 2016
Simulation ManyBHnear_1bh_p0.75_nos_16x17x25 start at Wed Jul 6 05:14:42 UTC 2016
Still working on ...
Simulation ManyBHnear_1bh_p0.75_nos_16x17x25 end at Wed Jul 6 05:14:52 UTC 2016
Simulation ManyBHnear_1bh_p0.75_nos_24x25x33 start at Wed Jul 6 05:14:52 UTC 2016
Still working on ...
Simulation ManyBHnear_1bh_p0.75_nos_24x25x33 end at Wed Jul 6 05:15:14 UTC 2016
Simulation ManyBHnear_1bh_p0.75_nos_32x33x41 start at Wed Jul 6 05:15:14 UTC 2016
Still working on ...
Simulation ManyBHnear_1bh_p0.75_nos_32x33x41 end at Wed Jul 6 05:15:48 UTC 2016
Simulation ManyBHnear_1bh_p0.75_nos_40x41x49 start at Wed Jul 6 05:15:48 UTC 2016
Still working on ...
Simulation ManyBHnear_1bh_p0.75_nos_40x41x49 end at Wed Jul 6 05:16:49 UTC 2016
Simulation ManyBHmid_1bh_p0.75_nos_12x13x17 start at Wed Jul 6 05:16:49 UTC 2016
Still working on ...
Simulation ManyBHmid_1bh_p0.75_nos_12x13x17 end at Wed Jul 6 05:16:57 UTC 2016
Simulation ManyBHmid_1bh_p0.75_nos_16x17x25 start at Wed Jul 6 05:16:57 UTC 2016
Still working on ...
Simulation ManyBHmid_1bh_p0.75_nos_16x17x25 end at Wed Jul 6 05:17:08 UTC 2016
Simulation ManyBHmid_1bh_p0.75_nos_24x25x33 start at Wed Jul 6 05:17:08 UTC 2016
Still working on ...
Simulation ManyBHmid_1bh_p0.75_nos_24x25x33 end at Wed Jul 6 05:17:29 UTC 2016
Simulation ManyBHmid_1bh_p0.75_nos_32x33x41 start at Wed Jul 6 05:17:29 UTC 2016
Still working on ...
Simulation ManyBHmid_1bh_p0.75_nos_32x33x41 end at Wed Jul 6 05:18:07 UTC 2016
Simulation ManyBHmid_1bh_p0.75_nos_40x41x49 start at Wed Jul 6 05:18:07 UTC 2016
Still working on ...
Simulation ManyBHmid_1bh_p0.75_nos_40x41x49 end at Wed Jul 6 05:19:14 UTC 2016
Simulation ManyBHfar_1bh_p0.75_nos_12x13x17 start at Wed Jul 6 05:19:14 UTC 2016
Still working on ...
Simulation ManyBHfar_1bh_p0.75_nos_12x13x17 end at Wed Jul 6 05:19:19 UTC 2016
Simulation ManyBHfar_1bh_p0.75_nos_16x17x25 start at Wed Jul 6 05:19:19 UTC 2016
Still working on ...
Simulation ManyBHfar_1bh_p0.75_nos_16x17x25 end at Wed Jul 6 05:19:27 UTC 2016
Simulation ManyBHfar_1bh_p0.75_nos_24x25x33 start at Wed Jul 6 05:19:27 UTC 2016
Still working on ...
Simulation ManyBHfar_1bh_p0.75_nos_24x25x33 end at Wed Jul 6 05:19:45 UTC 2016
Simulation ManyBHfar_1bh_p0.75_nos_32x33x41 start at Wed Jul 6 05:19:45 UTC 2016
Still working on ...
Simulation ManyBHfar_1bh_p0.75_nos_32x33x41 end at Wed Jul 6 05:20:19 UTC 2016
Simulation ManyBHfar_1bh_p0.75_nos_40x41x49 start at Wed Jul 6 05:20:19 UTC 2016
Still working on ...
Simulation ManyBHfar_1bh_p0.75_nos_40x41x49 end at Wed Jul 6 05:21:20 UTC 2016
Done!
