Simulation 1bh_static_out1D_0.1_dx0.0015625_near
Simulation start at  Wed Jul 27 23:53:00 UTC 2016
Simulation twopunnear_1bh_static_out1D_0.1_dx0.0015625_near_10 start at Wed Jul 27 23:53:00 UTC 2016
Still working on ...
Simulation twopunnear_1bh_static_out1D_0.1_dx0.0015625_near_10 end at Wed Jul 27 23:53:02 UTC 2016
Simulation twopunnear_1bh_static_out1D_0.1_dx0.0015625_near_20 start at Wed Jul 27 23:53:02 UTC 2016
Still working on ...
Simulation twopunnear_1bh_static_out1D_0.1_dx0.0015625_near_20 end at Wed Jul 27 23:53:07 UTC 2016
Simulation twopunnear_1bh_static_out1D_0.1_dx0.0015625_near_30 start at Wed Jul 27 23:53:07 UTC 2016
Still working on ...
Simulation twopunnear_1bh_static_out1D_0.1_dx0.0015625_near_30 end at Wed Jul 27 23:53:21 UTC 2016
Simulation twopunnear_1bh_static_out1D_0.1_dx0.0015625_near_40 start at Wed Jul 27 23:53:21 UTC 2016
Still working on ...
Simulation twopunnear_1bh_static_out1D_0.1_dx0.0015625_near_40 end at Wed Jul 27 23:54:00 UTC 2016
Simulation ManyBHnear_1bh_static_out1D_0.1_dx0.0015625_near_4x5x9 start at Wed Jul 27 23:54:00 UTC 2016
Still working on ...
Simulation ManyBHnear_1bh_static_out1D_0.1_dx0.0015625_near_4x5x9 end at Wed Jul 27 23:54:06 UTC 2016
Simulation ManyBHnear_1bh_static_out1D_0.1_dx0.0015625_near_8x9x13 start at Wed Jul 27 23:54:06 UTC 2016
Still working on ...
Simulation ManyBHnear_1bh_static_out1D_0.1_dx0.0015625_near_8x9x13 end at Wed Jul 27 23:54:11 UTC 2016
Simulation ManyBHnear_1bh_static_out1D_0.1_dx0.0015625_near_12x13x17 start at Wed Jul 27 23:54:11 UTC 2016
Still working on ...
Simulation ManyBHnear_1bh_static_out1D_0.1_dx0.0015625_near_12x13x17 end at Wed Jul 27 23:54:17 UTC 2016
Simulation ManyBHnear_1bh_static_out1D_0.1_dx0.0015625_near_16x17x25 start at Wed Jul 27 23:54:17 UTC 2016
Still working on ...
Simulation ManyBHnear_1bh_static_out1D_0.1_dx0.0015625_near_16x17x25 end at Wed Jul 27 23:54:23 UTC 2016
Simulation twopunmid_1bh_static_out1D_0.1_dx0.0015625_near_10 start at Wed Jul 27 23:54:23 UTC 2016
Still working on ...
Simulation twopunmid_1bh_static_out1D_0.1_dx0.0015625_near_10 end at Wed Jul 27 23:54:24 UTC 2016
Simulation twopunmid_1bh_static_out1D_0.1_dx0.0015625_near_20 start at Wed Jul 27 23:54:24 UTC 2016
Still working on ...
Simulation twopunmid_1bh_static_out1D_0.1_dx0.0015625_near_20 end at Wed Jul 27 23:54:30 UTC 2016
Simulation twopunmid_1bh_static_out1D_0.1_dx0.0015625_near_30 start at Wed Jul 27 23:54:30 UTC 2016
Still working on ...
Simulation twopunmid_1bh_static_out1D_0.1_dx0.0015625_near_30 end at Wed Jul 27 23:54:49 UTC 2016
Simulation twopunmid_1bh_static_out1D_0.1_dx0.0015625_near_40 start at Wed Jul 27 23:54:49 UTC 2016
Still working on ...
Simulation twopunmid_1bh_static_out1D_0.1_dx0.0015625_near_40 end at Wed Jul 27 23:55:40 UTC 2016
Simulation ManyBHmid_1bh_static_out1D_0.1_dx0.0015625_near_4x5x9 start at Wed Jul 27 23:55:40 UTC 2016
Still working on ...
Simulation ManyBHmid_1bh_static_out1D_0.1_dx0.0015625_near_4x5x9 end at Wed Jul 27 23:55:44 UTC 2016
Simulation ManyBHmid_1bh_static_out1D_0.1_dx0.0015625_near_8x9x13 start at Wed Jul 27 23:55:44 UTC 2016
Still working on ...
Simulation ManyBHmid_1bh_static_out1D_0.1_dx0.0015625_near_8x9x13 end at Wed Jul 27 23:55:49 UTC 2016
Simulation ManyBHmid_1bh_static_out1D_0.1_dx0.0015625_near_12x13x17 start at Wed Jul 27 23:55:49 UTC 2016
Still working on ...
Simulation ManyBHmid_1bh_static_out1D_0.1_dx0.0015625_near_12x13x17 end at Wed Jul 27 23:55:54 UTC 2016
Simulation ManyBHmid_1bh_static_out1D_0.1_dx0.0015625_near_16x17x25 start at Wed Jul 27 23:55:54 UTC 2016
Still working on ...
Simulation ManyBHmid_1bh_static_out1D_0.1_dx0.0015625_near_16x17x25 end at Wed Jul 27 23:56:00 UTC 2016
Simulation twopunfar_1bh_static_out1D_0.1_dx0.0015625_near_10 start at Wed Jul 27 23:56:00 UTC 2016
Still working on ...
Simulation twopunfar_1bh_static_out1D_0.1_dx0.0015625_near_10 end at Wed Jul 27 23:56:01 UTC 2016
Simulation twopunfar_1bh_static_out1D_0.1_dx0.0015625_near_20 start at Wed Jul 27 23:56:01 UTC 2016
Still working on ...
Simulation twopunfar_1bh_static_out1D_0.1_dx0.0015625_near_20 end at Wed Jul 27 23:56:06 UTC 2016
Simulation twopunfar_1bh_static_out1D_0.1_dx0.0015625_near_30 start at Wed Jul 27 23:56:06 UTC 2016
Still working on ...
Simulation twopunfar_1bh_static_out1D_0.1_dx0.0015625_near_30 end at Wed Jul 27 23:56:20 UTC 2016
Simulation twopunfar_1bh_static_out1D_0.1_dx0.0015625_near_40 start at Wed Jul 27 23:56:20 UTC 2016
Still working on ...
Simulation twopunfar_1bh_static_out1D_0.1_dx0.0015625_near_40 end at Wed Jul 27 23:56:59 UTC 2016
Simulation ManyBHfar_1bh_static_out1D_0.1_dx0.0015625_near_4x5x9 start at Wed Jul 27 23:56:59 UTC 2016
Still working on ...
Simulation ManyBHfar_1bh_static_out1D_0.1_dx0.0015625_near_4x5x9 end at Wed Jul 27 23:57:01 UTC 2016
Simulation ManyBHfar_1bh_static_out1D_0.1_dx0.0015625_near_8x9x13 start at Wed Jul 27 23:57:01 UTC 2016
Still working on ...
Simulation ManyBHfar_1bh_static_out1D_0.1_dx0.0015625_near_8x9x13 end at Wed Jul 27 23:57:03 UTC 2016
Simulation ManyBHfar_1bh_static_out1D_0.1_dx0.0015625_near_12x13x17 start at Wed Jul 27 23:57:03 UTC 2016
Still working on ...
Simulation ManyBHfar_1bh_static_out1D_0.1_dx0.0015625_near_12x13x17 end at Wed Jul 27 23:57:06 UTC 2016
Simulation ManyBHfar_1bh_static_out1D_0.1_dx0.0015625_near_16x17x25 start at Wed Jul 27 23:57:06 UTC 2016
Still working on ...
Simulation ManyBHfar_1bh_static_out1D_0.1_dx0.0015625_near_16x17x25 end at Wed Jul 27 23:57:09 UTC 2016
Done!
