Simulation 1bh_p0.3_nos
Simulation start at  Wed Jul 6 05:07:16 UTC 2016
Simulation ManyBHnear_1bh_p0.3_nos_12x13x17 start at Wed Jul 6 05:07:16 UTC 2016
Still working on ...
Simulation ManyBHnear_1bh_p0.3_nos_12x13x17 end at Wed Jul 6 05:07:20 UTC 2016
Simulation ManyBHnear_1bh_p0.3_nos_16x17x25 start at Wed Jul 6 05:07:20 UTC 2016
Still working on ...
Simulation ManyBHnear_1bh_p0.3_nos_16x17x25 end at Wed Jul 6 05:07:28 UTC 2016
Simulation ManyBHnear_1bh_p0.3_nos_24x25x33 start at Wed Jul 6 05:07:28 UTC 2016
Still working on ...
Simulation ManyBHnear_1bh_p0.3_nos_24x25x33 end at Wed Jul 6 05:07:41 UTC 2016
Simulation ManyBHnear_1bh_p0.3_nos_32x33x41 start at Wed Jul 6 05:07:41 UTC 2016
Still working on ...
Simulation ManyBHnear_1bh_p0.3_nos_32x33x41 end at Wed Jul 6 05:08:04 UTC 2016
Simulation ManyBHnear_1bh_p0.3_nos_40x41x49 start at Wed Jul 6 05:08:04 UTC 2016
Still working on ...
Simulation ManyBHnear_1bh_p0.3_nos_40x41x49 end at Wed Jul 6 05:08:46 UTC 2016
Simulation ManyBHmid_1bh_p0.3_nos_12x13x17 start at Wed Jul 6 05:08:46 UTC 2016
Still working on ...
Simulation ManyBHmid_1bh_p0.3_nos_12x13x17 end at Wed Jul 6 05:08:54 UTC 2016
Simulation ManyBHmid_1bh_p0.3_nos_16x17x25 start at Wed Jul 6 05:08:54 UTC 2016
Still working on ...
Simulation ManyBHmid_1bh_p0.3_nos_16x17x25 end at Wed Jul 6 05:09:04 UTC 2016
Simulation ManyBHmid_1bh_p0.3_nos_24x25x33 start at Wed Jul 6 05:09:04 UTC 2016
Still working on ...
Simulation ManyBHmid_1bh_p0.3_nos_24x25x33 end at Wed Jul 6 05:09:20 UTC 2016
Simulation ManyBHmid_1bh_p0.3_nos_32x33x41 start at Wed Jul 6 05:09:20 UTC 2016
Still working on ...
Simulation ManyBHmid_1bh_p0.3_nos_32x33x41 end at Wed Jul 6 05:09:55 UTC 2016
Simulation ManyBHmid_1bh_p0.3_nos_40x41x49 start at Wed Jul 6 05:09:55 UTC 2016
Still working on ...
Simulation ManyBHmid_1bh_p0.3_nos_40x41x49 end at Wed Jul 6 05:10:48 UTC 2016
Simulation ManyBHfar_1bh_p0.3_nos_12x13x17 start at Wed Jul 6 05:10:48 UTC 2016
Still working on ...
Simulation ManyBHfar_1bh_p0.3_nos_12x13x17 end at Wed Jul 6 05:10:53 UTC 2016
Simulation ManyBHfar_1bh_p0.3_nos_16x17x25 start at Wed Jul 6 05:10:53 UTC 2016
Still working on ...
Simulation ManyBHfar_1bh_p0.3_nos_16x17x25 end at Wed Jul 6 05:11:00 UTC 2016
Simulation ManyBHfar_1bh_p0.3_nos_24x25x33 start at Wed Jul 6 05:11:00 UTC 2016
Still working on ...
Simulation ManyBHfar_1bh_p0.3_nos_24x25x33 end at Wed Jul 6 05:11:12 UTC 2016
Simulation ManyBHfar_1bh_p0.3_nos_32x33x41 start at Wed Jul 6 05:11:12 UTC 2016
Still working on ...
Simulation ManyBHfar_1bh_p0.3_nos_32x33x41 end at Wed Jul 6 05:11:36 UTC 2016
Simulation ManyBHfar_1bh_p0.3_nos_40x41x49 start at Wed Jul 6 05:11:36 UTC 2016
Still working on ...
Simulation ManyBHfar_1bh_p0.3_nos_40x41x49 end at Wed Jul 6 05:12:26 UTC 2016
Done!
