Simulation 1bh_p0.1_dx0.0015625_near
Simulation start at  Fri Jul 8 06:11:24 UTC 2016
Simulation twopunnear_1bh_p0.1_dx0.0015625_near_20 start at Fri Jul 8 06:11:24 UTC 2016
Still working on ...
Simulation twopunnear_1bh_p0.1_dx0.0015625_near_20 end at Fri Jul 8 06:11:55 UTC 2016
Simulation twopunnear_1bh_p0.1_dx0.0015625_near_30 start at Fri Jul 8 06:11:55 UTC 2016
Still working on ...
Simulation twopunnear_1bh_p0.1_dx0.0015625_near_30 end at Fri Jul 8 06:14:37 UTC 2016
Simulation twopunnear_1bh_p0.1_dx0.0015625_near_40 start at Fri Jul 8 06:14:37 UTC 2016
Still working on ...
Simulation twopunnear_1bh_p0.1_dx0.0015625_near_40 end at Fri Jul 8 06:29:01 UTC 2016
Simulation twopunnear_1bh_p0.1_dx0.0015625_near_50 start at Fri Jul 8 06:29:01 UTC 2016
Still working on ...
Simulation twopunnear_1bh_p0.1_dx0.0015625_near_50 end at Fri Jul 8 06:57:30 UTC 2016
Simulation ManyBHnear_1bh_p0.1_dx0.0015625_near_12x13x17 start at Fri Jul 8 06:57:30 UTC 2016
Still working on ...
Simulation ManyBHnear_1bh_p0.1_dx0.0015625_near_12x13x17 end at Fri Jul 8 06:57:34 UTC 2016
Simulation ManyBHnear_1bh_p0.1_dx0.0015625_near_16x17x25 start at Fri Jul 8 06:57:34 UTC 2016
Still working on ...
Simulation ManyBHnear_1bh_p0.1_dx0.0015625_near_16x17x25 end at Fri Jul 8 06:57:39 UTC 2016
Simulation ManyBHnear_1bh_p0.1_dx0.0015625_near_24x25x33 start at Fri Jul 8 06:57:39 UTC 2016
Still working on ...
Simulation ManyBHnear_1bh_p0.1_dx0.0015625_near_24x25x33 end at Fri Jul 8 06:57:48 UTC 2016
Simulation ManyBHnear_1bh_p0.1_dx0.0015625_near_32x33x41 start at Fri Jul 8 06:57:48 UTC 2016
Still working on ...
Simulation ManyBHnear_1bh_p0.1_dx0.0015625_near_32x33x41 end at Fri Jul 8 06:58:03 UTC 2016
Simulation ManyBHnear_1bh_p0.1_dx0.0015625_near_40x41x49 start at Fri Jul 8 06:58:03 UTC 2016
Still working on ...
Simulation ManyBHnear_1bh_p0.1_dx0.0015625_near_40x41x49 end at Fri Jul 8 06:58:32 UTC 2016
Simulation twopunmid_1bh_p0.1_dx0.0015625_near_20 start at Fri Jul 8 06:58:32 UTC 2016
Still working on ...
Simulation twopunmid_1bh_p0.1_dx0.0015625_near_20 end at Fri Jul 8 06:59:22 UTC 2016
Simulation twopunmid_1bh_p0.1_dx0.0015625_near_30 start at Fri Jul 8 06:59:22 UTC 2016
Still working on ...
Simulation twopunmid_1bh_p0.1_dx0.0015625_near_30 end at Fri Jul 8 07:03:42 UTC 2016
Simulation twopunmid_1bh_p0.1_dx0.0015625_near_40 start at Fri Jul 8 07:03:42 UTC 2016
Still working on ...
Simulation twopunmid_1bh_p0.1_dx0.0015625_near_40 end at Fri Jul 8 07:14:11 UTC 2016
Simulation twopunmid_1bh_p0.1_dx0.0015625_near_50 start at Fri Jul 8 07:14:11 UTC 2016
Still working on ...
Simulation twopunmid_1bh_p0.1_dx0.0015625_near_50 end at Fri Jul 8 07:43:02 UTC 2016
Simulation ManyBHmid_1bh_p0.1_dx0.0015625_near_12x13x17 start at Fri Jul 8 07:43:02 UTC 2016
Still working on ...
Simulation ManyBHmid_1bh_p0.1_dx0.0015625_near_12x13x17 end at Fri Jul 8 07:43:10 UTC 2016
Simulation ManyBHmid_1bh_p0.1_dx0.0015625_near_16x17x25 start at Fri Jul 8 07:43:10 UTC 2016
Still working on ...
Simulation ManyBHmid_1bh_p0.1_dx0.0015625_near_16x17x25 end at Fri Jul 8 07:43:20 UTC 2016
Simulation ManyBHmid_1bh_p0.1_dx0.0015625_near_24x25x33 start at Fri Jul 8 07:43:20 UTC 2016
Still working on ...
Simulation ManyBHmid_1bh_p0.1_dx0.0015625_near_24x25x33 end at Fri Jul 8 07:43:34 UTC 2016
Simulation ManyBHmid_1bh_p0.1_dx0.0015625_near_32x33x41 start at Fri Jul 8 07:43:34 UTC 2016
Still working on ...
Simulation ManyBHmid_1bh_p0.1_dx0.0015625_near_32x33x41 end at Fri Jul 8 07:43:58 UTC 2016
Simulation ManyBHmid_1bh_p0.1_dx0.0015625_near_40x41x49 start at Fri Jul 8 07:43:58 UTC 2016
Still working on ...
Simulation ManyBHmid_1bh_p0.1_dx0.0015625_near_40x41x49 end at Fri Jul 8 07:44:38 UTC 2016
Simulation twopunfar_1bh_p0.1_dx0.0015625_near_20 start at Fri Jul 8 07:44:38 UTC 2016
Still working on ...
Simulation twopunfar_1bh_p0.1_dx0.0015625_near_20 end at Fri Jul 8 07:45:26 UTC 2016
Simulation twopunfar_1bh_p0.1_dx0.0015625_near_30 start at Fri Jul 8 07:45:26 UTC 2016
Still working on ...
Simulation twopunfar_1bh_p0.1_dx0.0015625_near_30 end at Fri Jul 8 07:48:10 UTC 2016
Simulation twopunfar_1bh_p0.1_dx0.0015625_near_40 start at Fri Jul 8 07:48:10 UTC 2016
Still working on ...
Simulation twopunfar_1bh_p0.1_dx0.0015625_near_40 end at Fri Jul 8 07:58:15 UTC 2016
Simulation twopunfar_1bh_p0.1_dx0.0015625_near_50 start at Fri Jul 8 07:58:15 UTC 2016
Still working on ...
Simulation twopunfar_1bh_p0.1_dx0.0015625_near_50 end at Fri Jul 8 08:26:29 UTC 2016
Simulation ManyBHfar_1bh_p0.1_dx0.0015625_near_12x13x17 start at Fri Jul 8 08:26:29 UTC 2016
Still working on ...
Simulation ManyBHfar_1bh_p0.1_dx0.0015625_near_12x13x17 end at Fri Jul 8 08:26:32 UTC 2016
Simulation ManyBHfar_1bh_p0.1_dx0.0015625_near_16x17x25 start at Fri Jul 8 08:26:32 UTC 2016
Still working on ...
Simulation ManyBHfar_1bh_p0.1_dx0.0015625_near_16x17x25 end at Fri Jul 8 08:26:37 UTC 2016
Simulation ManyBHfar_1bh_p0.1_dx0.0015625_near_24x25x33 start at Fri Jul 8 08:26:37 UTC 2016
Still working on ...
Simulation ManyBHfar_1bh_p0.1_dx0.0015625_near_24x25x33 end at Fri Jul 8 08:26:45 UTC 2016
Simulation ManyBHfar_1bh_p0.1_dx0.0015625_near_32x33x41 start at Fri Jul 8 08:26:45 UTC 2016
Still working on ...
Simulation ManyBHfar_1bh_p0.1_dx0.0015625_near_32x33x41 end at Fri Jul 8 08:27:02 UTC 2016
Simulation ManyBHfar_1bh_p0.1_dx0.0015625_near_40x41x49 start at Fri Jul 8 08:27:02 UTC 2016
Still working on ...
Simulation ManyBHfar_1bh_p0.1_dx0.0015625_near_40x41x49 end at Fri Jul 8 08:27:28 UTC 2016
Done!
