Simulation 1bh_p0.1_dx0.0015625_small_near
Simulation start at  Sun Aug 14 05:29:04 UTC 2016
Simulation ManyBHnear_1bh_p0.1_dx0.0015625_small_near_4x5x9 start at Sun Aug 14 05:29:04 UTC 2016
Still working on ...
Simulation ManyBHnear_1bh_p0.1_dx0.0015625_small_near_4x5x9 end at Sun Aug 14 05:29:06 UTC 2016
Simulation ManyBHnear_1bh_p0.1_dx0.0015625_small_near_12x13x17 start at Sun Aug 14 05:29:06 UTC 2016
Still working on ...
Simulation ManyBHnear_1bh_p0.1_dx0.0015625_small_near_12x13x17 end at Sun Aug 14 05:29:08 UTC 2016
Simulation ManyBHnear_1bh_p0.1_dx0.0015625_small_near_16x17x25 start at Sun Aug 14 05:29:08 UTC 2016
Still working on ...
Simulation ManyBHnear_1bh_p0.1_dx0.0015625_small_near_16x17x25 end at Sun Aug 14 05:29:11 UTC 2016
Simulation ManyBHnear_1bh_p0.1_dx0.0015625_small_near_24x25x33 start at Sun Aug 14 05:29:11 UTC 2016
Still working on ...
Simulation ManyBHnear_1bh_p0.1_dx0.0015625_small_near_24x25x33 end at Sun Aug 14 05:29:17 UTC 2016
Simulation ManyBHnear_1bh_p0.1_dx0.0015625_small_near_32x33x41 start at Sun Aug 14 05:29:17 UTC 2016
Still working on ...
Simulation ManyBHnear_1bh_p0.1_dx0.0015625_small_near_32x33x41 end at Sun Aug 14 05:29:28 UTC 2016
Simulation ManyBHnear_1bh_p0.1_dx0.0015625_small_near_40x41x49 start at Sun Aug 14 05:29:28 UTC 2016
Still working on ...
Simulation ManyBHnear_1bh_p0.1_dx0.0015625_small_near_40x41x49 end at Sun Aug 14 05:29:47 UTC 2016
