Simulation 2bh_m1m2_0.47656_py_sx
Simulation start at  Thu Aug 18 19:31:22 UTC 2016
Simulation ManyBHmid_2bh_m1m2_0.47656_py_sx_4x5x9 start at Thu Aug 18 19:31:22 UTC 2016
Still working on ...
Simulation ManyBHmid_2bh_m1m2_0.47656_py_sx_4x5x9 end at Thu Aug 18 19:31:57 UTC 2016
Simulation ManyBHfar_2bh_m1m2_0.47656_py_sx_4x5x9 start at Thu Aug 18 19:31:57 UTC 2016
Still working on ...
Simulation ManyBHfar_2bh_m1m2_0.47656_py_sx_4x5x9 end at Thu Aug 18 19:33:32 UTC 2016
Simulation ManyBHmid_2bh_m1m2_0.47656_py_sx_8x9x13 start at Thu Aug 18 19:33:32 UTC 2016
Still working on ...
Simulation ManyBHmid_2bh_m1m2_0.47656_py_sx_8x9x13 end at Thu Aug 18 19:35:59 UTC 2016
Simulation ManyBHfar_2bh_m1m2_0.47656_py_sx_8x9x13 start at Thu Aug 18 19:35:59 UTC 2016
Still working on ...
Simulation ManyBHfar_2bh_m1m2_0.47656_py_sx_8x9x13 end at Thu Aug 18 19:39:39 UTC 2016
Simulation ManyBHmid_2bh_m1m2_0.47656_py_sx_12x13x17 start at Thu Aug 18 19:39:39 UTC 2016
Still working on ...
Simulation ManyBHmid_2bh_m1m2_0.47656_py_sx_12x13x17 end at Thu Aug 18 19:47:00 UTC 2016
Simulation ManyBHfar_2bh_m1m2_0.47656_py_sx_12x13x17 start at Thu Aug 18 19:47:00 UTC 2016
Still working on ...
Simulation ManyBHfar_2bh_m1m2_0.47656_py_sx_12x13x17 end at Thu Aug 18 19:55:56 UTC 2016
Simulation ManyBHmid_2bh_m1m2_0.47656_py_sx_16x17x25 start at Thu Aug 18 19:55:56 UTC 2016
Still working on ...
Simulation ManyBHmid_2bh_m1m2_0.47656_py_sx_16x17x25 end at Thu Aug 18 20:19:28 UTC 2016
Simulation ManyBHfar_2bh_m1m2_0.47656_py_sx_16x17x25 start at Thu Aug 18 20:19:28 UTC 2016
Still working on ...
Simulation ManyBHfar_2bh_m1m2_0.47656_py_sx_16x17x25 end at Thu Aug 18 20:45:12 UTC 2016
Simulation ManyBHmid_2bh_m1m2_0.47656_py_sx_24x25x33 start at Thu Aug 18 20:45:12 UTC 2016
Still working on ...
Simulation ManyBHmid_2bh_m1m2_0.47656_py_sx_24x25x33 end at Thu Aug 18 22:50:24 UTC 2016
Simulation ManyBHfar_2bh_m1m2_0.47656_py_sx_24x25x33 start at Thu Aug 18 22:50:24 UTC 2016
Still working on ...
Simulation ManyBHfar_2bh_m1m2_0.47656_py_sx_24x25x33 end at Fri Aug 19 00:59:36 UTC 2016
Simulation ManyBHmid_2bh_m1m2_0.47656_py_sx_32x33x41 start at Fri Aug 19 00:59:36 UTC 2016
Still working on ...
Simulation ManyBHmid_2bh_m1m2_0.47656_py_sx_32x33x41 end at Fri Aug 19 09:37:25 UTC 2016
Simulation ManyBHfar_2bh_m1m2_0.47656_py_sx_32x33x41 start at Fri Aug 19 09:37:25 UTC 2016
Still working on ...
Simulation ManyBHfar_2bh_m1m2_0.47656_py_sx_32x33x41 end at Fri Aug 19 18:22:09 UTC 2016
Simulation ManyBHmid_2bh_m1m2_0.47656_py_sx_40x41x49 start at Fri Aug 19 18:22:09 UTC 2016
Still working on ...
Simulation ManyBHmid_2bh_m1m2_0.47656_py_sx_40x41x49 end at Sat Aug 20 04:24:46 UTC 2016
Simulation ManyBHfar_2bh_m1m2_0.47656_py_sx_40x41x49 start at Sat Aug 20 04:24:46 UTC 2016
Still working on ...
