Simulation 1bh_static_dx0.003125_0.0_near
Simulation start at  Mon Aug 8 06:05:32 UTC 2016
Simulation ManyBHnear_1bh_static_dx0.003125_0.0_near_2x3x5 start at Mon Aug 8 06:05:32 UTC 2016
Still working on ...
Simulation ManyBHnear_1bh_static_dx0.003125_0.0_near_2x3x5 end at Mon Aug 8 06:05:33 UTC 2016
Simulation ManyBHnear_1bh_static_dx0.003125_0.0_near_4x5x9 start at Mon Aug 8 06:05:33 UTC 2016
Still working on ...
Simulation ManyBHnear_1bh_static_dx0.003125_0.0_near_4x5x9 end at Mon Aug 8 06:05:36 UTC 2016
Simulation ManyBHnear_1bh_static_dx0.003125_0.0_near_12x13x17 start at Mon Aug 8 06:05:36 UTC 2016
Still working on ...
Simulation ManyBHnear_1bh_static_dx0.003125_0.0_near_12x13x17 end at Mon Aug 8 06:05:39 UTC 2016
Simulation ManyBHnear_1bh_static_dx0.003125_0.0_near_16x17x25 start at Mon Aug 8 06:05:39 UTC 2016
Still working on ...
Simulation ManyBHnear_1bh_static_dx0.003125_0.0_near_16x17x25 end at Mon Aug 8 06:05:43 UTC 2016
Simulation ManyBHnear_1bh_static_dx0.003125_0.0_near_24x25x33 start at Mon Aug 8 06:05:43 UTC 2016
Still working on ...
Simulation ManyBHnear_1bh_static_dx0.003125_0.0_near_24x25x33 end at Mon Aug 8 06:05:50 UTC 2016
Simulation ManyBHnear_1bh_static_dx0.003125_0.0_near_32x33x41 start at Mon Aug 8 06:05:50 UTC 2016
Still working on ...
Simulation ManyBHnear_1bh_static_dx0.003125_0.0_near_32x33x41 end at Mon Aug 8 06:06:01 UTC 2016
Simulation ManyBHnear_1bh_static_dx0.003125_0.0_near_40x41x49 start at Mon Aug 8 06:06:01 UTC 2016
Still working on ...
Simulation ManyBHnear_1bh_static_dx0.003125_0.0_near_40x41x49 end at Mon Aug 8 06:06:22 UTC 2016
Done!
