Simulation 1bh_p0.1_dx0.003125_convergence
Simulation start at  Mon Aug 15 21:53:40 UTC 2016
Simulation ManyBHnear_1bh_p0.1_dx0.003125_convergence_4x5x9 start at Mon Aug 15 21:53:40 UTC 2016
Still working on ...
Simulation ManyBHnear_1bh_p0.1_dx0.003125_convergence_4x5x9 end at Mon Aug 15 21:53:42 UTC 2016
Simulation ManyBHnear_1bh_p0.1_dx0.003125_convergence_8x9x13 start at Mon Aug 15 21:53:42 UTC 2016
Still working on ...
Simulation ManyBHnear_1bh_p0.1_dx0.003125_convergence_8x9x13 end at Mon Aug 15 21:53:44 UTC 2016
Simulation ManyBHnear_1bh_p0.1_dx0.003125_convergence_12x13x17 start at Mon Aug 15 21:53:44 UTC 2016
Still working on ...
Simulation ManyBHnear_1bh_p0.1_dx0.003125_convergence_12x13x17 end at Mon Aug 15 21:53:47 UTC 2016
Simulation ManyBHnear_1bh_p0.1_dx0.003125_convergence_16x17x25 start at Mon Aug 15 21:53:47 UTC 2016
Still working on ...
Simulation ManyBHnear_1bh_p0.1_dx0.003125_convergence_16x17x25 end at Mon Aug 15 21:53:52 UTC 2016
Simulation ManyBHnear_1bh_p0.1_dx0.003125_convergence_24x25x33 start at Mon Aug 15 21:53:52 UTC 2016
Still working on ...
Simulation ManyBHnear_1bh_p0.1_dx0.003125_convergence_24x25x33 end at Mon Aug 15 21:54:00 UTC 2016
Simulation ManyBHnear_1bh_p0.1_dx0.003125_convergence_32x33x41 start at Mon Aug 15 21:54:00 UTC 2016
Still working on ...
Simulation ManyBHnear_1bh_p0.1_dx0.003125_convergence_32x33x41 end at Mon Aug 15 21:54:14 UTC 2016
Simulation ManyBHnear_1bh_p0.1_dx0.003125_convergence_40x41x49 start at Mon Aug 15 21:54:14 UTC 2016
Still working on ...
Simulation ManyBHnear_1bh_p0.1_dx0.003125_convergence_40x41x49 end at Mon Aug 15 21:54:39 UTC 2016
Simulation ManyBHmid_1bh_p0.1_dx0.003125_convergence_4x5x9 start at Mon Aug 15 21:54:39 UTC 2016
Still working on ...
Simulation ManyBHmid_1bh_p0.1_dx0.003125_convergence_4x5x9 end at Mon Aug 15 21:54:44 UTC 2016
Simulation ManyBHmid_1bh_p0.1_dx0.003125_convergence_8x9x13 start at Mon Aug 15 21:54:44 UTC 2016
Still working on ...
Simulation ManyBHmid_1bh_p0.1_dx0.003125_convergence_8x9x13 end at Mon Aug 15 21:54:49 UTC 2016
Simulation ManyBHmid_1bh_p0.1_dx0.003125_convergence_12x13x17 start at Mon Aug 15 21:54:49 UTC 2016
Still working on ...
Simulation ManyBHmid_1bh_p0.1_dx0.003125_convergence_12x13x17 end at Mon Aug 15 21:54:55 UTC 2016
Simulation ManyBHmid_1bh_p0.1_dx0.003125_convergence_16x17x25 start at Mon Aug 15 21:54:55 UTC 2016
Still working on ...
Simulation ManyBHmid_1bh_p0.1_dx0.003125_convergence_16x17x25 end at Mon Aug 15 21:55:03 UTC 2016
Simulation ManyBHmid_1bh_p0.1_dx0.003125_convergence_24x25x33 start at Mon Aug 15 21:55:03 UTC 2016
Still working on ...
Simulation ManyBHmid_1bh_p0.1_dx0.003125_convergence_24x25x33 end at Mon Aug 15 21:55:15 UTC 2016
Simulation ManyBHmid_1bh_p0.1_dx0.003125_convergence_32x33x41 start at Mon Aug 15 21:55:15 UTC 2016
Still working on ...
Simulation ManyBHmid_1bh_p0.1_dx0.003125_convergence_32x33x41 end at Mon Aug 15 21:55:33 UTC 2016
Simulation ManyBHmid_1bh_p0.1_dx0.003125_convergence_40x41x49 start at Mon Aug 15 21:55:33 UTC 2016
Still working on ...
Simulation ManyBHmid_1bh_p0.1_dx0.003125_convergence_40x41x49 end at Mon Aug 15 21:56:05 UTC 2016
Simulation ManyBHfar_1bh_p0.1_dx0.003125_convergence_4x5x9 start at Mon Aug 15 21:56:05 UTC 2016
Still working on ...
Simulation ManyBHfar_1bh_p0.1_dx0.003125_convergence_4x5x9 end at Mon Aug 15 21:56:07 UTC 2016
Simulation ManyBHfar_1bh_p0.1_dx0.003125_convergence_8x9x13 start at Mon Aug 15 21:56:07 UTC 2016
Still working on ...
Simulation ManyBHfar_1bh_p0.1_dx0.003125_convergence_8x9x13 end at Mon Aug 15 21:56:09 UTC 2016
Simulation ManyBHfar_1bh_p0.1_dx0.003125_convergence_12x13x17 start at Mon Aug 15 21:56:09 UTC 2016
Still working on ...
Simulation ManyBHfar_1bh_p0.1_dx0.003125_convergence_12x13x17 end at Mon Aug 15 21:56:12 UTC 2016
Simulation ManyBHfar_1bh_p0.1_dx0.003125_convergence_16x17x25 start at Mon Aug 15 21:56:12 UTC 2016
Still working on ...
Simulation ManyBHfar_1bh_p0.1_dx0.003125_convergence_16x17x25 end at Mon Aug 15 21:56:17 UTC 2016
Simulation ManyBHfar_1bh_p0.1_dx0.003125_convergence_24x25x33 start at Mon Aug 15 21:56:17 UTC 2016
Still working on ...
Simulation ManyBHfar_1bh_p0.1_dx0.003125_convergence_24x25x33 end at Mon Aug 15 21:56:25 UTC 2016
Simulation ManyBHfar_1bh_p0.1_dx0.003125_convergence_32x33x41 start at Mon Aug 15 21:56:25 UTC 2016
Still working on ...
Simulation ManyBHfar_1bh_p0.1_dx0.003125_convergence_32x33x41 end at Mon Aug 15 21:56:39 UTC 2016
Simulation ManyBHfar_1bh_p0.1_dx0.003125_convergence_40x41x49 start at Mon Aug 15 21:56:39 UTC 2016
Still working on ...
Simulation ManyBHfar_1bh_p0.1_dx0.003125_convergence_40x41x49 end at Mon Aug 15 21:57:04 UTC 2016
Done!
