Simulation 1bh_p0.75_dx0.003125_near_convergencee
Simulation start at  Sun Aug 14 07:32:47 UTC 2016
Simulation ManyBHnear_1bh_p0.75_dx0.003125_near_convergencee_4x5x9 start at Sun Aug 14 07:32:47 UTC 2016
Still working on ...
Simulation ManyBHnear_1bh_p0.75_dx0.003125_near_convergencee_4x5x9 end at Sun Aug 14 07:32:49 UTC 2016
Simulation ManyBHnear_1bh_p0.75_dx0.003125_near_convergencee_8x9x13 start at Sun Aug 14 07:32:49 UTC 2016
Still working on ...
Simulation ManyBHnear_1bh_p0.75_dx0.003125_near_convergencee_8x9x13 end at Sun Aug 14 07:32:53 UTC 2016
Simulation ManyBHnear_1bh_p0.75_dx0.003125_near_convergencee_12x13x17 start at Sun Aug 14 07:32:53 UTC 2016
Still working on ...
Simulation ManyBHnear_1bh_p0.75_dx0.003125_near_convergencee_12x13x17 end at Sun Aug 14 07:32:58 UTC 2016
Simulation ManyBHnear_1bh_p0.75_dx0.003125_near_convergencee_16x17x25 start at Sun Aug 14 07:32:58 UTC 2016
Still working on ...
Simulation ManyBHnear_1bh_p0.75_dx0.003125_near_convergencee_16x17x25 end at Sun Aug 14 07:33:07 UTC 2016
Simulation ManyBHnear_1bh_p0.75_dx0.003125_near_convergencee_24x25x33 start at Sun Aug 14 07:33:07 UTC 2016
Still working on ...
Simulation ManyBHnear_1bh_p0.75_dx0.003125_near_convergencee_24x25x33 end at Sun Aug 14 07:33:24 UTC 2016
Simulation ManyBHnear_1bh_p0.75_dx0.003125_near_convergencee_32x33x41 start at Sun Aug 14 07:33:24 UTC 2016
Still working on ...
Simulation ManyBHnear_1bh_p0.75_dx0.003125_near_convergencee_32x33x41 end at Sun Aug 14 07:33:58 UTC 2016
Simulation ManyBHnear_1bh_p0.75_dx0.003125_near_convergencee_40x41x49 start at Sun Aug 14 07:33:58 UTC 2016
Still working on ...
Simulation ManyBHnear_1bh_p0.75_dx0.003125_near_convergencee_40x41x49 end at Sun Aug 14 07:34:59 UTC 2016
Simulation ManyBHmid_1bh_p0.75_dx0.003125_near_convergencee_4x5x9 start at Sun Aug 14 07:34:59 UTC 2016
Still working on ...
Simulation ManyBHmid_1bh_p0.75_dx0.003125_near_convergencee_4x5x9 end at Sun Aug 14 07:35:04 UTC 2016
Simulation ManyBHmid_1bh_p0.75_dx0.003125_near_convergencee_8x9x13 start at Sun Aug 14 07:35:04 UTC 2016
Still working on ...
Simulation ManyBHmid_1bh_p0.75_dx0.003125_near_convergencee_8x9x13 end at Sun Aug 14 07:35:10 UTC 2016
Simulation ManyBHmid_1bh_p0.75_dx0.003125_near_convergencee_12x13x17 start at Sun Aug 14 07:35:10 UTC 2016
Still working on ...
Simulation ManyBHmid_1bh_p0.75_dx0.003125_near_convergencee_12x13x17 end at Sun Aug 14 07:35:18 UTC 2016
Simulation ManyBHmid_1bh_p0.75_dx0.003125_near_convergencee_16x17x25 start at Sun Aug 14 07:35:18 UTC 2016
Still working on ...
Simulation ManyBHmid_1bh_p0.75_dx0.003125_near_convergencee_16x17x25 end at Sun Aug 14 07:35:30 UTC 2016
Simulation ManyBHmid_1bh_p0.75_dx0.003125_near_convergencee_24x25x33 start at Sun Aug 14 07:35:30 UTC 2016
Still working on ...
Simulation ManyBHmid_1bh_p0.75_dx0.003125_near_convergencee_24x25x33 end at Sun Aug 14 07:35:51 UTC 2016
Simulation ManyBHmid_1bh_p0.75_dx0.003125_near_convergencee_32x33x41 start at Sun Aug 14 07:35:51 UTC 2016
Still working on ...
Simulation ManyBHmid_1bh_p0.75_dx0.003125_near_convergencee_32x33x41 end at Sun Aug 14 07:36:29 UTC 2016
Simulation ManyBHmid_1bh_p0.75_dx0.003125_near_convergencee_40x41x49 start at Sun Aug 14 07:36:29 UTC 2016
Still working on ...
Simulation ManyBHmid_1bh_p0.75_dx0.003125_near_convergencee_40x41x49 end at Sun Aug 14 07:37:37 UTC 2016
Simulation ManyBHfar_1bh_p0.75_dx0.003125_near_convergencee_4x5x9 start at Sun Aug 14 07:37:37 UTC 2016
Still working on ...
Simulation ManyBHfar_1bh_p0.75_dx0.003125_near_convergencee_4x5x9 end at Sun Aug 14 07:37:39 UTC 2016
Simulation ManyBHfar_1bh_p0.75_dx0.003125_near_convergencee_8x9x13 start at Sun Aug 14 07:37:39 UTC 2016
Still working on ...
Simulation ManyBHfar_1bh_p0.75_dx0.003125_near_convergencee_8x9x13 end at Sun Aug 14 07:37:42 UTC 2016
Simulation ManyBHfar_1bh_p0.75_dx0.003125_near_convergencee_12x13x17 start at Sun Aug 14 07:37:42 UTC 2016
Still working on ...
Simulation ManyBHfar_1bh_p0.75_dx0.003125_near_convergencee_12x13x17 end at Sun Aug 14 07:37:47 UTC 2016
Simulation ManyBHfar_1bh_p0.75_dx0.003125_near_convergencee_16x17x25 start at Sun Aug 14 07:37:47 UTC 2016
Still working on ...
Simulation ManyBHfar_1bh_p0.75_dx0.003125_near_convergencee_16x17x25 end at Sun Aug 14 07:37:56 UTC 2016
Simulation ManyBHfar_1bh_p0.75_dx0.003125_near_convergencee_24x25x33 start at Sun Aug 14 07:37:56 UTC 2016
Still working on ...
Simulation ManyBHfar_1bh_p0.75_dx0.003125_near_convergencee_24x25x33 end at Sun Aug 14 07:38:14 UTC 2016
Simulation ManyBHfar_1bh_p0.75_dx0.003125_near_convergencee_32x33x41 start at Sun Aug 14 07:38:14 UTC 2016
Still working on ...
Simulation ManyBHfar_1bh_p0.75_dx0.003125_near_convergencee_32x33x41 end at Sun Aug 14 07:38:47 UTC 2016
Simulation ManyBHfar_1bh_p0.75_dx0.003125_near_convergencee_40x41x49 start at Sun Aug 14 07:38:47 UTC 2016
Still working on ...
Simulation ManyBHfar_1bh_p0.75_dx0.003125_near_convergencee_40x41x49 end at Sun Aug 14 07:39:49 UTC 2016
Done!
