Simulation 1bh_boosted0.1_away0.5_dx0.0015625_convergence
Simulation start at  Fri Aug 12 22:26:27 UTC 2016
Simulation twopunnear_1bh_boosted0.1_away0.5_dx0.0015625_convergence_20 start at Fri Aug 12 22:26:27 UTC 2016
Still working on ...
Simulation twopunnear_1bh_boosted0.1_away0.5_dx0.0015625_convergence_20 end at Fri Aug 12 22:27:00 UTC 2016
Simulation twopunnear_1bh_boosted0.1_away0.5_dx0.0015625_convergence_30 start at Fri Aug 12 22:27:00 UTC 2016
Still working on ...
Simulation twopunnear_1bh_boosted0.1_away0.5_dx0.0015625_convergence_30 end at Fri Aug 12 22:29:49 UTC 2016
Simulation twopunnear_1bh_boosted0.1_away0.5_dx0.0015625_convergence_40 start at Fri Aug 12 22:29:49 UTC 2016
Still working on ...
Simulation twopunnear_1bh_boosted0.1_away0.5_dx0.0015625_convergence_40 end at Fri Aug 12 22:39:27 UTC 2016
Simulation twopunnear_1bh_boosted0.1_away0.5_dx0.0015625_convergence_50 start at Fri Aug 12 22:39:27 UTC 2016
Still working on ...
Simulation twopunnear_1bh_boosted0.1_away0.5_dx0.0015625_convergence_50 end at Fri Aug 12 23:06:43 UTC 2016
Simulation ManyBHnear_1bh_boosted0.1_away0.5_dx0.0015625_convergence_4x5x9 start at Fri Aug 12 23:06:43 UTC 2016
Still working on ...
Simulation ManyBHnear_1bh_boosted0.1_away0.5_dx0.0015625_convergence_4x5x9 end at Fri Aug 12 23:06:46 UTC 2016
Simulation ManyBHnear_1bh_boosted0.1_away0.5_dx0.0015625_convergence_12x13x17 start at Fri Aug 12 23:06:46 UTC 2016
Still working on ...
Simulation ManyBHnear_1bh_boosted0.1_away0.5_dx0.0015625_convergence_12x13x17 end at Fri Aug 12 23:06:50 UTC 2016
Simulation ManyBHnear_1bh_boosted0.1_away0.5_dx0.0015625_convergence_16x17x25 start at Fri Aug 12 23:06:50 UTC 2016
Still working on ...
Simulation ManyBHnear_1bh_boosted0.1_away0.5_dx0.0015625_convergence_16x17x25 end at Fri Aug 12 23:06:55 UTC 2016
Simulation ManyBHnear_1bh_boosted0.1_away0.5_dx0.0015625_convergence_24x25x33 start at Fri Aug 12 23:06:55 UTC 2016
Still working on ...
Simulation ManyBHnear_1bh_boosted0.1_away0.5_dx0.0015625_convergence_24x25x33 end at Fri Aug 12 23:07:05 UTC 2016
Simulation ManyBHnear_1bh_boosted0.1_away0.5_dx0.0015625_convergence_32x33x41 start at Fri Aug 12 23:07:05 UTC 2016
Still working on ...
Simulation ManyBHnear_1bh_boosted0.1_away0.5_dx0.0015625_convergence_32x33x41 end at Fri Aug 12 23:07:23 UTC 2016
Simulation ManyBHnear_1bh_boosted0.1_away0.5_dx0.0015625_convergence_40x41x49 start at Fri Aug 12 23:07:23 UTC 2016
Still working on ...
Simulation ManyBHnear_1bh_boosted0.1_away0.5_dx0.0015625_convergence_40x41x49 end at Fri Aug 12 23:07:56 UTC 2016
Simulation twopunmid_1bh_boosted0.1_away0.5_dx0.0015625_convergence_20 start at Fri Aug 12 23:07:56 UTC 2016
Still working on ...
Simulation twopunmid_1bh_boosted0.1_away0.5_dx0.0015625_convergence_20 end at Fri Aug 12 23:08:28 UTC 2016
Simulation twopunmid_1bh_boosted0.1_away0.5_dx0.0015625_convergence_30 start at Fri Aug 12 23:08:28 UTC 2016
Still working on ...
Simulation twopunmid_1bh_boosted0.1_away0.5_dx0.0015625_convergence_30 end at Fri Aug 12 23:11:18 UTC 2016
Simulation twopunmid_1bh_boosted0.1_away0.5_dx0.0015625_convergence_40 start at Fri Aug 12 23:11:18 UTC 2016
Still working on ...
Simulation twopunmid_1bh_boosted0.1_away0.5_dx0.0015625_convergence_40 end at Fri Aug 12 23:21:03 UTC 2016
Simulation twopunmid_1bh_boosted0.1_away0.5_dx0.0015625_convergence_50 start at Fri Aug 12 23:21:03 UTC 2016
Still working on ...
Simulation twopunmid_1bh_boosted0.1_away0.5_dx0.0015625_convergence_50 end at Fri Aug 12 23:48:19 UTC 2016
Simulation ManyBHmid_1bh_boosted0.1_away0.5_dx0.0015625_convergence_4x5x9 start at Fri Aug 12 23:48:19 UTC 2016
Still working on ...
Simulation ManyBHmid_1bh_boosted0.1_away0.5_dx0.0015625_convergence_4x5x9 end at Fri Aug 12 23:48:24 UTC 2016
Simulation ManyBHmid_1bh_boosted0.1_away0.5_dx0.0015625_convergence_12x13x17 start at Fri Aug 12 23:48:24 UTC 2016
Still working on ...
Simulation ManyBHmid_1bh_boosted0.1_away0.5_dx0.0015625_convergence_12x13x17 end at Fri Aug 12 23:48:29 UTC 2016
Simulation ManyBHmid_1bh_boosted0.1_away0.5_dx0.0015625_convergence_16x17x25 start at Fri Aug 12 23:48:29 UTC 2016
Still working on ...
Simulation ManyBHmid_1bh_boosted0.1_away0.5_dx0.0015625_convergence_16x17x25 end at Fri Aug 12 23:48:37 UTC 2016
Simulation ManyBHmid_1bh_boosted0.1_away0.5_dx0.0015625_convergence_24x25x33 start at Fri Aug 12 23:48:37 UTC 2016
Still working on ...
Simulation ManyBHmid_1bh_boosted0.1_away0.5_dx0.0015625_convergence_24x25x33 end at Fri Aug 12 23:48:48 UTC 2016
Simulation ManyBHmid_1bh_boosted0.1_away0.5_dx0.0015625_convergence_32x33x41 start at Fri Aug 12 23:48:48 UTC 2016
Still working on ...
Simulation ManyBHmid_1bh_boosted0.1_away0.5_dx0.0015625_convergence_32x33x41 end at Fri Aug 12 23:49:04 UTC 2016
Simulation ManyBHmid_1bh_boosted0.1_away0.5_dx0.0015625_convergence_40x41x49 start at Fri Aug 12 23:49:04 UTC 2016
Still working on ...
Simulation ManyBHmid_1bh_boosted0.1_away0.5_dx0.0015625_convergence_40x41x49 end at Fri Aug 12 23:49:04 UTC 2016
Simulation twopunfar_1bh_boosted0.1_away0.5_dx0.0015625_convergence_20 start at Fri Aug 12 23:49:04 UTC 2016
Still working on ...
Simulation twopunfar_1bh_boosted0.1_away0.5_dx0.0015625_convergence_20 end at Fri Aug 12 23:49:05 UTC 2016
Simulation twopunfar_1bh_boosted0.1_away0.5_dx0.0015625_convergence_30 start at Fri Aug 12 23:49:05 UTC 2016
Still working on ...
Simulation twopunfar_1bh_boosted0.1_away0.5_dx0.0015625_convergence_30 end at Fri Aug 12 23:49:05 UTC 2016
Simulation twopunfar_1bh_boosted0.1_away0.5_dx0.0015625_convergence_40 start at Fri Aug 12 23:49:05 UTC 2016
Still working on ...
Simulation twopunfar_1bh_boosted0.1_away0.5_dx0.0015625_convergence_40 end at Fri Aug 12 23:49:06 UTC 2016
Simulation twopunfar_1bh_boosted0.1_away0.5_dx0.0015625_convergence_50 start at Fri Aug 12 23:49:06 UTC 2016
Still working on ...
Simulation twopunfar_1bh_boosted0.1_away0.5_dx0.0015625_convergence_50 end at Fri Aug 12 23:49:06 UTC 2016
Simulation ManyBHfar_1bh_boosted0.1_away0.5_dx0.0015625_convergence_4x5x9 start at Fri Aug 12 23:49:06 UTC 2016
Still working on ...
Simulation ManyBHfar_1bh_boosted0.1_away0.5_dx0.0015625_convergence_4x5x9 end at Fri Aug 12 23:49:07 UTC 2016
Simulation ManyBHfar_1bh_boosted0.1_away0.5_dx0.0015625_convergence_12x13x17 start at Fri Aug 12 23:49:07 UTC 2016
Still working on ...
Simulation ManyBHfar_1bh_boosted0.1_away0.5_dx0.0015625_convergence_12x13x17 end at Fri Aug 12 23:49:07 UTC 2016
Simulation ManyBHfar_1bh_boosted0.1_away0.5_dx0.0015625_convergence_16x17x25 start at Fri Aug 12 23:49:07 UTC 2016
Still working on ...
Simulation ManyBHfar_1bh_boosted0.1_away0.5_dx0.0015625_convergence_16x17x25 end at Fri Aug 12 23:49:08 UTC 2016
Simulation ManyBHfar_1bh_boosted0.1_away0.5_dx0.0015625_convergence_24x25x33 start at Fri Aug 12 23:49:08 UTC 2016
Still working on ...
Simulation ManyBHfar_1bh_boosted0.1_away0.5_dx0.0015625_convergence_24x25x33 end at Fri Aug 12 23:49:08 UTC 2016
Simulation ManyBHfar_1bh_boosted0.1_away0.5_dx0.0015625_convergence_32x33x41 start at Fri Aug 12 23:49:08 UTC 2016
Still working on ...
Simulation ManyBHfar_1bh_boosted0.1_away0.5_dx0.0015625_convergence_32x33x41 end at Fri Aug 12 23:49:09 UTC 2016
Simulation ManyBHfar_1bh_boosted0.1_away0.5_dx0.0015625_convergence_40x41x49 start at Fri Aug 12 23:49:09 UTC 2016
Still working on ...
Simulation ManyBHfar_1bh_boosted0.1_away0.5_dx0.0015625_convergence_40x41x49 end at Fri Aug 12 23:49:09 UTC 2016
Done!
