Simulation 1bh_p0.75_nos
Simulation start at  Mon Jul 4 20:57:15 UTC 2016
Simulation ManyBHnear_1bh_p0.75_nos_12x13x17 start at Mon Jul 4 20:57:15 UTC 2016
Still working on ...
Simulation ManyBHnear_1bh_p0.75_nos_12x13x17 end at Mon Jul 4 21:01:10 UTC 2016
Simulation ManyBHnear_1bh_p0.75_nos_16x17x25 start at Mon Jul 4 21:01:10 UTC 2016
Still working on ...
Simulation ManyBHnear_1bh_p0.75_nos_16x17x25 end at Mon Jul 4 21:08:12 UTC 2016
Simulation ManyBHnear_1bh_p0.75_nos_24x25x33 start at Mon Jul 4 21:08:12 UTC 2016
Still working on ...
Simulation ManyBHnear_1bh_p0.75_nos_24x25x33 end at Mon Jul 4 21:24:16 UTC 2016
Simulation ManyBHnear_1bh_p0.75_nos_32x33x41 start at Mon Jul 4 21:24:16 UTC 2016
Still working on ...
Simulation ManyBHnear_1bh_p0.75_nos_32x33x41 end at Mon Jul 4 21:56:08 UTC 2016
Simulation ManyBHnear_1bh_p0.75_nos_40x41x49 start at Mon Jul 4 21:56:08 UTC 2016
Still working on ...
Simulation ManyBHnear_1bh_p0.75_nos_40x41x49 end at Mon Jul 4 22:55:43 UTC 2016
Simulation ManyBHmid_1bh_p0.75_nos_12x13x17 start at Mon Jul 4 22:55:43 UTC 2016
Still working on ...
Simulation ManyBHmid_1bh_p0.75_nos_12x13x17 end at Mon Jul 4 22:59:49 UTC 2016
Simulation ManyBHmid_1bh_p0.75_nos_16x17x25 start at Mon Jul 4 22:59:49 UTC 2016
Still working on ...
Simulation ManyBHmid_1bh_p0.75_nos_16x17x25 end at Mon Jul 4 23:06:51 UTC 2016
Simulation ManyBHmid_1bh_p0.75_nos_24x25x33 start at Mon Jul 4 23:06:51 UTC 2016
Still working on ...
Simulation ManyBHmid_1bh_p0.75_nos_24x25x33 end at Mon Jul 4 23:23:15 UTC 2016
Simulation ManyBHmid_1bh_p0.75_nos_32x33x41 start at Mon Jul 4 23:23:15 UTC 2016
Still working on ...
Simulation ManyBHmid_1bh_p0.75_nos_32x33x41 end at Mon Jul 4 23:55:22 UTC 2016
Simulation ManyBHmid_1bh_p0.75_nos_40x41x49 start at Mon Jul 4 23:55:22 UTC 2016
Still working on ...
Simulation ManyBHmid_1bh_p0.75_nos_40x41x49 end at Tue Jul 5 00:55:14 UTC 2016
Simulation ManyBHfar_1bh_p0.75_nos_12x13x17 start at Tue Jul 5 00:55:14 UTC 2016
Still working on ...
Simulation ManyBHfar_1bh_p0.75_nos_12x13x17 end at Tue Jul 5 00:59:11 UTC 2016
Simulation ManyBHfar_1bh_p0.75_nos_16x17x25 start at Tue Jul 5 00:59:11 UTC 2016
Still working on ...
Simulation ManyBHfar_1bh_p0.75_nos_16x17x25 end at Tue Jul 5 01:06:03 UTC 2016
Simulation ManyBHfar_1bh_p0.75_nos_24x25x33 start at Tue Jul 5 01:06:03 UTC 2016
Still working on ...
Simulation ManyBHfar_1bh_p0.75_nos_24x25x33 end at Tue Jul 5 01:22:27 UTC 2016
Simulation ManyBHfar_1bh_p0.75_nos_32x33x41 start at Tue Jul 5 01:22:27 UTC 2016
Still working on ...
Simulation ManyBHfar_1bh_p0.75_nos_32x33x41 end at Tue Jul 5 01:54:24 UTC 2016
Simulation ManyBHfar_1bh_p0.75_nos_40x41x49 start at Tue Jul 5 01:54:25 UTC 2016
Still working on ...
Simulation ManyBHfar_1bh_p0.75_nos_40x41x49 end at Tue Jul 5 02:51:18 UTC 2016
Done!
