Simulation 1bh_static_out1D_0.25_dx0.0015625_near
Simulation start at  Fri Jul 8 05:45:04 UTC 2016
Simulation ManyBHnear_1bh_static_out1D_0.25_dx0.0015625_near_12x13x17 start at Fri Jul 8 05:45:04 UTC 2016
Still working on ...
Simulation ManyBHnear_1bh_static_out1D_0.25_dx0.0015625_near_12x13x17 end at Fri Jul 8 05:45:07 UTC 2016
Simulation ManyBHnear_1bh_static_out1D_0.25_dx0.0015625_near_16x17x25 start at Fri Jul 8 05:45:07 UTC 2016
Still working on ...
Simulation ManyBHnear_1bh_static_out1D_0.25_dx0.0015625_near_16x17x25 end at Fri Jul 8 05:45:10 UTC 2016
Simulation ManyBHnear_1bh_static_out1D_0.25_dx0.0015625_near_24x25x33 start at Fri Jul 8 05:45:10 UTC 2016
Still working on ...
Simulation ManyBHnear_1bh_static_out1D_0.25_dx0.0015625_near_24x25x33 end at Fri Jul 8 05:45:15 UTC 2016
Simulation ManyBHnear_1bh_static_out1D_0.25_dx0.0015625_near_32x33x41 start at Fri Jul 8 05:45:15 UTC 2016
Still working on ...
Simulation ManyBHnear_1bh_static_out1D_0.25_dx0.0015625_near_32x33x41 end at Fri Jul 8 05:45:22 UTC 2016
Simulation ManyBHnear_1bh_static_out1D_0.25_dx0.0015625_near_40x41x49 start at Fri Jul 8 05:45:22 UTC 2016
Still working on ...
Simulation ManyBHnear_1bh_static_out1D_0.25_dx0.0015625_near_40x41x49 end at Fri Jul 8 05:45:36 UTC 2016
Simulation ManyBHmid_1bh_static_out1D_0.25_dx0.0015625_near_12x13x17 start at Fri Jul 8 05:45:36 UTC 2016
Still working on ...
Simulation ManyBHmid_1bh_static_out1D_0.25_dx0.0015625_near_12x13x17 end at Fri Jul 8 05:45:41 UTC 2016
Simulation ManyBHmid_1bh_static_out1D_0.25_dx0.0015625_near_16x17x25 start at Fri Jul 8 05:45:41 UTC 2016
Still working on ...
Simulation ManyBHmid_1bh_static_out1D_0.25_dx0.0015625_near_16x17x25 end at Fri Jul 8 05:45:47 UTC 2016
Simulation ManyBHmid_1bh_static_out1D_0.25_dx0.0015625_near_24x25x33 start at Fri Jul 8 05:45:47 UTC 2016
Still working on ...
Simulation ManyBHmid_1bh_static_out1D_0.25_dx0.0015625_near_24x25x33 end at Fri Jul 8 05:45:55 UTC 2016
Simulation ManyBHmid_1bh_static_out1D_0.25_dx0.0015625_near_32x33x41 start at Fri Jul 8 05:45:55 UTC 2016
Still working on ...
Simulation ManyBHmid_1bh_static_out1D_0.25_dx0.0015625_near_32x33x41 end at Fri Jul 8 05:46:06 UTC 2016
Simulation ManyBHmid_1bh_static_out1D_0.25_dx0.0015625_near_40x41x49 start at Fri Jul 8 05:46:06 UTC 2016
Still working on ...
Simulation ManyBHmid_1bh_static_out1D_0.25_dx0.0015625_near_40x41x49 end at Fri Jul 8 05:46:26 UTC 2016
Simulation ManyBHfar_1bh_static_out1D_0.25_dx0.0015625_near_12x13x17 start at Fri Jul 8 05:46:26 UTC 2016
Still working on ...
Simulation ManyBHfar_1bh_static_out1D_0.25_dx0.0015625_near_12x13x17 end at Fri Jul 8 05:46:28 UTC 2016
Simulation ManyBHfar_1bh_static_out1D_0.25_dx0.0015625_near_16x17x25 start at Fri Jul 8 05:46:28 UTC 2016
Still working on ...
Simulation ManyBHfar_1bh_static_out1D_0.25_dx0.0015625_near_16x17x25 end at Fri Jul 8 05:46:31 UTC 2016
Simulation ManyBHfar_1bh_static_out1D_0.25_dx0.0015625_near_24x25x33 start at Fri Jul 8 05:46:31 UTC 2016
Still working on ...
Simulation ManyBHfar_1bh_static_out1D_0.25_dx0.0015625_near_24x25x33 end at Fri Jul 8 05:46:36 UTC 2016
Simulation ManyBHfar_1bh_static_out1D_0.25_dx0.0015625_near_32x33x41 start at Fri Jul 8 05:46:36 UTC 2016
Still working on ...
Simulation ManyBHfar_1bh_static_out1D_0.25_dx0.0015625_near_32x33x41 end at Fri Jul 8 05:46:44 UTC 2016
Simulation ManyBHfar_1bh_static_out1D_0.25_dx0.0015625_near_40x41x49 start at Fri Jul 8 05:46:44 UTC 2016
Still working on ...
Simulation ManyBHfar_1bh_static_out1D_0.25_dx0.0015625_near_40x41x49 end at Fri Jul 8 05:46:57 UTC 2016
Done!
