Simulation 1bh_p0.1_nos
Simulation start at  Mon Jul 4 20:55:55 UTC 2016
Simulation ManyBHnear_1bh_p0.1_nos_12x13x17 start at Mon Jul 4 20:55:55 UTC 2016
Still working on ...
Simulation ManyBHnear_1bh_p0.1_nos_12x13x17 end at Mon Jul 4 20:59:02 UTC 2016
Simulation ManyBHnear_1bh_p0.1_nos_16x17x25 start at Mon Jul 4 20:59:02 UTC 2016
Still working on ...
Simulation ManyBHnear_1bh_p0.1_nos_16x17x25 end at Mon Jul 4 21:06:19 UTC 2016
Simulation ManyBHnear_1bh_p0.1_nos_24x25x33 start at Mon Jul 4 21:06:19 UTC 2016
Still working on ...
Simulation ManyBHnear_1bh_p0.1_nos_24x25x33 end at Mon Jul 4 21:22:42 UTC 2016
Simulation ManyBHnear_1bh_p0.1_nos_32x33x41 start at Mon Jul 4 21:22:42 UTC 2016
Still working on ...
Simulation ManyBHnear_1bh_p0.1_nos_32x33x41 end at Mon Jul 4 21:54:41 UTC 2016
Simulation ManyBHnear_1bh_p0.1_nos_40x41x49 start at Mon Jul 4 21:54:41 UTC 2016
Still working on ...
Simulation ManyBHnear_1bh_p0.1_nos_40x41x49 end at Mon Jul 4 22:53:36 UTC 2016
Simulation ManyBHmid_1bh_p0.1_nos_12x13x17 start at Mon Jul 4 22:53:36 UTC 2016
Still working on ...
Simulation ManyBHmid_1bh_p0.1_nos_12x13x17 end at Mon Jul 4 22:57:32 UTC 2016
Simulation ManyBHmid_1bh_p0.1_nos_16x17x25 start at Mon Jul 4 22:57:32 UTC 2016
Still working on ...
Simulation ManyBHmid_1bh_p0.1_nos_16x17x25 end at Mon Jul 4 23:04:55 UTC 2016
Simulation ManyBHmid_1bh_p0.1_nos_24x25x33 start at Mon Jul 4 23:04:55 UTC 2016
Still working on ...
Simulation ManyBHmid_1bh_p0.1_nos_24x25x33 end at Mon Jul 4 23:21:27 UTC 2016
Simulation ManyBHmid_1bh_p0.1_nos_32x33x41 start at Mon Jul 4 23:21:28 UTC 2016
Still working on ...
Simulation ManyBHmid_1bh_p0.1_nos_32x33x41 end at Mon Jul 4 23:53:55 UTC 2016
Simulation ManyBHmid_1bh_p0.1_nos_40x41x49 start at Mon Jul 4 23:53:55 UTC 2016
Still working on ...
Simulation ManyBHmid_1bh_p0.1_nos_40x41x49 end at Tue Jul 5 00:52:32 UTC 2016
Simulation ManyBHfar_1bh_p0.1_nos_12x13x17 start at Tue Jul 5 00:52:32 UTC 2016
Still working on ...
Simulation ManyBHfar_1bh_p0.1_nos_12x13x17 end at Tue Jul 5 00:56:01 UTC 2016
Simulation ManyBHfar_1bh_p0.1_nos_16x17x25 start at Tue Jul 5 00:56:01 UTC 2016
Still working on ...
Simulation ManyBHfar_1bh_p0.1_nos_16x17x25 end at Tue Jul 5 01:03:29 UTC 2016
Simulation ManyBHfar_1bh_p0.1_nos_24x25x33 start at Tue Jul 5 01:03:29 UTC 2016
Still working on ...
Simulation ManyBHfar_1bh_p0.1_nos_24x25x33 end at Tue Jul 5 01:19:52 UTC 2016
Simulation ManyBHfar_1bh_p0.1_nos_32x33x41 start at Tue Jul 5 01:19:52 UTC 2016
Still working on ...
Simulation ManyBHfar_1bh_p0.1_nos_32x33x41 end at Tue Jul 5 01:52:06 UTC 2016
Simulation ManyBHfar_1bh_p0.1_nos_40x41x49 start at Tue Jul 5 01:52:06 UTC 2016
Still working on ...
Simulation ManyBHfar_1bh_p0.1_nos_40x41x49 end at Tue Jul 5 02:50:23 UTC 2016
Done!
