Simulation 1bh_p0.1_dx0.0015625_near
Simulation start at  Tue Aug 9 21:16:43 UTC 2016
Simulation ManyBHnear_1bh_p0.1_dx0.0015625_near_4x5x9 start at Tue Aug 9 21:16:43 UTC 2016
Still working on ...
Simulation ManyBHnear_1bh_p0.1_dx0.0015625_near_4x5x9 end at Tue Aug 9 21:16:46 UTC 2016
Simulation ManyBHnear_1bh_p0.1_dx0.0015625_near_12x13x17 start at Tue Aug 9 21:16:46 UTC 2016
Still working on ...
Simulation ManyBHnear_1bh_p0.1_dx0.0015625_near_12x13x17 end at Tue Aug 9 21:16:50 UTC 2016
Simulation ManyBHnear_1bh_p0.1_dx0.0015625_near_16x17x25 start at Tue Aug 9 21:16:50 UTC 2016
Still working on ...
Simulation ManyBHnear_1bh_p0.1_dx0.0015625_near_16x17x25 end at Tue Aug 9 21:16:55 UTC 2016
Simulation ManyBHnear_1bh_p0.1_dx0.0015625_near_24x25x33 start at Tue Aug 9 21:16:55 UTC 2016
Still working on ...
Simulation ManyBHnear_1bh_p0.1_dx0.0015625_near_24x25x33 end at Tue Aug 9 21:17:06 UTC 2016
Simulation ManyBHnear_1bh_p0.1_dx0.0015625_near_32x33x41 start at Tue Aug 9 21:17:06 UTC 2016
Still working on ...
Simulation ManyBHnear_1bh_p0.1_dx0.0015625_near_32x33x41 end at Tue Aug 9 21:17:24 UTC 2016
Simulation ManyBHnear_1bh_p0.1_dx0.0015625_near_40x41x49 start at Tue Aug 9 21:17:24 UTC 2016
Still working on ...
Simulation ManyBHnear_1bh_p0.1_dx0.0015625_near_40x41x49 end at Tue Aug 9 21:17:56 UTC 2016
Simulation ManyBHmid_1bh_p0.1_dx0.0015625_near_4x5x9 start at Tue Aug 9 21:17:56 UTC 2016
Still working on ...
Simulation ManyBHmid_1bh_p0.1_dx0.0015625_near_4x5x9 end at Tue Aug 9 21:18:01 UTC 2016
Simulation ManyBHmid_1bh_p0.1_dx0.0015625_near_12x13x17 start at Tue Aug 9 21:18:01 UTC 2016
Still working on ...
Simulation ManyBHmid_1bh_p0.1_dx0.0015625_near_12x13x17 end at Tue Aug 9 21:18:07 UTC 2016
Simulation ManyBHmid_1bh_p0.1_dx0.0015625_near_16x17x25 start at Tue Aug 9 21:18:07 UTC 2016
Still working on ...
Simulation ManyBHmid_1bh_p0.1_dx0.0015625_near_16x17x25 end at Tue Aug 9 21:18:15 UTC 2016
Simulation ManyBHmid_1bh_p0.1_dx0.0015625_near_24x25x33 start at Tue Aug 9 21:18:15 UTC 2016
Still working on ...
Simulation ManyBHmid_1bh_p0.1_dx0.0015625_near_24x25x33 end at Tue Aug 9 21:18:26 UTC 2016
Simulation ManyBHmid_1bh_p0.1_dx0.0015625_near_32x33x41 start at Tue Aug 9 21:18:26 UTC 2016
Still working on ...
Simulation ManyBHmid_1bh_p0.1_dx0.0015625_near_32x33x41 end at Tue Aug 9 21:18:45 UTC 2016
Simulation ManyBHmid_1bh_p0.1_dx0.0015625_near_40x41x49 start at Tue Aug 9 21:18:45 UTC 2016
Still working on ...
Simulation ManyBHmid_1bh_p0.1_dx0.0015625_near_40x41x49 end at Tue Aug 9 21:19:17 UTC 2016
Simulation ManyBHfar_1bh_p0.1_dx0.0015625_near_4x5x9 start at Tue Aug 9 21:19:17 UTC 2016
Still working on ...
Simulation ManyBHfar_1bh_p0.1_dx0.0015625_near_4x5x9 end at Tue Aug 9 21:19:19 UTC 2016
Simulation ManyBHfar_1bh_p0.1_dx0.0015625_near_12x13x17 start at Tue Aug 9 21:19:19 UTC 2016
Still working on ...
Simulation ManyBHfar_1bh_p0.1_dx0.0015625_near_12x13x17 end at Tue Aug 9 21:19:22 UTC 2016
Simulation ManyBHfar_1bh_p0.1_dx0.0015625_near_16x17x25 start at Tue Aug 9 21:19:22 UTC 2016
Still working on ...
Simulation ManyBHfar_1bh_p0.1_dx0.0015625_near_16x17x25 end at Tue Aug 9 21:19:26 UTC 2016
Simulation ManyBHfar_1bh_p0.1_dx0.0015625_near_24x25x33 start at Tue Aug 9 21:19:26 UTC 2016
Still working on ...
Simulation ManyBHfar_1bh_p0.1_dx0.0015625_near_24x25x33 end at Tue Aug 9 21:19:35 UTC 2016
Simulation ManyBHfar_1bh_p0.1_dx0.0015625_near_32x33x41 start at Tue Aug 9 21:19:35 UTC 2016
Still working on ...
Simulation ManyBHfar_1bh_p0.1_dx0.0015625_near_32x33x41 end at Tue Aug 9 21:19:49 UTC 2016
Simulation ManyBHfar_1bh_p0.1_dx0.0015625_near_40x41x49 start at Tue Aug 9 21:19:49 UTC 2016
Still working on ...
Simulation ManyBHfar_1bh_p0.1_dx0.0015625_near_40x41x49 end at Tue Aug 9 21:20:15 UTC 2016
Done!
