Simulation 1bh_nop_nos
Simulation start at  Thu Jun 30 17:12:46 UTC 2016
Simulation twopunnear_1bh_nop_nos_20 start at Thu Jun 30 17:12:46 UTC 2016
Still working on ...
Simulation twopunnear_1bh_nop_nos_20 end at Thu Jun 30 17:12:50 UTC 2016
Simulation twopunnear_1bh_nop_nos_30 start at Thu Jun 30 17:12:50 UTC 2016
Still working on ...
Simulation twopunnear_1bh_nop_nos_30 end at Thu Jun 30 17:13:05 UTC 2016
Simulation twopunnear_1bh_nop_nos_40 start at Thu Jun 30 17:13:05 UTC 2016
Still working on ...
Simulation twopunnear_1bh_nop_nos_40 end at Thu Jun 30 17:13:44 UTC 2016
Simulation ManyBHnear_1bh_nop_nos_12x13x17 start at Thu Jun 30 17:13:44 UTC 2016
Still working on ...
Simulation ManyBHnear_1bh_nop_nos_12x13x17 end at Thu Jun 30 17:13:46 UTC 2016
Simulation ManyBHnear_1bh_nop_nos_16x17x25 start at Thu Jun 30 17:13:46 UTC 2016
Still working on ...
Simulation ManyBHnear_1bh_nop_nos_16x17x25 end at Thu Jun 30 17:13:49 UTC 2016
Simulation ManyBHnear_1bh_nop_nos_24x25x33 start at Thu Jun 30 17:13:49 UTC 2016
Still working on ...
Simulation ManyBHnear_1bh_nop_nos_24x25x33 end at Thu Jun 30 17:13:54 UTC 2016
Simulation ManyBHnear_1bh_nop_nos_32x33x41 start at Thu Jun 30 17:13:54 UTC 2016
Still working on ...
Simulation ManyBHnear_1bh_nop_nos_32x33x41 end at Thu Jun 30 17:14:01 UTC 2016
Simulation ManyBHnear_1bh_nop_nos_40x41x49 start at Thu Jun 30 17:14:01 UTC 2016
Still working on ...
Simulation ManyBHnear_1bh_nop_nos_40x41x49 end at Thu Jun 30 17:14:13 UTC 2016
Simulation twopunmid_1bh_nop_nos_20 start at Thu Jun 30 17:14:13 UTC 2016
Still working on ...
Simulation twopunmid_1bh_nop_nos_20 end at Thu Jun 30 17:14:19 UTC 2016
Simulation twopunmid_1bh_nop_nos_30 start at Thu Jun 30 17:14:19 UTC 2016
Still working on ...
Simulation twopunmid_1bh_nop_nos_30 end at Thu Jun 30 17:14:38 UTC 2016
Simulation twopunmid_1bh_nop_nos_40 start at Thu Jun 30 17:14:38 UTC 2016
Still working on ...
Simulation twopunmid_1bh_nop_nos_40 end at Thu Jun 30 17:15:29 UTC 2016
Simulation ManyBHmid_1bh_nop_nos_12x13x17 start at Thu Jun 30 17:15:29 UTC 2016
Still working on ...
Simulation ManyBHmid_1bh_nop_nos_12x13x17 end at Thu Jun 30 17:15:34 UTC 2016
Simulation ManyBHmid_1bh_nop_nos_16x17x25 start at Thu Jun 30 17:15:34 UTC 2016
Still working on ...
Simulation ManyBHmid_1bh_nop_nos_16x17x25 end at Thu Jun 30 17:15:40 UTC 2016
Simulation ManyBHmid_1bh_nop_nos_24x25x33 start at Thu Jun 30 17:15:40 UTC 2016
Still working on ...
Simulation ManyBHmid_1bh_nop_nos_24x25x33 end at Thu Jun 30 17:15:48 UTC 2016
Simulation ManyBHmid_1bh_nop_nos_32x33x41 start at Thu Jun 30 17:15:48 UTC 2016
Still working on ...
Simulation ManyBHmid_1bh_nop_nos_32x33x41 end at Thu Jun 30 17:15:59 UTC 2016
Simulation ManyBHmid_1bh_nop_nos_40x41x49 start at Thu Jun 30 17:15:59 UTC 2016
Still working on ...
Simulation ManyBHmid_1bh_nop_nos_40x41x49 end at Thu Jun 30 17:16:17 UTC 2016
Simulation twopunfar_1bh_nop_nos_20 start at Thu Jun 30 17:16:17 UTC 2016
Still working on ...
Simulation twopunfar_1bh_nop_nos_20 end at Thu Jun 30 17:16:21 UTC 2016
Simulation twopunfar_1bh_nop_nos_30 start at Thu Jun 30 17:16:21 UTC 2016
Still working on ...
Simulation twopunfar_1bh_nop_nos_30 end at Thu Jun 30 17:16:36 UTC 2016
Simulation twopunfar_1bh_nop_nos_40 start at Thu Jun 30 17:16:36 UTC 2016
Still working on ...
Simulation twopunfar_1bh_nop_nos_40 end at Thu Jun 30 17:17:15 UTC 2016
Simulation ManyBHfar_1bh_nop_nos_12x13x17 start at Thu Jun 30 17:17:15 UTC 2016
Still working on ...
Simulation ManyBHfar_1bh_nop_nos_12x13x17 end at Thu Jun 30 17:17:17 UTC 2016
Simulation ManyBHfar_1bh_nop_nos_16x17x25 start at Thu Jun 30 17:17:17 UTC 2016
Still working on ...
Simulation ManyBHfar_1bh_nop_nos_16x17x25 end at Thu Jun 30 17:17:20 UTC 2016
Simulation ManyBHfar_1bh_nop_nos_24x25x33 start at Thu Jun 30 17:17:20 UTC 2016
Still working on ...
Simulation ManyBHfar_1bh_nop_nos_24x25x33 end at Thu Jun 30 17:17:25 UTC 2016
Simulation ManyBHfar_1bh_nop_nos_32x33x41 start at Thu Jun 30 17:17:25 UTC 2016
Still working on ...
Simulation ManyBHfar_1bh_nop_nos_32x33x41 end at Thu Jun 30 17:17:32 UTC 2016
Simulation ManyBHfar_1bh_nop_nos_40x41x49 start at Thu Jun 30 17:17:32 UTC 2016
Still working on ...
Simulation ManyBHfar_1bh_nop_nos_40x41x49 end at Thu Jun 30 17:17:44 UTC 2016
Done!
