Simulation 1bh_p0.5_dx0.003125_convergence
Simulation start at  Mon Aug 15 22:29:48 UTC 2016
Simulation ManyBHnear_1bh_p0.5_dx0.003125_convergence_4x5x9 start at Mon Aug 15 22:29:48 UTC 2016
Still working on ...
Simulation ManyBHnear_1bh_p0.5_dx0.003125_convergence_4x5x9 end at Mon Aug 15 22:29:51 UTC 2016
Simulation ManyBHnear_1bh_p0.5_dx0.003125_convergence_8x9x13 start at Mon Aug 15 22:29:51 UTC 2016
Still working on ...
Simulation ManyBHnear_1bh_p0.5_dx0.003125_convergence_8x9x13 end at Mon Aug 15 22:29:55 UTC 2016
Simulation ManyBHnear_1bh_p0.5_dx0.003125_convergence_12x13x17 start at Mon Aug 15 22:29:55 UTC 2016
Still working on ...
Simulation ManyBHnear_1bh_p0.5_dx0.003125_convergence_12x13x17 end at Mon Aug 15 22:30:00 UTC 2016
Simulation ManyBHnear_1bh_p0.5_dx0.003125_convergence_16x17x25 start at Mon Aug 15 22:30:00 UTC 2016
Still working on ...
Simulation ManyBHnear_1bh_p0.5_dx0.003125_convergence_16x17x25 end at Mon Aug 15 22:30:08 UTC 2016
Simulation ManyBHnear_1bh_p0.5_dx0.003125_convergence_24x25x33 start at Mon Aug 15 22:30:08 UTC 2016
Still working on ...
Simulation ManyBHnear_1bh_p0.5_dx0.003125_convergence_24x25x33 end at Mon Aug 15 22:30:22 UTC 2016
Simulation ManyBHnear_1bh_p0.5_dx0.003125_convergence_32x33x41 start at Mon Aug 15 22:30:22 UTC 2016
Still working on ...
Simulation ManyBHnear_1bh_p0.5_dx0.003125_convergence_32x33x41 end at Mon Aug 15 22:30:52 UTC 2016
Simulation ManyBHnear_1bh_p0.5_dx0.003125_convergence_40x41x49 start at Mon Aug 15 22:30:52 UTC 2016
Still working on ...
Simulation ManyBHnear_1bh_p0.5_dx0.003125_convergence_40x41x49 end at Mon Aug 15 22:31:44 UTC 2016
Simulation ManyBHmid_1bh_p0.5_dx0.003125_convergence_4x5x9 start at Mon Aug 15 22:31:44 UTC 2016
Still working on ...
Simulation ManyBHmid_1bh_p0.5_dx0.003125_convergence_4x5x9 end at Mon Aug 15 22:31:50 UTC 2016
Simulation ManyBHmid_1bh_p0.5_dx0.003125_convergence_8x9x13 start at Mon Aug 15 22:31:50 UTC 2016
Still working on ...
Simulation ManyBHmid_1bh_p0.5_dx0.003125_convergence_8x9x13 end at Mon Aug 15 22:31:57 UTC 2016
Simulation ManyBHmid_1bh_p0.5_dx0.003125_convergence_12x13x17 start at Mon Aug 15 22:31:57 UTC 2016
Still working on ...
Simulation ManyBHmid_1bh_p0.5_dx0.003125_convergence_12x13x17 end at Mon Aug 15 22:32:06 UTC 2016
Simulation ManyBHmid_1bh_p0.5_dx0.003125_convergence_16x17x25 start at Mon Aug 15 22:32:06 UTC 2016
Still working on ...
Simulation ManyBHmid_1bh_p0.5_dx0.003125_convergence_16x17x25 end at Mon Aug 15 22:32:20 UTC 2016
Simulation ManyBHmid_1bh_p0.5_dx0.003125_convergence_24x25x33 start at Mon Aug 15 22:32:20 UTC 2016
Still working on ...
Simulation ManyBHmid_1bh_p0.5_dx0.003125_convergence_24x25x33 end at Mon Aug 15 22:32:40 UTC 2016
Simulation ManyBHmid_1bh_p0.5_dx0.003125_convergence_32x33x41 start at Mon Aug 15 22:32:40 UTC 2016
Still working on ...
Simulation ManyBHmid_1bh_p0.5_dx0.003125_convergence_32x33x41 end at Mon Aug 15 22:33:16 UTC 2016
Simulation ManyBHmid_1bh_p0.5_dx0.003125_convergence_40x41x49 start at Mon Aug 15 22:33:16 UTC 2016
Still working on ...
Simulation ManyBHmid_1bh_p0.5_dx0.003125_convergence_40x41x49 end at Mon Aug 15 22:34:16 UTC 2016
Simulation ManyBHfar_1bh_p0.5_dx0.003125_convergence_4x5x9 start at Mon Aug 15 22:34:16 UTC 2016
Still working on ...
Simulation ManyBHfar_1bh_p0.5_dx0.003125_convergence_4x5x9 end at Mon Aug 15 22:34:18 UTC 2016
Simulation ManyBHfar_1bh_p0.5_dx0.003125_convergence_8x9x13 start at Mon Aug 15 22:34:18 UTC 2016
Still working on ...
Simulation ManyBHfar_1bh_p0.5_dx0.003125_convergence_8x9x13 end at Mon Aug 15 22:34:21 UTC 2016
Simulation ManyBHfar_1bh_p0.5_dx0.003125_convergence_12x13x17 start at Mon Aug 15 22:34:21 UTC 2016
Still working on ...
Simulation ManyBHfar_1bh_p0.5_dx0.003125_convergence_12x13x17 end at Mon Aug 15 22:34:26 UTC 2016
Simulation ManyBHfar_1bh_p0.5_dx0.003125_convergence_16x17x25 start at Mon Aug 15 22:34:26 UTC 2016
Still working on ...
Simulation ManyBHfar_1bh_p0.5_dx0.003125_convergence_16x17x25 end at Mon Aug 15 22:34:32 UTC 2016
Simulation ManyBHfar_1bh_p0.5_dx0.003125_convergence_24x25x33 start at Mon Aug 15 22:34:32 UTC 2016
Still working on ...
Simulation ManyBHfar_1bh_p0.5_dx0.003125_convergence_24x25x33 end at Mon Aug 15 22:34:46 UTC 2016
Simulation ManyBHfar_1bh_p0.5_dx0.003125_convergence_32x33x41 start at Mon Aug 15 22:34:46 UTC 2016
Still working on ...
Simulation ManyBHfar_1bh_p0.5_dx0.003125_convergence_32x33x41 end at Mon Aug 15 22:35:11 UTC 2016
Simulation ManyBHfar_1bh_p0.5_dx0.003125_convergence_40x41x49 start at Mon Aug 15 22:35:11 UTC 2016
Still working on ...
Simulation ManyBHfar_1bh_p0.5_dx0.003125_convergence_40x41x49 end at Mon Aug 15 22:35:56 UTC 2016
Done!
