Simulation 1bh_p0.1_nos
Simulation start at  Wed Jul 6 05:06:05 UTC 2016
Simulation ManyBHnear_1bh_p0.1_nos_12x13x17 start at Wed Jul 6 05:06:05 UTC 2016
Still working on ...
Simulation ManyBHnear_1bh_p0.1_nos_12x13x17 end at Wed Jul 6 05:06:08 UTC 2016
Simulation ManyBHnear_1bh_p0.1_nos_16x17x25 start at Wed Jul 6 05:06:08 UTC 2016
Still working on ...
Simulation ManyBHnear_1bh_p0.1_nos_16x17x25 end at Wed Jul 6 05:06:13 UTC 2016
Simulation ManyBHnear_1bh_p0.1_nos_24x25x33 start at Wed Jul 6 05:06:13 UTC 2016
Still working on ...
Simulation ManyBHnear_1bh_p0.1_nos_24x25x33 end at Wed Jul 6 05:06:22 UTC 2016
Simulation ManyBHnear_1bh_p0.1_nos_32x33x41 start at Wed Jul 6 05:06:22 UTC 2016
Still working on ...
Simulation ManyBHnear_1bh_p0.1_nos_32x33x41 end at Wed Jul 6 05:06:38 UTC 2016
Simulation ManyBHnear_1bh_p0.1_nos_40x41x49 start at Wed Jul 6 05:06:38 UTC 2016
Still working on ...
Simulation ManyBHnear_1bh_p0.1_nos_40x41x49 end at Wed Jul 6 05:07:04 UTC 2016
Simulation ManyBHmid_1bh_p0.1_nos_12x13x17 start at Wed Jul 6 05:07:04 UTC 2016
Still working on ...
Simulation ManyBHmid_1bh_p0.1_nos_12x13x17 end at Wed Jul 6 05:07:09 UTC 2016
Simulation ManyBHmid_1bh_p0.1_nos_16x17x25 start at Wed Jul 6 05:07:09 UTC 2016
Still working on ...
Simulation ManyBHmid_1bh_p0.1_nos_16x17x25 end at Wed Jul 6 05:07:17 UTC 2016
Simulation ManyBHmid_1bh_p0.1_nos_24x25x33 start at Wed Jul 6 05:07:17 UTC 2016
Still working on ...
Simulation ManyBHmid_1bh_p0.1_nos_24x25x33 end at Wed Jul 6 05:07:32 UTC 2016
Simulation ManyBHmid_1bh_p0.1_nos_32x33x41 start at Wed Jul 6 05:07:32 UTC 2016
Still working on ...
Simulation ManyBHmid_1bh_p0.1_nos_32x33x41 end at Wed Jul 6 05:07:55 UTC 2016
Simulation ManyBHmid_1bh_p0.1_nos_40x41x49 start at Wed Jul 6 05:07:55 UTC 2016
Still working on ...
Simulation ManyBHmid_1bh_p0.1_nos_40x41x49 end at Wed Jul 6 05:08:30 UTC 2016
Simulation ManyBHfar_1bh_p0.1_nos_12x13x17 start at Wed Jul 6 05:08:30 UTC 2016
Still working on ...
Simulation ManyBHfar_1bh_p0.1_nos_12x13x17 end at Wed Jul 6 05:08:34 UTC 2016
Simulation ManyBHfar_1bh_p0.1_nos_16x17x25 start at Wed Jul 6 05:08:34 UTC 2016
Still working on ...
Simulation ManyBHfar_1bh_p0.1_nos_16x17x25 end at Wed Jul 6 05:08:39 UTC 2016
Simulation ManyBHfar_1bh_p0.1_nos_24x25x33 start at Wed Jul 6 05:08:39 UTC 2016
Still working on ...
Simulation ManyBHfar_1bh_p0.1_nos_24x25x33 end at Wed Jul 6 05:08:47 UTC 2016
Simulation ManyBHfar_1bh_p0.1_nos_32x33x41 start at Wed Jul 6 05:08:47 UTC 2016
Still working on ...
Simulation ManyBHfar_1bh_p0.1_nos_32x33x41 end at Wed Jul 6 05:09:04 UTC 2016
Simulation ManyBHfar_1bh_p0.1_nos_40x41x49 start at Wed Jul 6 05:09:04 UTC 2016
Still working on ...
Simulation ManyBHfar_1bh_p0.1_nos_40x41x49 end at Wed Jul 6 05:09:40 UTC 2016
Done!
