Simulation 1bh_static_out1D_0.5_near
Simulation start at  Thu Jul 7 06:30:50 UTC 2016
Simulation ManyBHnear_1bh_static_out1D_0.5_near_12x13x17 start at Thu Jul 7 06:30:50 UTC 2016
Still working on ...
Simulation ManyBHnear_1bh_static_out1D_0.5_near_12x13x17 end at Thu Jul 7 06:30:53 UTC 2016
Simulation ManyBHnear_1bh_static_out1D_0.5_near_16x17x25 start at Thu Jul 7 06:30:53 UTC 2016
Still working on ...
Simulation ManyBHnear_1bh_static_out1D_0.5_near_16x17x25 end at Thu Jul 7 06:30:56 UTC 2016
Simulation ManyBHnear_1bh_static_out1D_0.5_near_24x25x33 start at Thu Jul 7 06:30:56 UTC 2016
Still working on ...
Simulation ManyBHnear_1bh_static_out1D_0.5_near_24x25x33 end at Thu Jul 7 06:31:01 UTC 2016
Simulation ManyBHnear_1bh_static_out1D_0.5_near_32x33x41 start at Thu Jul 7 06:31:01 UTC 2016
Still working on ...
Simulation ManyBHnear_1bh_static_out1D_0.5_near_32x33x41 end at Thu Jul 7 06:31:08 UTC 2016
Simulation ManyBHnear_1bh_static_out1D_0.5_near_40x41x49 start at Thu Jul 7 06:31:08 UTC 2016
Still working on ...
Simulation ManyBHnear_1bh_static_out1D_0.5_near_40x41x49 end at Thu Jul 7 06:31:22 UTC 2016
Simulation ManyBHmid_1bh_static_out1D_0.5_near_12x13x17 start at Thu Jul 7 06:31:22 UTC 2016
Still working on ...
Simulation ManyBHmid_1bh_static_out1D_0.5_near_12x13x17 end at Thu Jul 7 06:31:27 UTC 2016
Simulation ManyBHmid_1bh_static_out1D_0.5_near_16x17x25 start at Thu Jul 7 06:31:27 UTC 2016
Still working on ...
Simulation ManyBHmid_1bh_static_out1D_0.5_near_16x17x25 end at Thu Jul 7 06:31:32 UTC 2016
Simulation ManyBHmid_1bh_static_out1D_0.5_near_24x25x33 start at Thu Jul 7 06:31:32 UTC 2016
Still working on ...
Simulation ManyBHmid_1bh_static_out1D_0.5_near_24x25x33 end at Thu Jul 7 06:31:40 UTC 2016
Simulation ManyBHmid_1bh_static_out1D_0.5_near_32x33x41 start at Thu Jul 7 06:31:40 UTC 2016
Still working on ...
Simulation ManyBHmid_1bh_static_out1D_0.5_near_32x33x41 end at Thu Jul 7 06:31:52 UTC 2016
Simulation ManyBHmid_1bh_static_out1D_0.5_near_40x41x49 start at Thu Jul 7 06:31:52 UTC 2016
Still working on ...
Simulation ManyBHmid_1bh_static_out1D_0.5_near_40x41x49 end at Thu Jul 7 06:32:11 UTC 2016
Simulation ManyBHfar_1bh_static_out1D_0.5_near_12x13x17 start at Thu Jul 7 06:32:11 UTC 2016
Still working on ...
Simulation ManyBHfar_1bh_static_out1D_0.5_near_12x13x17 end at Thu Jul 7 06:32:13 UTC 2016
Simulation ManyBHfar_1bh_static_out1D_0.5_near_16x17x25 start at Thu Jul 7 06:32:13 UTC 2016
Still working on ...
Simulation ManyBHfar_1bh_static_out1D_0.5_near_16x17x25 end at Thu Jul 7 06:32:16 UTC 2016
Simulation ManyBHfar_1bh_static_out1D_0.5_near_24x25x33 start at Thu Jul 7 06:32:16 UTC 2016
Still working on ...
Simulation ManyBHfar_1bh_static_out1D_0.5_near_24x25x33 end at Thu Jul 7 06:32:21 UTC 2016
Simulation ManyBHfar_1bh_static_out1D_0.5_near_32x33x41 start at Thu Jul 7 06:32:21 UTC 2016
Still working on ...
Simulation ManyBHfar_1bh_static_out1D_0.5_near_32x33x41 end at Thu Jul 7 06:32:29 UTC 2016
Simulation ManyBHfar_1bh_static_out1D_0.5_near_40x41x49 start at Thu Jul 7 06:32:29 UTC 2016
Still working on ...
Simulation ManyBHfar_1bh_static_out1D_0.5_near_40x41x49 end at Thu Jul 7 06:32:42 UTC 2016
Done!
