Simulation 1bh_p0.75_dx0.003125_near_convergence_mid_2_2.5
Simulation start at  Sun Aug 14 08:47:21 UTC 2016
Simulation ManyBHnear_1bh_p0.75_dx0.003125_near_convergence_mid_2_2.5_4x5x9 start at Sun Aug 14 08:47:21 UTC 2016
Still working on ...
Simulation ManyBHnear_1bh_p0.75_dx0.003125_near_convergence_mid_2_2.5_4x5x9 end at Sun Aug 14 08:47:24 UTC 2016
Simulation ManyBHnear_1bh_p0.75_dx0.003125_near_convergence_mid_2_2.5_8x9x13 start at Sun Aug 14 08:47:24 UTC 2016
Still working on ...
Simulation ManyBHnear_1bh_p0.75_dx0.003125_near_convergence_mid_2_2.5_8x9x13 end at Sun Aug 14 08:47:27 UTC 2016
Simulation ManyBHnear_1bh_p0.75_dx0.003125_near_convergence_mid_2_2.5_12x13x17 start at Sun Aug 14 08:47:27 UTC 2016
Still working on ...
Simulation ManyBHnear_1bh_p0.75_dx0.003125_near_convergence_mid_2_2.5_12x13x17 end at Sun Aug 14 08:47:32 UTC 2016
Simulation ManyBHnear_1bh_p0.75_dx0.003125_near_convergence_mid_2_2.5_16x17x25 start at Sun Aug 14 08:47:32 UTC 2016
Still working on ...
Simulation ManyBHnear_1bh_p0.75_dx0.003125_near_convergence_mid_2_2.5_16x17x25 end at Sun Aug 14 08:47:41 UTC 2016
Simulation ManyBHnear_1bh_p0.75_dx0.003125_near_convergence_mid_2_2.5_24x25x33 start at Sun Aug 14 08:47:41 UTC 2016
Still working on ...
Simulation ManyBHnear_1bh_p0.75_dx0.003125_near_convergence_mid_2_2.5_24x25x33 end at Sun Aug 14 08:47:58 UTC 2016
Simulation ManyBHnear_1bh_p0.75_dx0.003125_near_convergence_mid_2_2.5_32x33x41 start at Sun Aug 14 08:47:58 UTC 2016
Still working on ...
Simulation ManyBHnear_1bh_p0.75_dx0.003125_near_convergence_mid_2_2.5_32x33x41 end at Sun Aug 14 08:48:32 UTC 2016
Simulation ManyBHnear_1bh_p0.75_dx0.003125_near_convergence_mid_2_2.5_40x41x49 start at Sun Aug 14 08:48:32 UTC 2016
Still working on ...
Simulation ManyBHnear_1bh_p0.75_dx0.003125_near_convergence_mid_2_2.5_40x41x49 end at Sun Aug 14 08:49:33 UTC 2016
Simulation ManyBHmid_1bh_p0.75_dx0.003125_near_convergence_mid_2_2.5_4x5x9 start at Sun Aug 14 08:49:33 UTC 2016
Still working on ...
Simulation ManyBHmid_1bh_p0.75_dx0.003125_near_convergence_mid_2_2.5_4x5x9 end at Sun Aug 14 08:49:38 UTC 2016
Simulation ManyBHmid_1bh_p0.75_dx0.003125_near_convergence_mid_2_2.5_8x9x13 start at Sun Aug 14 08:49:38 UTC 2016
Still working on ...
Simulation ManyBHmid_1bh_p0.75_dx0.003125_near_convergence_mid_2_2.5_8x9x13 end at Sun Aug 14 08:49:44 UTC 2016
Simulation ManyBHmid_1bh_p0.75_dx0.003125_near_convergence_mid_2_2.5_12x13x17 start at Sun Aug 14 08:49:44 UTC 2016
Still working on ...
Simulation ManyBHmid_1bh_p0.75_dx0.003125_near_convergence_mid_2_2.5_12x13x17 end at Sun Aug 14 08:49:52 UTC 2016
Simulation ManyBHmid_1bh_p0.75_dx0.003125_near_convergence_mid_2_2.5_16x17x25 start at Sun Aug 14 08:49:52 UTC 2016
Still working on ...
Simulation ManyBHmid_1bh_p0.75_dx0.003125_near_convergence_mid_2_2.5_16x17x25 end at Sun Aug 14 08:50:04 UTC 2016
Simulation ManyBHmid_1bh_p0.75_dx0.003125_near_convergence_mid_2_2.5_24x25x33 start at Sun Aug 14 08:50:04 UTC 2016
Still working on ...
Simulation ManyBHmid_1bh_p0.75_dx0.003125_near_convergence_mid_2_2.5_24x25x33 end at Sun Aug 14 08:50:25 UTC 2016
Simulation ManyBHmid_1bh_p0.75_dx0.003125_near_convergence_mid_2_2.5_32x33x41 start at Sun Aug 14 08:50:25 UTC 2016
Still working on ...
Simulation ManyBHmid_1bh_p0.75_dx0.003125_near_convergence_mid_2_2.5_32x33x41 end at Sun Aug 14 08:51:03 UTC 2016
Simulation ManyBHmid_1bh_p0.75_dx0.003125_near_convergence_mid_2_2.5_40x41x49 start at Sun Aug 14 08:51:03 UTC 2016
Still working on ...
Simulation ManyBHmid_1bh_p0.75_dx0.003125_near_convergence_mid_2_2.5_40x41x49 end at Sun Aug 14 08:52:11 UTC 2016
Simulation ManyBHfar_1bh_p0.75_dx0.003125_near_convergence_mid_2_2.5_4x5x9 start at Sun Aug 14 08:52:11 UTC 2016
Still working on ...
Simulation ManyBHfar_1bh_p0.75_dx0.003125_near_convergence_mid_2_2.5_4x5x9 end at Sun Aug 14 08:52:13 UTC 2016
Simulation ManyBHfar_1bh_p0.75_dx0.003125_near_convergence_mid_2_2.5_8x9x13 start at Sun Aug 14 08:52:13 UTC 2016
Still working on ...
Simulation ManyBHfar_1bh_p0.75_dx0.003125_near_convergence_mid_2_2.5_8x9x13 end at Sun Aug 14 08:52:16 UTC 2016
Simulation ManyBHfar_1bh_p0.75_dx0.003125_near_convergence_mid_2_2.5_12x13x17 start at Sun Aug 14 08:52:16 UTC 2016
Still working on ...
Simulation ManyBHfar_1bh_p0.75_dx0.003125_near_convergence_mid_2_2.5_12x13x17 end at Sun Aug 14 08:52:21 UTC 2016
Simulation ManyBHfar_1bh_p0.75_dx0.003125_near_convergence_mid_2_2.5_16x17x25 start at Sun Aug 14 08:52:21 UTC 2016
Still working on ...
Simulation ManyBHfar_1bh_p0.75_dx0.003125_near_convergence_mid_2_2.5_16x17x25 end at Sun Aug 14 08:52:30 UTC 2016
Simulation ManyBHfar_1bh_p0.75_dx0.003125_near_convergence_mid_2_2.5_24x25x33 start at Sun Aug 14 08:52:30 UTC 2016
Still working on ...
Simulation ManyBHfar_1bh_p0.75_dx0.003125_near_convergence_mid_2_2.5_24x25x33 end at Sun Aug 14 08:52:48 UTC 2016
Simulation ManyBHfar_1bh_p0.75_dx0.003125_near_convergence_mid_2_2.5_32x33x41 start at Sun Aug 14 08:52:48 UTC 2016
Still working on ...
Simulation ManyBHfar_1bh_p0.75_dx0.003125_near_convergence_mid_2_2.5_32x33x41 end at Sun Aug 14 08:53:21 UTC 2016
Simulation ManyBHfar_1bh_p0.75_dx0.003125_near_convergence_mid_2_2.5_40x41x49 start at Sun Aug 14 08:53:21 UTC 2016
Still working on ...
Simulation ManyBHfar_1bh_p0.75_dx0.003125_near_convergence_mid_2_2.5_40x41x49 end at Sun Aug 14 08:54:23 UTC 2016
Done!
