Simulation 1bh_static_out1D_0.25_dx0.0015625_near
Simulation start at  Fri Jul 8 04:44:39 UTC 2016
Simulation ManyBHnear_1bh_static_out1D_0.25_dx0.0015625_near_12x13x17 start at Fri Jul 8 04:44:39 UTC 2016
Still working on ...
Simulation ManyBHnear_1bh_static_out1D_0.25_dx0.0015625_near_12x13x17 end at Fri Jul 8 04:44:42 UTC 2016
Simulation ManyBHnear_1bh_static_out1D_0.25_dx0.0015625_near_16x17x25 start at Fri Jul 8 04:44:42 UTC 2016
Still working on ...
Simulation ManyBHnear_1bh_static_out1D_0.25_dx0.0015625_near_16x17x25 end at Fri Jul 8 04:44:45 UTC 2016
Simulation ManyBHnear_1bh_static_out1D_0.25_dx0.0015625_near_24x25x33 start at Fri Jul 8 04:44:45 UTC 2016
Still working on ...
Simulation ManyBHnear_1bh_static_out1D_0.25_dx0.0015625_near_24x25x33 end at Fri Jul 8 04:44:50 UTC 2016
Simulation ManyBHnear_1bh_static_out1D_0.25_dx0.0015625_near_32x33x41 start at Fri Jul 8 04:44:50 UTC 2016
Still working on ...
Simulation ManyBHnear_1bh_static_out1D_0.25_dx0.0015625_near_32x33x41 end at Fri Jul 8 04:44:58 UTC 2016
Simulation ManyBHnear_1bh_static_out1D_0.25_dx0.0015625_near_40x41x49 start at Fri Jul 8 04:44:58 UTC 2016
Still working on ...
Simulation ManyBHnear_1bh_static_out1D_0.25_dx0.0015625_near_40x41x49 end at Fri Jul 8 04:45:11 UTC 2016
Simulation ManyBHmid_1bh_static_out1D_0.25_dx0.0015625_near_12x13x17 start at Fri Jul 8 04:45:11 UTC 2016
Still working on ...
Simulation ManyBHmid_1bh_static_out1D_0.25_dx0.0015625_near_12x13x17 end at Fri Jul 8 04:45:16 UTC 2016
Simulation ManyBHmid_1bh_static_out1D_0.25_dx0.0015625_near_16x17x25 start at Fri Jul 8 04:45:16 UTC 2016
Still working on ...
Simulation ManyBHmid_1bh_static_out1D_0.25_dx0.0015625_near_16x17x25 end at Fri Jul 8 04:45:22 UTC 2016
Simulation ManyBHmid_1bh_static_out1D_0.25_dx0.0015625_near_24x25x33 start at Fri Jul 8 04:45:22 UTC 2016
Still working on ...
Simulation ManyBHmid_1bh_static_out1D_0.25_dx0.0015625_near_24x25x33 end at Fri Jul 8 04:45:30 UTC 2016
Simulation ManyBHmid_1bh_static_out1D_0.25_dx0.0015625_near_32x33x41 start at Fri Jul 8 04:45:30 UTC 2016
Still working on ...
Simulation ManyBHmid_1bh_static_out1D_0.25_dx0.0015625_near_32x33x41 end at Fri Jul 8 04:45:42 UTC 2016
Simulation ManyBHmid_1bh_static_out1D_0.25_dx0.0015625_near_40x41x49 start at Fri Jul 8 04:45:42 UTC 2016
Still working on ...
Simulation ManyBHmid_1bh_static_out1D_0.25_dx0.0015625_near_40x41x49 end at Fri Jul 8 04:46:01 UTC 2016
Simulation ManyBHfar_1bh_static_out1D_0.25_dx0.0015625_near_12x13x17 start at Fri Jul 8 04:46:01 UTC 2016
Still working on ...
Simulation ManyBHfar_1bh_static_out1D_0.25_dx0.0015625_near_12x13x17 end at Fri Jul 8 04:46:03 UTC 2016
Simulation ManyBHfar_1bh_static_out1D_0.25_dx0.0015625_near_16x17x25 start at Fri Jul 8 04:46:03 UTC 2016
Still working on ...
Simulation ManyBHfar_1bh_static_out1D_0.25_dx0.0015625_near_16x17x25 end at Fri Jul 8 04:46:06 UTC 2016
Simulation ManyBHfar_1bh_static_out1D_0.25_dx0.0015625_near_24x25x33 start at Fri Jul 8 04:46:06 UTC 2016
Still working on ...
Simulation ManyBHfar_1bh_static_out1D_0.25_dx0.0015625_near_24x25x33 end at Fri Jul 8 04:46:11 UTC 2016
Simulation ManyBHfar_1bh_static_out1D_0.25_dx0.0015625_near_32x33x41 start at Fri Jul 8 04:46:11 UTC 2016
Still working on ...
Simulation ManyBHfar_1bh_static_out1D_0.25_dx0.0015625_near_32x33x41 end at Fri Jul 8 04:46:19 UTC 2016
Simulation ManyBHfar_1bh_static_out1D_0.25_dx0.0015625_near_40x41x49 start at Fri Jul 8 04:46:19 UTC 2016
Still working on ...
Simulation ManyBHfar_1bh_static_out1D_0.25_dx0.0015625_near_40x41x49 end at Fri Jul 8 04:46:32 UTC 2016
Done!
