Simulation 1bh_p0.1_s0.75_convergence
Simulation start at  Wed Aug 17 22:17:06 UTC 2016
Simulation twopunnear_1bh_p0.1_s0.75_convergence_20 start at Wed Aug 17 22:17:06 UTC 2016
Still working on ...
Simulation ManyBHnear_1bh_p0.1_s0.75_convergence_32x33x41 end at Wed Aug 17 22:17:47 UTC 2016
Simulation ManyBHnear_1bh_p0.1_s0.75_convergence_40x41x49 start at Wed Aug 17 22:17:47 UTC 2016
Still working on ...
Simulation twopunnear_1bh_p0.1_s0.75_convergence_20 end at Wed Aug 17 22:18:47 UTC 2016
Simulation twopunnear_1bh_p0.1_s0.75_convergence_30 start at Wed Aug 17 22:18:47 UTC 2016
Still working on ...
Simulation ManyBHnear_1bh_p0.1_s0.75_convergence_40x41x49 end at Wed Aug 17 22:20:48 UTC 2016
Simulation ManyBHmid_1bh_p0.1_s0.75_convergence_4x5x9 start at Wed Aug 17 22:20:48 UTC 2016
Still working on ...
Simulation ManyBHmid_1bh_p0.1_s0.75_convergence_4x5x9 end at Wed Aug 17 22:20:59 UTC 2016
Simulation ManyBHmid_1bh_p0.1_s0.75_convergence_8x9x13 start at Wed Aug 17 22:20:59 UTC 2016
Still working on ...
Simulation ManyBHmid_1bh_p0.1_s0.75_convergence_8x9x13 end at Wed Aug 17 22:21:12 UTC 2016
Simulation ManyBHmid_1bh_p0.1_s0.75_convergence_12x13x17 start at Wed Aug 17 22:21:12 UTC 2016
Still working on ...
Simulation ManyBHmid_1bh_p0.1_s0.75_convergence_12x13x17 end at Wed Aug 17 22:21:31 UTC 2016
Simulation ManyBHmid_1bh_p0.1_s0.75_convergence_16x17x25 start at Wed Aug 17 22:21:31 UTC 2016
Still working on ...
Simulation ManyBHmid_1bh_p0.1_s0.75_convergence_16x17x25 end at Wed Aug 17 22:21:59 UTC 2016
Simulation ManyBHmid_1bh_p0.1_s0.75_convergence_24x25x33 start at Wed Aug 17 22:21:59 UTC 2016
Still working on ...
Simulation ManyBHmid_1bh_p0.1_s0.75_convergence_24x25x33 end at Wed Aug 17 22:22:39 UTC 2016
Simulation ManyBHmid_1bh_p0.1_s0.75_convergence_32x33x41 start at Wed Aug 17 22:22:39 UTC 2016
Still working on ...
Simulation ManyBHmid_1bh_p0.1_s0.75_convergence_32x33x41 end at Wed Aug 17 22:23:56 UTC 2016
Simulation ManyBHmid_1bh_p0.1_s0.75_convergence_40x41x49 start at Wed Aug 17 22:23:56 UTC 2016
Still working on ...
Simulation twopunnear_1bh_p0.1_s0.75_convergence_30 end at Wed Aug 17 22:25:42 UTC 2016
Simulation twopunnear_1bh_p0.1_s0.75_convergence_40 start at Wed Aug 17 22:25:42 UTC 2016
Still working on ...
Simulation ManyBHmid_1bh_p0.1_s0.75_convergence_40x41x49 end at Wed Aug 17 22:26:08 UTC 2016
Simulation ManyBHfar_1bh_p0.1_s0.75_convergence_4x5x9 start at Wed Aug 17 22:26:08 UTC 2016
Still working on ...
Simulation ManyBHfar_1bh_p0.1_s0.75_convergence_4x5x9 end at Wed Aug 17 22:26:12 UTC 2016
Simulation ManyBHfar_1bh_p0.1_s0.75_convergence_8x9x13 start at Wed Aug 17 22:26:12 UTC 2016
Still working on ...
Simulation ManyBHfar_1bh_p0.1_s0.75_convergence_8x9x13 end at Wed Aug 17 22:26:18 UTC 2016
Simulation ManyBHfar_1bh_p0.1_s0.75_convergence_12x13x17 start at Wed Aug 17 22:26:18 UTC 2016
Still working on ...
Simulation ManyBHfar_1bh_p0.1_s0.75_convergence_12x13x17 end at Wed Aug 17 22:26:27 UTC 2016
Simulation ManyBHfar_1bh_p0.1_s0.75_convergence_16x17x25 start at Wed Aug 17 22:26:27 UTC 2016
Still working on ...
Simulation twopunnear_1bh_p0.1_s0.75_convergence_40 end at Wed Aug 17 22:44:28 UTC 2016
Simulation twopunnear_1bh_p0.1_s0.75_convergence_50 start at Wed Aug 17 22:44:28 UTC 2016
Still working on ...
Simulation twopunnear_1bh_p0.1_s0.75_convergence_50 end at Wed Aug 17 23:30:14 UTC 2016
Simulation twopunnear_1bh_p0.1_s0.75_convergence_60 start at Wed Aug 17 23:30:14 UTC 2016
Still working on ...
