Simulation One_BH
Simulation start at  Tue Jun 28 21:35:10 UTC 2016
Simulation twopunnear_One_BH_20 start at Tue Jun 28 21:35:10 UTC 2016
Still working on ...
Simulation twopunnear_One_BH_20 end at Tue Jun 28 21:35:36 UTC 2016
Simulation twopunnear_One_BH_30 start at Tue Jun 28 21:35:36 UTC 2016
Still working on ...
Simulation twopunnear_One_BH_30 end at Tue Jun 28 21:37:46 UTC 2016
Simulation twopunnear_One_BH_40 start at Tue Jun 28 21:37:46 UTC 2016
Still working on ...
Simulation twopunnear_One_BH_40 end at Tue Jun 28 21:46:43 UTC 2016
Simulation ManyBHnear_One_BH_12x13x17 start at Tue Jun 28 21:46:43 UTC 2016
Still working on ...
Simulation ManyBHnear_One_BH_12x13x17 end at Tue Jun 28 21:46:46 UTC 2016
Simulation ManyBHnear_One_BH_16x17x25 start at Tue Jun 28 21:46:46 UTC 2016
Still working on ...
Simulation ManyBHnear_One_BH_16x17x25 end at Tue Jun 28 21:46:51 UTC 2016
Simulation ManyBHnear_One_BH_24x25x33 start at Tue Jun 28 21:46:51 UTC 2016
Still working on ...
Simulation ManyBHnear_One_BH_24x25x33 end at Tue Jun 28 21:46:59 UTC 2016
Simulation ManyBHnear_One_BH_32x33x41 start at Tue Jun 28 21:46:59 UTC 2016
Still working on ...
Simulation ManyBHnear_One_BH_32x33x41 end at Tue Jun 28 21:47:15 UTC 2016
Simulation twopunmid_One_BH_20 start at Tue Jun 28 21:47:15 UTC 2016
Still working on ...
Simulation twopunmid_One_BH_20 end at Tue Jun 28 21:47:42 UTC 2016
Simulation twopunmid_One_BH_30 start at Tue Jun 28 21:47:42 UTC 2016
Still working on ...
Simulation twopunmid_One_BH_30 end at Tue Jun 28 21:50:01 UTC 2016
Simulation twopunmid_One_BH_40 start at Tue Jun 28 21:50:01 UTC 2016
Still working on ...
Simulation twopunmid_One_BH_40 end at Tue Jun 28 21:59:25 UTC 2016
Simulation ManyBHmid_One_BH_12x13x17 start at Tue Jun 28 21:59:25 UTC 2016
Still working on ...
Simulation ManyBHmid_One_BH_12x13x17 end at Tue Jun 28 21:59:30 UTC 2016
Simulation ManyBHmid_One_BH_16x17x25 start at Tue Jun 28 21:59:30 UTC 2016
Still working on ...
Simulation ManyBHmid_One_BH_16x17x25 end at Tue Jun 28 21:59:38 UTC 2016
Simulation ManyBHmid_One_BH_24x25x33 start at Tue Jun 28 21:59:38 UTC 2016
Still working on ...
Simulation ManyBHmid_One_BH_24x25x33 end at Tue Jun 28 21:59:50 UTC 2016
Simulation ManyBHmid_One_BH_32x33x41 start at Tue Jun 28 21:59:50 UTC 2016
Still working on ...
Simulation ManyBHmid_One_BH_32x33x41 end at Tue Jun 28 22:00:09 UTC 2016
Simulation twopunfar_One_BH_20 start at Tue Jun 28 22:00:09 UTC 2016
Still working on ...
Simulation twopunfar_One_BH_20 end at Tue Jun 28 22:00:35 UTC 2016
Simulation twopunfar_One_BH_30 start at Tue Jun 28 22:00:35 UTC 2016
Still working on ...
Simulation twopunfar_One_BH_30 end at Tue Jun 28 22:02:45 UTC 2016
Simulation twopunfar_One_BH_40 start at Tue Jun 28 22:02:45 UTC 2016
Still working on ...
Simulation twopunfar_One_BH_40 end at Tue Jun 28 22:11:42 UTC 2016
Simulation ManyBHfar_One_BH_12x13x17 start at Tue Jun 28 22:11:42 UTC 2016
Still working on ...
Simulation ManyBHfar_One_BH_12x13x17 end at Tue Jun 28 22:11:45 UTC 2016
Simulation ManyBHfar_One_BH_16x17x25 start at Tue Jun 28 22:11:45 UTC 2016
Still working on ...
Simulation ManyBHfar_One_BH_16x17x25 end at Tue Jun 28 22:11:50 UTC 2016
Simulation ManyBHfar_One_BH_24x25x33 start at Tue Jun 28 22:11:50 UTC 2016
Still working on ...
Simulation ManyBHfar_One_BH_24x25x33 end at Tue Jun 28 22:11:58 UTC 2016
Simulation ManyBHfar_One_BH_32x33x41 start at Tue Jun 28 22:11:58 UTC 2016
Still working on ...
Simulation ManyBHfar_One_BH_32x33x41 end at Tue Jun 28 22:12:13 UTC 2016
Done!
