Simulation 1bh_static_0.0_near
Simulation start at  Mon Aug 8 01:03:25 UTC 2016
Simulation ManyBHnear_1bh_static_0.0_near_24x25x33 start at Mon Aug 8 01:03:25 UTC 2016
Still working on ...
Simulation ManyBHnear_1bh_static_0.0_near_24x25x33 end at Mon Aug 8 01:03:32 UTC 2016
Simulation ManyBHnear_1bh_static_0.0_near_32x33x41 start at Mon Aug 8 01:03:32 UTC 2016
Still working on ...
Simulation ManyBHnear_1bh_static_0.0_near_32x33x41 end at Mon Aug 8 01:03:44 UTC 2016
Simulation ManyBHnear_1bh_static_0.0_near_40x41x49 start at Mon Aug 8 01:03:44 UTC 2016
Still working on ...
Simulation ManyBHnear_1bh_static_0.0_near_40x41x49 end at Mon Aug 8 01:04:04 UTC 2016
Simulation ManyBHmid_1bh_static_0.0_near_24x25x33 start at Mon Aug 8 01:04:04 UTC 2016
Still working on ...
Simulation ManyBHmid_1bh_static_0.0_near_24x25x33 end at Mon Aug 8 01:04:09 UTC 2016
Simulation ManyBHmid_1bh_static_0.0_near_32x33x41 start at Mon Aug 8 01:04:09 UTC 2016
Still working on ...
Simulation ManyBHmid_1bh_static_0.0_near_32x33x41 end at Mon Aug 8 01:04:15 UTC 2016
Simulation ManyBHmid_1bh_static_0.0_near_40x41x49 start at Mon Aug 8 01:04:15 UTC 2016
Still working on ...
Simulation ManyBHmid_1bh_static_0.0_near_40x41x49 end at Mon Aug 8 01:04:20 UTC 2016
Simulation ManyBHfar_1bh_static_0.0_near_24x25x33 start at Mon Aug 8 01:04:20 UTC 2016
Still working on ...
Simulation ManyBHfar_1bh_static_0.0_near_24x25x33 end at Mon Aug 8 01:04:26 UTC 2016
Simulation ManyBHfar_1bh_static_0.0_near_32x33x41 start at Mon Aug 8 01:04:26 UTC 2016
Still working on ...
Simulation ManyBHfar_1bh_static_0.0_near_32x33x41 end at Mon Aug 8 01:04:31 UTC 2016
Simulation ManyBHfar_1bh_static_0.0_near_40x41x49 start at Mon Aug 8 01:04:31 UTC 2016
Still working on ...
Simulation ManyBHfar_1bh_static_0.0_near_40x41x49 end at Mon Aug 8 01:04:37 UTC 2016
Done!
