Simulation 1bh_p0.1_s0.5_convergence
Simulation start at  Wed Aug 17 22:13:19 UTC 2016
Simulation ManyBHnear_1bh_p0.1_s0.5_convergence_4x5x9 start at Wed Aug 17 22:13:19 UTC 2016
Still working on ...
Simulation ManyBHnear_1bh_p0.1_s0.5_convergence_4x5x9 end at Wed Aug 17 22:13:23 UTC 2016
Simulation ManyBHnear_1bh_p0.1_s0.5_convergence_8x9x13 start at Wed Aug 17 22:13:23 UTC 2016
Still working on ...
Simulation ManyBHnear_1bh_p0.1_s0.5_convergence_8x9x13 end at Wed Aug 17 22:13:28 UTC 2016
Simulation ManyBHnear_1bh_p0.1_s0.5_convergence_12x13x17 start at Wed Aug 17 22:13:28 UTC 2016
Still working on ...
Simulation ManyBHnear_1bh_p0.1_s0.5_convergence_12x13x17 end at Wed Aug 17 22:13:37 UTC 2016
Simulation ManyBHnear_1bh_p0.1_s0.5_convergence_16x17x25 start at Wed Aug 17 22:13:37 UTC 2016
Still working on ...
Simulation ManyBHnear_1bh_p0.1_s0.5_convergence_16x17x25 end at Wed Aug 17 22:13:49 UTC 2016
Simulation ManyBHnear_1bh_p0.1_s0.5_convergence_24x25x33 start at Wed Aug 17 22:13:49 UTC 2016
Still working on ...
Simulation ManyBHnear_1bh_p0.1_s0.5_convergence_24x25x33 end at Wed Aug 17 22:14:20 UTC 2016
Simulation ManyBHnear_1bh_p0.1_s0.5_convergence_32x33x41 start at Wed Aug 17 22:14:20 UTC 2016
Still working on ...
Simulation ManyBHnear_1bh_p0.1_s0.5_convergence_32x33x41 end at Wed Aug 17 22:15:42 UTC 2016
Simulation ManyBHnear_1bh_p0.1_s0.5_convergence_40x41x49 start at Wed Aug 17 22:15:42 UTC 2016
Still working on ...
Simulation ManyBHnear_1bh_p0.1_s0.5_convergence_40x41x49 end at Wed Aug 17 22:18:02 UTC 2016
Simulation ManyBHmid_1bh_p0.1_s0.5_convergence_4x5x9 start at Wed Aug 17 22:18:02 UTC 2016
Still working on ...
Simulation ManyBHmid_1bh_p0.1_s0.5_convergence_4x5x9 end at Wed Aug 17 22:18:11 UTC 2016
Simulation ManyBHmid_1bh_p0.1_s0.5_convergence_8x9x13 start at Wed Aug 17 22:18:11 UTC 2016
Still working on ...
Simulation ManyBHmid_1bh_p0.1_s0.5_convergence_8x9x13 end at Wed Aug 17 22:18:23 UTC 2016
Simulation ManyBHmid_1bh_p0.1_s0.5_convergence_12x13x17 start at Wed Aug 17 22:18:23 UTC 2016
Still working on ...
Simulation ManyBHmid_1bh_p0.1_s0.5_convergence_12x13x17 end at Wed Aug 17 22:18:40 UTC 2016
Simulation ManyBHmid_1bh_p0.1_s0.5_convergence_16x17x25 start at Wed Aug 17 22:18:40 UTC 2016
Still working on ...
Simulation ManyBHmid_1bh_p0.1_s0.5_convergence_16x17x25 end at Wed Aug 17 22:19:05 UTC 2016
Simulation ManyBHmid_1bh_p0.1_s0.5_convergence_24x25x33 start at Wed Aug 17 22:19:05 UTC 2016
Still working on ...
Simulation ManyBHmid_1bh_p0.1_s0.5_convergence_24x25x33 end at Wed Aug 17 22:19:52 UTC 2016
Simulation ManyBHmid_1bh_p0.1_s0.5_convergence_32x33x41 start at Wed Aug 17 22:19:52 UTC 2016
Still working on ...
Simulation ManyBHmid_1bh_p0.1_s0.5_convergence_32x33x41 end at Wed Aug 17 22:21:17 UTC 2016
Simulation ManyBHmid_1bh_p0.1_s0.5_convergence_40x41x49 start at Wed Aug 17 22:21:17 UTC 2016
Still working on ...
Simulation ManyBHmid_1bh_p0.1_s0.5_convergence_40x41x49 end at Wed Aug 17 22:23:10 UTC 2016
Simulation ManyBHfar_1bh_p0.1_s0.5_convergence_4x5x9 start at Wed Aug 17 22:23:10 UTC 2016
Still working on ...
Simulation ManyBHfar_1bh_p0.1_s0.5_convergence_4x5x9 end at Wed Aug 17 22:23:14 UTC 2016
Simulation ManyBHfar_1bh_p0.1_s0.5_convergence_8x9x13 start at Wed Aug 17 22:23:14 UTC 2016
Still working on ...
Simulation ManyBHfar_1bh_p0.1_s0.5_convergence_8x9x13 end at Wed Aug 17 22:23:19 UTC 2016
Simulation ManyBHfar_1bh_p0.1_s0.5_convergence_12x13x17 start at Wed Aug 17 22:23:19 UTC 2016
Still working on ...
Simulation ManyBHfar_1bh_p0.1_s0.5_convergence_12x13x17 end at Wed Aug 17 22:23:26 UTC 2016
Simulation ManyBHfar_1bh_p0.1_s0.5_convergence_16x17x25 start at Wed Aug 17 22:23:26 UTC 2016
Still working on ...
Simulation ManyBHfar_1bh_p0.1_s0.5_convergence_16x17x25 end at Wed Aug 17 22:23:38 UTC 2016
Simulation ManyBHfar_1bh_p0.1_s0.5_convergence_24x25x33 start at Wed Aug 17 22:23:38 UTC 2016
Still working on ...
Simulation ManyBHfar_1bh_p0.1_s0.5_convergence_24x25x33 end at Wed Aug 17 22:24:04 UTC 2016
Simulation ManyBHfar_1bh_p0.1_s0.5_convergence_32x33x41 start at Wed Aug 17 22:24:04 UTC 2016
Still working on ...
Simulation ManyBHfar_1bh_p0.1_s0.5_convergence_32x33x41 end at Wed Aug 17 22:24:58 UTC 2016
Simulation ManyBHfar_1bh_p0.1_s0.5_convergence_40x41x49 start at Wed Aug 17 22:24:58 UTC 2016
Still working on ...
Simulation ManyBHfar_1bh_p0.1_s0.5_convergence_40x41x49 end at Wed Aug 17 22:26:31 UTC 2016
Done!
