Simulation 1bh_p0.1_s0.3_convergence
Simulation start at  Wed Aug 17 22:11:51 UTC 2016
Simulation ManyBHnear_1bh_p0.1_s0.3_convergence_4x5x9 start at Wed Aug 17 22:11:51 UTC 2016
Still working on ...
Simulation ManyBHnear_1bh_p0.1_s0.3_convergence_4x5x9 end at Wed Aug 17 22:11:53 UTC 2016
Simulation ManyBHnear_1bh_p0.1_s0.3_convergence_8x9x13 start at Wed Aug 17 22:11:53 UTC 2016
Still working on ...
Simulation ManyBHnear_1bh_p0.1_s0.3_convergence_8x9x13 end at Wed Aug 17 22:11:57 UTC 2016
Simulation ManyBHnear_1bh_p0.1_s0.3_convergence_12x13x17 start at Wed Aug 17 22:11:57 UTC 2016
Still working on ...
Simulation ManyBHnear_1bh_p0.1_s0.3_convergence_12x13x17 end at Wed Aug 17 22:12:01 UTC 2016
Simulation ManyBHnear_1bh_p0.1_s0.3_convergence_16x17x25 start at Wed Aug 17 22:12:01 UTC 2016
Still working on ...
Simulation ManyBHnear_1bh_p0.1_s0.3_convergence_16x17x25 end at Wed Aug 17 22:12:08 UTC 2016
Simulation ManyBHnear_1bh_p0.1_s0.3_convergence_24x25x33 start at Wed Aug 17 22:12:08 UTC 2016
Still working on ...
Simulation ManyBHnear_1bh_p0.1_s0.3_convergence_24x25x33 end at Wed Aug 17 22:12:24 UTC 2016
Simulation ManyBHnear_1bh_p0.1_s0.3_convergence_32x33x41 start at Wed Aug 17 22:12:24 UTC 2016
Still working on ...
Simulation ManyBHnear_1bh_p0.1_s0.3_convergence_32x33x41 end at Wed Aug 17 22:12:52 UTC 2016
Simulation ManyBHnear_1bh_p0.1_s0.3_convergence_40x41x49 start at Wed Aug 17 22:12:52 UTC 2016
Still working on ...
Simulation ManyBHnear_1bh_p0.1_s0.3_convergence_40x41x49 end at Wed Aug 17 22:13:53 UTC 2016
Simulation ManyBHmid_1bh_p0.1_s0.3_convergence_4x5x9 start at Wed Aug 17 22:13:53 UTC 2016
Still working on ...
Simulation ManyBHmid_1bh_p0.1_s0.3_convergence_4x5x9 end at Wed Aug 17 22:14:02 UTC 2016
Simulation ManyBHmid_1bh_p0.1_s0.3_convergence_8x9x13 start at Wed Aug 17 22:14:02 UTC 2016
Still working on ...
Simulation ManyBHmid_1bh_p0.1_s0.3_convergence_8x9x13 end at Wed Aug 17 22:14:10 UTC 2016
Simulation ManyBHmid_1bh_p0.1_s0.3_convergence_12x13x17 start at Wed Aug 17 22:14:10 UTC 2016
Still working on ...
Simulation ManyBHmid_1bh_p0.1_s0.3_convergence_12x13x17 end at Wed Aug 17 22:14:26 UTC 2016
Simulation ManyBHmid_1bh_p0.1_s0.3_convergence_16x17x25 start at Wed Aug 17 22:14:26 UTC 2016
Still working on ...
Simulation ManyBHmid_1bh_p0.1_s0.3_convergence_16x17x25 end at Wed Aug 17 22:14:49 UTC 2016
Simulation ManyBHmid_1bh_p0.1_s0.3_convergence_24x25x33 start at Wed Aug 17 22:14:49 UTC 2016
Still working on ...
Simulation ManyBHmid_1bh_p0.1_s0.3_convergence_24x25x33 end at Wed Aug 17 22:15:30 UTC 2016
Simulation ManyBHmid_1bh_p0.1_s0.3_convergence_32x33x41 start at Wed Aug 17 22:15:30 UTC 2016
Still working on ...
Simulation ManyBHmid_1bh_p0.1_s0.3_convergence_32x33x41 end at Wed Aug 17 22:16:36 UTC 2016
Simulation ManyBHmid_1bh_p0.1_s0.3_convergence_40x41x49 start at Wed Aug 17 22:16:36 UTC 2016
Still working on ...
Simulation ManyBHmid_1bh_p0.1_s0.3_convergence_40x41x49 end at Wed Aug 17 22:18:24 UTC 2016
Simulation ManyBHfar_1bh_p0.1_s0.3_convergence_4x5x9 start at Wed Aug 17 22:18:24 UTC 2016
Still working on ...
Simulation ManyBHfar_1bh_p0.1_s0.3_convergence_4x5x9 end at Wed Aug 17 22:18:29 UTC 2016
Simulation ManyBHfar_1bh_p0.1_s0.3_convergence_8x9x13 start at Wed Aug 17 22:18:29 UTC 2016
Still working on ...
Simulation ManyBHfar_1bh_p0.1_s0.3_convergence_8x9x13 end at Wed Aug 17 22:18:35 UTC 2016
Simulation ManyBHfar_1bh_p0.1_s0.3_convergence_12x13x17 start at Wed Aug 17 22:18:35 UTC 2016
Still working on ...
Simulation ManyBHfar_1bh_p0.1_s0.3_convergence_12x13x17 end at Wed Aug 17 22:18:43 UTC 2016
Simulation ManyBHfar_1bh_p0.1_s0.3_convergence_16x17x25 start at Wed Aug 17 22:18:43 UTC 2016
Still working on ...
Simulation ManyBHfar_1bh_p0.1_s0.3_convergence_16x17x25 end at Wed Aug 17 22:18:57 UTC 2016
Simulation ManyBHfar_1bh_p0.1_s0.3_convergence_24x25x33 start at Wed Aug 17 22:18:57 UTC 2016
Still working on ...
Simulation ManyBHfar_1bh_p0.1_s0.3_convergence_24x25x33 end at Wed Aug 17 22:19:24 UTC 2016
Simulation ManyBHfar_1bh_p0.1_s0.3_convergence_32x33x41 start at Wed Aug 17 22:19:24 UTC 2016
Still working on ...
Simulation ManyBHfar_1bh_p0.1_s0.3_convergence_32x33x41 end at Wed Aug 17 22:20:18 UTC 2016
Simulation ManyBHfar_1bh_p0.1_s0.3_convergence_40x41x49 start at Wed Aug 17 22:20:18 UTC 2016
Still working on ...
Simulation ManyBHfar_1bh_p0.1_s0.3_convergence_40x41x49 end at Wed Aug 17 22:21:53 UTC 2016
Done!
