Simulation 1bh_p0.3_dx0.003125_convergence
Simulation start at  Mon Aug 15 22:28:50 UTC 2016
Simulation ManyBHnear_1bh_p0.3_dx0.003125_convergence_4x5x9 start at Mon Aug 15 22:28:50 UTC 2016
Still working on ...
Simulation ManyBHnear_1bh_p0.3_dx0.003125_convergence_4x5x9 end at Mon Aug 15 22:28:52 UTC 2016
Simulation ManyBHnear_1bh_p0.3_dx0.003125_convergence_8x9x13 start at Mon Aug 15 22:28:52 UTC 2016
Still working on ...
Simulation ManyBHnear_1bh_p0.3_dx0.003125_convergence_8x9x13 end at Mon Aug 15 22:28:55 UTC 2016
Simulation ManyBHnear_1bh_p0.3_dx0.003125_convergence_12x13x17 start at Mon Aug 15 22:28:55 UTC 2016
Still working on ...
Simulation ManyBHnear_1bh_p0.3_dx0.003125_convergence_12x13x17 end at Mon Aug 15 22:28:59 UTC 2016
Simulation ManyBHnear_1bh_p0.3_dx0.003125_convergence_16x17x25 start at Mon Aug 15 22:28:59 UTC 2016
Still working on ...
Simulation ManyBHnear_1bh_p0.3_dx0.003125_convergence_16x17x25 end at Mon Aug 15 22:29:05 UTC 2016
Simulation ManyBHnear_1bh_p0.3_dx0.003125_convergence_24x25x33 start at Mon Aug 15 22:29:05 UTC 2016
Still working on ...
Simulation ManyBHnear_1bh_p0.3_dx0.003125_convergence_24x25x33 end at Mon Aug 15 22:29:16 UTC 2016
Simulation ManyBHnear_1bh_p0.3_dx0.003125_convergence_32x33x41 start at Mon Aug 15 22:29:16 UTC 2016
Still working on ...
Simulation ManyBHnear_1bh_p0.3_dx0.003125_convergence_32x33x41 end at Mon Aug 15 22:29:37 UTC 2016
Simulation ManyBHnear_1bh_p0.3_dx0.003125_convergence_40x41x49 start at Mon Aug 15 22:29:37 UTC 2016
Still working on ...
Simulation ManyBHnear_1bh_p0.3_dx0.003125_convergence_40x41x49 end at Mon Aug 15 22:30:21 UTC 2016
Simulation ManyBHmid_1bh_p0.3_dx0.003125_convergence_4x5x9 start at Mon Aug 15 22:30:21 UTC 2016
Still working on ...
Simulation ManyBHmid_1bh_p0.3_dx0.003125_convergence_4x5x9 end at Mon Aug 15 22:30:27 UTC 2016
Simulation ManyBHmid_1bh_p0.3_dx0.003125_convergence_8x9x13 start at Mon Aug 15 22:30:27 UTC 2016
Still working on ...
Simulation ManyBHmid_1bh_p0.3_dx0.003125_convergence_8x9x13 end at Mon Aug 15 22:30:34 UTC 2016
Simulation ManyBHmid_1bh_p0.3_dx0.003125_convergence_12x13x17 start at Mon Aug 15 22:30:34 UTC 2016
Still working on ...
Simulation ManyBHmid_1bh_p0.3_dx0.003125_convergence_12x13x17 end at Mon Aug 15 22:30:43 UTC 2016
Simulation ManyBHmid_1bh_p0.3_dx0.003125_convergence_16x17x25 start at Mon Aug 15 22:30:43 UTC 2016
Still working on ...
Simulation ManyBHmid_1bh_p0.3_dx0.003125_convergence_16x17x25 end at Mon Aug 15 22:30:52 UTC 2016
Simulation ManyBHmid_1bh_p0.3_dx0.003125_convergence_24x25x33 start at Mon Aug 15 22:30:52 UTC 2016
Still working on ...
Simulation ManyBHmid_1bh_p0.3_dx0.003125_convergence_24x25x33 end at Mon Aug 15 22:31:09 UTC 2016
Simulation ManyBHmid_1bh_p0.3_dx0.003125_convergence_32x33x41 start at Mon Aug 15 22:31:09 UTC 2016
Still working on ...
Simulation ManyBHmid_1bh_p0.3_dx0.003125_convergence_32x33x41 end at Mon Aug 15 22:31:37 UTC 2016
Simulation ManyBHmid_1bh_p0.3_dx0.003125_convergence_40x41x49 start at Mon Aug 15 22:31:37 UTC 2016
Still working on ...
Simulation ManyBHmid_1bh_p0.3_dx0.003125_convergence_40x41x49 end at Mon Aug 15 22:32:31 UTC 2016
Simulation ManyBHfar_1bh_p0.3_dx0.003125_convergence_4x5x9 start at Mon Aug 15 22:32:31 UTC 2016
Still working on ...
Simulation ManyBHfar_1bh_p0.3_dx0.003125_convergence_4x5x9 end at Mon Aug 15 22:32:34 UTC 2016
Simulation ManyBHfar_1bh_p0.3_dx0.003125_convergence_8x9x13 start at Mon Aug 15 22:32:34 UTC 2016
Still working on ...
Simulation ManyBHfar_1bh_p0.3_dx0.003125_convergence_8x9x13 end at Mon Aug 15 22:32:37 UTC 2016
Simulation ManyBHfar_1bh_p0.3_dx0.003125_convergence_12x13x17 start at Mon Aug 15 22:32:37 UTC 2016
Still working on ...
Simulation ManyBHfar_1bh_p0.3_dx0.003125_convergence_12x13x17 end at Mon Aug 15 22:32:41 UTC 2016
Simulation ManyBHfar_1bh_p0.3_dx0.003125_convergence_16x17x25 start at Mon Aug 15 22:32:41 UTC 2016
Still working on ...
Simulation ManyBHfar_1bh_p0.3_dx0.003125_convergence_16x17x25 end at Mon Aug 15 22:32:48 UTC 2016
Simulation ManyBHfar_1bh_p0.3_dx0.003125_convergence_24x25x33 start at Mon Aug 15 22:32:48 UTC 2016
Still working on ...
Simulation ManyBHfar_1bh_p0.3_dx0.003125_convergence_24x25x33 end at Mon Aug 15 22:33:03 UTC 2016
Simulation ManyBHfar_1bh_p0.3_dx0.003125_convergence_32x33x41 start at Mon Aug 15 22:33:03 UTC 2016
Still working on ...
Simulation ManyBHfar_1bh_p0.3_dx0.003125_convergence_32x33x41 end at Mon Aug 15 22:33:26 UTC 2016
Simulation ManyBHfar_1bh_p0.3_dx0.003125_convergence_40x41x49 start at Mon Aug 15 22:33:26 UTC 2016
Still working on ...
Simulation ManyBHfar_1bh_p0.3_dx0.003125_convergence_40x41x49 end at Mon Aug 15 22:34:11 UTC 2016
Done!
