Simulation 1bh_p0.0_nos
Simulation start at  Wed Jul 6 05:04:51 UTC 2016
Simulation ManyBHnear_1bh_p0.0_nos_12x13x17 start at Wed Jul 6 05:04:51 UTC 2016
Still working on ...
Simulation ManyBHnear_1bh_p0.0_nos_12x13x17 end at Wed Jul 6 05:04:54 UTC 2016
Simulation ManyBHnear_1bh_p0.0_nos_16x17x25 start at Wed Jul 6 05:04:54 UTC 2016
Still working on ...
Simulation ManyBHnear_1bh_p0.0_nos_16x17x25 end at Wed Jul 6 05:04:57 UTC 2016
Simulation ManyBHnear_1bh_p0.0_nos_24x25x33 start at Wed Jul 6 05:04:57 UTC 2016
Still working on ...
Simulation ManyBHnear_1bh_p0.0_nos_24x25x33 end at Wed Jul 6 05:05:01 UTC 2016
Simulation ManyBHnear_1bh_p0.0_nos_32x33x41 start at Wed Jul 6 05:05:01 UTC 2016
Still working on ...
Simulation ManyBHnear_1bh_p0.0_nos_32x33x41 end at Wed Jul 6 05:05:10 UTC 2016
Simulation ManyBHnear_1bh_p0.0_nos_40x41x49 start at Wed Jul 6 05:05:10 UTC 2016
Still working on ...
Simulation ManyBHnear_1bh_p0.0_nos_40x41x49 end at Wed Jul 6 05:05:23 UTC 2016
Simulation ManyBHmid_1bh_p0.0_nos_12x13x17 start at Wed Jul 6 05:05:23 UTC 2016
Still working on ...
Simulation ManyBHmid_1bh_p0.0_nos_12x13x17 end at Wed Jul 6 05:05:28 UTC 2016
Simulation ManyBHmid_1bh_p0.0_nos_16x17x25 start at Wed Jul 6 05:05:28 UTC 2016
Still working on ...
Simulation ManyBHmid_1bh_p0.0_nos_16x17x25 end at Wed Jul 6 05:05:34 UTC 2016
Simulation ManyBHmid_1bh_p0.0_nos_24x25x33 start at Wed Jul 6 05:05:34 UTC 2016
Still working on ...
Simulation ManyBHmid_1bh_p0.0_nos_24x25x33 end at Wed Jul 6 05:05:42 UTC 2016
Simulation ManyBHmid_1bh_p0.0_nos_32x33x41 start at Wed Jul 6 05:05:42 UTC 2016
Still working on ...
Simulation ManyBHmid_1bh_p0.0_nos_32x33x41 end at Wed Jul 6 05:05:54 UTC 2016
Simulation ManyBHmid_1bh_p0.0_nos_40x41x49 start at Wed Jul 6 05:05:54 UTC 2016
Still working on ...
Simulation ManyBHmid_1bh_p0.0_nos_40x41x49 end at Wed Jul 6 05:06:14 UTC 2016
Simulation ManyBHfar_1bh_p0.0_nos_12x13x17 start at Wed Jul 6 05:06:14 UTC 2016
Still working on ...
Simulation ManyBHfar_1bh_p0.0_nos_12x13x17 end at Wed Jul 6 05:06:17 UTC 2016
Simulation ManyBHfar_1bh_p0.0_nos_16x17x25 start at Wed Jul 6 05:06:17 UTC 2016
Still working on ...
Simulation ManyBHfar_1bh_p0.0_nos_16x17x25 end at Wed Jul 6 05:06:20 UTC 2016
Simulation ManyBHfar_1bh_p0.0_nos_24x25x33 start at Wed Jul 6 05:06:20 UTC 2016
Still working on ...
Simulation ManyBHfar_1bh_p0.0_nos_24x25x33 end at Wed Jul 6 05:06:26 UTC 2016
Simulation ManyBHfar_1bh_p0.0_nos_32x33x41 start at Wed Jul 6 05:06:26 UTC 2016
Still working on ...
Simulation ManyBHfar_1bh_p0.0_nos_32x33x41 end at Wed Jul 6 05:06:35 UTC 2016
Simulation ManyBHfar_1bh_p0.0_nos_40x41x49 start at Wed Jul 6 05:06:35 UTC 2016
Still working on ...
Simulation ManyBHfar_1bh_p0.0_nos_40x41x49 end at Wed Jul 6 05:06:50 UTC 2016
Done!
