Simulation 1bh_p0.0_nos
Simulation start at  Mon Jul 4 20:54:40 UTC 2016
Simulation ManyBHnear_1bh_p0.0_nos_12x13x17 start at Mon Jul 4 20:54:40 UTC 2016
Still working on ...
Simulation ManyBHnear_1bh_p0.0_nos_12x13x17 end at Mon Jul 4 20:55:46 UTC 2016
Simulation ManyBHnear_1bh_p0.0_nos_16x17x25 start at Mon Jul 4 20:55:46 UTC 2016
Still working on ...
Simulation ManyBHnear_1bh_p0.0_nos_16x17x25 end at Mon Jul 4 21:02:51 UTC 2016
Simulation ManyBHnear_1bh_p0.0_nos_24x25x33 start at Mon Jul 4 21:02:52 UTC 2016
Still working on ...
Simulation ManyBHnear_1bh_p0.0_nos_24x25x33 end at Mon Jul 4 21:19:46 UTC 2016
Simulation ManyBHnear_1bh_p0.0_nos_32x33x41 start at Mon Jul 4 21:19:46 UTC 2016
Still working on ...
Simulation ManyBHnear_1bh_p0.0_nos_32x33x41 end at Mon Jul 4 21:52:09 UTC 2016
Simulation ManyBHnear_1bh_p0.0_nos_40x41x49 start at Mon Jul 4 21:52:09 UTC 2016
Still working on ...
Simulation ManyBHnear_1bh_p0.0_nos_40x41x49 end at Mon Jul 4 22:50:37 UTC 2016
Simulation ManyBHmid_1bh_p0.0_nos_12x13x17 start at Mon Jul 4 22:50:37 UTC 2016
Still working on ...
Simulation ManyBHmid_1bh_p0.0_nos_12x13x17 end at Mon Jul 4 22:53:55 UTC 2016
Simulation ManyBHmid_1bh_p0.0_nos_16x17x25 start at Mon Jul 4 22:53:55 UTC 2016
Still working on ...
Simulation ManyBHmid_1bh_p0.0_nos_16x17x25 end at Mon Jul 4 23:01:48 UTC 2016
Simulation ManyBHmid_1bh_p0.0_nos_24x25x33 start at Mon Jul 4 23:01:48 UTC 2016
Still working on ...
Simulation ManyBHmid_1bh_p0.0_nos_24x25x33 end at Mon Jul 4 23:18:40 UTC 2016
Simulation ManyBHmid_1bh_p0.0_nos_32x33x41 start at Mon Jul 4 23:18:40 UTC 2016
Still working on ...
Simulation ManyBHmid_1bh_p0.0_nos_32x33x41 end at Mon Jul 4 23:51:32 UTC 2016
Simulation ManyBHmid_1bh_p0.0_nos_40x41x49 start at Mon Jul 4 23:51:32 UTC 2016
Still working on ...
Simulation ManyBHmid_1bh_p0.0_nos_40x41x49 end at Tue Jul 5 00:50:05 UTC 2016
Simulation ManyBHfar_1bh_p0.0_nos_12x13x17 start at Tue Jul 5 00:50:05 UTC 2016
Still working on ...
Simulation ManyBHfar_1bh_p0.0_nos_12x13x17 end at Tue Jul 5 00:53:13 UTC 2016
Simulation ManyBHfar_1bh_p0.0_nos_16x17x25 start at Tue Jul 5 00:53:13 UTC 2016
Still working on ...
Simulation ManyBHfar_1bh_p0.0_nos_16x17x25 end at Tue Jul 5 01:00:50 UTC 2016
Simulation ManyBHfar_1bh_p0.0_nos_24x25x33 start at Tue Jul 5 01:00:50 UTC 2016
Still working on ...
Simulation ManyBHfar_1bh_p0.0_nos_24x25x33 end at Tue Jul 5 01:17:38 UTC 2016
Simulation ManyBHfar_1bh_p0.0_nos_32x33x41 start at Tue Jul 5 01:17:38 UTC 2016
Still working on ...
Simulation ManyBHfar_1bh_p0.0_nos_32x33x41 end at Tue Jul 5 01:49:47 UTC 2016
Simulation ManyBHfar_1bh_p0.0_nos_40x41x49 start at Tue Jul 5 01:49:47 UTC 2016
Still working on ...
Simulation ManyBHfar_1bh_p0.0_nos_40x41x49 end at Tue Jul 5 02:48:39 UTC 2016
Done!
