Simulation 1bh_p0.1_dx0.003125_near_convergence
Simulation start at  Sun Aug 14 04:32:00 UTC 2016
Simulation ManyBHnear_1bh_p0.1_dx0.003125_near_convergence_4x5x9 start at Sun Aug 14 04:32:00 UTC 2016
Still working on ...
Simulation ManyBHnear_1bh_p0.1_dx0.003125_near_convergence_4x5x9 end at Sun Aug 14 04:32:08 UTC 2016
Simulation ManyBHnear_1bh_p0.1_dx0.003125_near_convergence_12x13x17 start at Sun Aug 14 04:32:08 UTC 2016
Still working on ...
Simulation ManyBHnear_1bh_p0.1_dx0.003125_near_convergence_12x13x17 end at Sun Aug 14 04:32:11 UTC 2016
Simulation ManyBHnear_1bh_p0.1_dx0.003125_near_convergence_16x17x25 start at Sun Aug 14 04:32:11 UTC 2016
Still working on ...
Simulation ManyBHnear_1bh_p0.1_dx0.003125_near_convergence_16x17x25 end at Sun Aug 14 04:32:16 UTC 2016
Simulation ManyBHnear_1bh_p0.1_dx0.003125_near_convergence_24x25x33 start at Sun Aug 14 04:32:16 UTC 2016
Still working on ...
Simulation ManyBHnear_1bh_p0.1_dx0.003125_near_convergence_24x25x33 end at Sun Aug 14 04:32:24 UTC 2016
Simulation ManyBHnear_1bh_p0.1_dx0.003125_near_convergence_32x33x41 start at Sun Aug 14 04:32:24 UTC 2016
Still working on ...
Simulation ManyBHnear_1bh_p0.1_dx0.003125_near_convergence_32x33x41 end at Sun Aug 14 04:32:38 UTC 2016
Simulation ManyBHnear_1bh_p0.1_dx0.003125_near_convergence_40x41x49 start at Sun Aug 14 04:32:38 UTC 2016
Still working on ...
Simulation ManyBHnear_1bh_p0.1_dx0.003125_near_convergence_40x41x49 end at Sun Aug 14 04:33:04 UTC 2016
