Simulation 1bh_p0.75_dx0.0125_near_convergence
Simulation start at  Sun Aug 14 07:50:50 UTC 2016
Simulation ManyBHnear_1bh_p0.75_dx0.0125_near_convergence_4x5x9 start at Sun Aug 14 07:50:50 UTC 2016
Still working on ...
Simulation ManyBHnear_1bh_p0.75_dx0.0125_near_convergence_4x5x9 end at Sun Aug 14 07:50:52 UTC 2016
Simulation ManyBHnear_1bh_p0.75_dx0.0125_near_convergence_8x9x13 start at Sun Aug 14 07:50:52 UTC 2016
Still working on ...
Simulation ManyBHnear_1bh_p0.75_dx0.0125_near_convergence_8x9x13 end at Sun Aug 14 07:50:56 UTC 2016
Simulation ManyBHnear_1bh_p0.75_dx0.0125_near_convergence_12x13x17 start at Sun Aug 14 07:50:56 UTC 2016
Still working on ...
Simulation ManyBHnear_1bh_p0.75_dx0.0125_near_convergence_12x13x17 end at Sun Aug 14 07:51:01 UTC 2016
Simulation ManyBHnear_1bh_p0.75_dx0.0125_near_convergence_16x17x25 start at Sun Aug 14 07:51:01 UTC 2016
Still working on ...
Simulation ManyBHnear_1bh_p0.75_dx0.0125_near_convergence_16x17x25 end at Sun Aug 14 07:51:10 UTC 2016
Simulation ManyBHnear_1bh_p0.75_dx0.0125_near_convergence_24x25x33 start at Sun Aug 14 07:51:10 UTC 2016
Still working on ...
Simulation ManyBHnear_1bh_p0.75_dx0.0125_near_convergence_24x25x33 end at Sun Aug 14 07:51:27 UTC 2016
Simulation ManyBHnear_1bh_p0.75_dx0.0125_near_convergence_32x33x41 start at Sun Aug 14 07:51:27 UTC 2016
Still working on ...
Simulation ManyBHnear_1bh_p0.75_dx0.0125_near_convergence_32x33x41 end at Sun Aug 14 07:52:01 UTC 2016
Simulation ManyBHnear_1bh_p0.75_dx0.0125_near_convergence_40x41x49 start at Sun Aug 14 07:52:01 UTC 2016
Still working on ...
Simulation ManyBHnear_1bh_p0.75_dx0.0125_near_convergence_40x41x49 end at Sun Aug 14 07:53:02 UTC 2016
Simulation ManyBHmid_1bh_p0.75_dx0.0125_near_convergence_4x5x9 start at Sun Aug 14 07:53:02 UTC 2016
Still working on ...
Simulation ManyBHmid_1bh_p0.75_dx0.0125_near_convergence_4x5x9 end at Sun Aug 14 07:53:07 UTC 2016
Simulation ManyBHmid_1bh_p0.75_dx0.0125_near_convergence_8x9x13 start at Sun Aug 14 07:53:07 UTC 2016
Still working on ...
Simulation ManyBHmid_1bh_p0.75_dx0.0125_near_convergence_8x9x13 end at Sun Aug 14 07:53:13 UTC 2016
Simulation ManyBHmid_1bh_p0.75_dx0.0125_near_convergence_12x13x17 start at Sun Aug 14 07:53:13 UTC 2016
Still working on ...
Simulation ManyBHmid_1bh_p0.75_dx0.0125_near_convergence_12x13x17 end at Sun Aug 14 07:53:21 UTC 2016
Simulation ManyBHmid_1bh_p0.75_dx0.0125_near_convergence_16x17x25 start at Sun Aug 14 07:53:21 UTC 2016
Still working on ...
Simulation ManyBHmid_1bh_p0.75_dx0.0125_near_convergence_16x17x25 end at Sun Aug 14 07:53:33 UTC 2016
Simulation ManyBHmid_1bh_p0.75_dx0.0125_near_convergence_24x25x33 start at Sun Aug 14 07:53:33 UTC 2016
Still working on ...
Simulation ManyBHmid_1bh_p0.75_dx0.0125_near_convergence_24x25x33 end at Sun Aug 14 07:53:54 UTC 2016
Simulation ManyBHmid_1bh_p0.75_dx0.0125_near_convergence_32x33x41 start at Sun Aug 14 07:53:54 UTC 2016
Still working on ...
Simulation ManyBHmid_1bh_p0.75_dx0.0125_near_convergence_32x33x41 end at Sun Aug 14 07:54:32 UTC 2016
Simulation ManyBHmid_1bh_p0.75_dx0.0125_near_convergence_40x41x49 start at Sun Aug 14 07:54:32 UTC 2016
Still working on ...
Simulation ManyBHmid_1bh_p0.75_dx0.0125_near_convergence_40x41x49 end at Sun Aug 14 07:55:40 UTC 2016
Simulation ManyBHfar_1bh_p0.75_dx0.0125_near_convergence_4x5x9 start at Sun Aug 14 07:55:40 UTC 2016
Still working on ...
Simulation ManyBHfar_1bh_p0.75_dx0.0125_near_convergence_4x5x9 end at Sun Aug 14 07:55:42 UTC 2016
Simulation ManyBHfar_1bh_p0.75_dx0.0125_near_convergence_8x9x13 start at Sun Aug 14 07:55:42 UTC 2016
Still working on ...
Simulation ManyBHfar_1bh_p0.75_dx0.0125_near_convergence_8x9x13 end at Sun Aug 14 07:55:45 UTC 2016
Simulation ManyBHfar_1bh_p0.75_dx0.0125_near_convergence_12x13x17 start at Sun Aug 14 07:55:45 UTC 2016
Still working on ...
Simulation ManyBHfar_1bh_p0.75_dx0.0125_near_convergence_12x13x17 end at Sun Aug 14 07:55:50 UTC 2016
Simulation ManyBHfar_1bh_p0.75_dx0.0125_near_convergence_16x17x25 start at Sun Aug 14 07:55:50 UTC 2016
Still working on ...
Simulation ManyBHfar_1bh_p0.75_dx0.0125_near_convergence_16x17x25 end at Sun Aug 14 07:55:59 UTC 2016
Simulation ManyBHfar_1bh_p0.75_dx0.0125_near_convergence_24x25x33 start at Sun Aug 14 07:55:59 UTC 2016
Still working on ...
Simulation ManyBHfar_1bh_p0.75_dx0.0125_near_convergence_24x25x33 end at Sun Aug 14 07:56:17 UTC 2016
Simulation ManyBHfar_1bh_p0.75_dx0.0125_near_convergence_32x33x41 start at Sun Aug 14 07:56:17 UTC 2016
Still working on ...
Simulation ManyBHfar_1bh_p0.75_dx0.0125_near_convergence_32x33x41 end at Sun Aug 14 07:56:50 UTC 2016
Simulation ManyBHfar_1bh_p0.75_dx0.0125_near_convergence_40x41x49 start at Sun Aug 14 07:56:50 UTC 2016
Still working on ...
Simulation ManyBHfar_1bh_p0.75_dx0.0125_near_convergence_40x41x49 end at Sun Aug 14 07:57:52 UTC 2016
Done!
