--------------------------------------------------------------------------------

       10                                  
  1   0101       ************************  
  01  1010 10      The Cactus Code V4.3.0    
 1010 1101 011      www.cactuscode.org     
  1001 100101    ************************  
    00010101                               
     100011     (c) Copyright The Authors  
      0100      GNU Licensed. No Warranty  
      0101                                 
--------------------------------------------------------------------------------

Cactus version:    4.3.0
Compile date:      Jun 22 2016 (05:41:30)
Run date:          Jun 22 2016 (05:45:09+0000)
Run host:          127.0.0.1ip-172-30-0-219 (pid=30471)
Working directory: /home/admin/simulations/2bh_diffm_WithSpin_WithMomentum
Executable:        ./cactus_manybhexe
Parameter file:    manybhnear_2bh_unequalmass_q_1_to_8_bh1_Py0.054063_S0_m0.10174_bh2_Py-0.054063_Sx0.31957_Sy-0.55351_m0.55179_away0.5_40x41x49.par
--------------------------------------------------------------------------------

Activating thorn Cactus...Success -> active implementation Cactus
Activation requested for 
--->Time MoL cartgrid3d IOUtil Carpet CarpetLib CarpetInterp CarpetReduce CarpetSlab ADMBase ADMCoupling ADMMacros CoordBase CoordGauge SpaceMask StaticConformal TmunuBase LoopControl Boundary SymBase InitBase Slab LocalInterp GenericFD AEILocalInterp ML_BSSN ML_BSSN_Helper ADMConstraints Fortran GSL ManyBH NaNChecker CarpetIOBasic CarpetIOScalar CarpetIOASCII TimerReport <---
Thorn Carpet requests automatic activation of MPI
Thorn Carpet requests automatic activation of Timers
Thorn CarpetLib requests automatic activation of Vectors
Thorn CarpetLib requests automatic activation of CycleClock
Thorn LoopControl requests automatic activation of hwloc
Thorn ManyBH requests automatic activation of LORENE
Thorn hwloc requests automatic activation of zlib
Thorn LORENE requests automatic activation of BLAS
Thorn LORENE requests automatic activation of LAPACK
Activating thorn ADMBase...Success -> active implementation ADMBase
Activating thorn ADMConstraints...Success -> active implementation admconstraints
Activating thorn ADMCoupling...Success -> active implementation ADMCoupling
Activating thorn ADMMacros...Success -> active implementation ADMMacros
Activating thorn AEILocalInterp...Success -> active implementation AEILocalInterp
Activating thorn BLAS...Success -> active implementation BLAS
Activating thorn Boundary...Success -> active implementation boundary
Activating thorn Carpet...Success -> active implementation Driver
Activating thorn CarpetInterp...Success -> active implementation interp
Activating thorn CarpetIOASCII...Success -> active implementation IOASCII
Activating thorn CarpetIOBasic...Success -> active implementation IOBasic
Activating thorn CarpetIOScalar...Success -> active implementation IOScalar
Activating thorn CarpetLib...Success -> active implementation CarpetLib
Activating thorn CarpetReduce...Success -> active implementation reduce
Activating thorn CarpetSlab...Success -> active implementation Hyperslab
Activating thorn cartgrid3d...Success -> active implementation grid
Activating thorn CoordBase...Success -> active implementation CoordBase
Activating thorn CoordGauge...Success -> active implementation CoordGauge
Activating thorn CycleClock...Success -> active implementation CycleClock
Activating thorn Fortran...Success -> active implementation Fortran
Activating thorn GenericFD...Success -> active implementation GenericFD
Activating thorn GSL...Success -> active implementation GSL
Activating thorn hwloc...Success -> active implementation hwloc
Activating thorn InitBase...Success -> active implementation InitBase
Activating thorn IOUtil...Success -> active implementation IO
Activating thorn LAPACK...Success -> active implementation LAPACK
Activating thorn LocalInterp...Success -> active implementation LocalInterp
Activating thorn LoopControl...Success -> active implementation LoopControl
Activating thorn LORENE...Success -> active implementation LORENE
ActivWARNING level 1 from host 127.0.0.1ip-172-30-0-219 process 0
  while executing schedule bin (none), routine (no thorn)::(no routine)
  in thorn Cactus, file /home/admin/Cactus/configs/test/build/Cactus/main/SetParams.c:125:
  -> Major error in parameter file 'manybhnear_2bh_unequalmass_q_1_to_8_bh1_Py0.054063_S0_m0.10174_bh2_Py-0.054063_Sx0.31957_Sy-0.55351_m0.55179_away0.5_40x41x49.par' line 183: Parameter 'ManyBH::rsurf' not found
WARNING level 1 from host 127.0.0.1ip-172-30-0-219 process 0
  while executing schedule bin (none), routine (no thorn)::(no routine)
  in thorn Cactus, file /home/admin/Cactus/configs/test/build/Cactus/main/SetParams.c:125:
  -> Major error in parameter file 'manybhnear_2bh_unequalmass_q_1_to_8_bh1_Py0.054063_S0_m0.10174_bh2_Py-0.054063_Sx0.31957_Sy-0.55351_m0.55179_away0.5_40x41x49.par' line 195: Parameter 'ManyBH::puncpower' not found
WARNING level 0 from host 127.0.0.1ip-172-30-0-219 process 0
  while executing schedule bin (none), routine (no thorn)::(no routine)
  in thorn Cactus, file /home/admin/Cactus/configs/test/build/Cactus/main/ProcessParameterDatabase.c:195:
  -> CCTKi_SetParameterSetMask: 2 major errors in parameter file
ating thorn ManyBH...Success -> active implementation ManyBH
Activating thorn ML_BSSN...Success -> active implementation ML_BSSN
Activating thorn ML_BSSN_Helper...Success -> active implementation ML_BSSN_Helper
Activating thorn MoL...Success -> active implementation MethodOfLines
Activating thorn MPI...Success -> active implementation MPI
Activating thorn NaNChecker...Success -> active implementation NaNChecker
Activating thorn Slab...Success -> active implementation Slab
Activating thorn SpaceMask...Success -> active implementation SpaceMask
Activating thorn StaticConformal...Success -> active implementation StaticConformal
Activating thorn SymBase...Success -> active implementation SymBase
Activating thorn Time...Success -> active implementation time
Activating thorn TimerReport...Success -> active implementation timerreport
Activating thorn Timers...Success -> active implementation Timers
Activating thorn TmunuBase...Success -> active implementation TmunuBase
Activating thorn Vectors...Success -> active implementation Vectors
Activating thorn zlib...Success -> active implementation zlib
WARNING level 0 from host 127.0.0.1ip-172-30-0-219 process 0
  while executing schedule bin (none), routine (no thorn)::(no routine)
  in thorn Cactus, file /home/admin/Cactus/configs/test/build/Cactus/main/ProcessParameterDatabase.c:195:
  -> CCTKi_SetParameterSetMask: 2 major errors in parameter file
--------------------------------------------------------------------------
MPI_ABORT was invoked on rank 0 in communicator MPI_COMM_WORLD 
with errorcode 0.

NOTE: invoking MPI_ABORT causes Open MPI to kill all MPI processes.
You may or may not see output from other processes, depending on
exactly when Open MPI kills them.
--------------------------------------------------------------------------
