Simulation 1bh_p0.1_dx0.0015625_near_convergence_smallergrid_0.1away
Simulation start at  Wed Aug 10 05:55:12 UTC 2016
Simulation ManyBHnear_1bh_p0.1_dx0.0015625_near_convergence_smallergrid_0.1away_4x5x9 start at Wed Aug 10 05:55:12 UTC 2016
Still working on ...
Simulation ManyBHnear_1bh_p0.1_dx0.0015625_near_convergence_smallergrid_0.1away_4x5x9 end at Wed Aug 10 05:55:19 UTC 2016
Simulation ManyBHnear_1bh_p0.1_dx0.0015625_near_convergence_smallergrid_0.1away_12x13x17 start at Wed Aug 10 05:55:19 UTC 2016
Still working on ...
Simulation ManyBHnear_1bh_p0.1_dx0.0015625_near_convergence_smallergrid_0.1away_12x13x17 end at Wed Aug 10 05:55:29 UTC 2016
Simulation ManyBHnear_1bh_p0.1_dx0.0015625_near_convergence_smallergrid_0.1away_16x17x25 start at Wed Aug 10 05:55:29 UTC 2016
Still working on ...
Simulation ManyBHnear_1bh_p0.1_dx0.0015625_near_convergence_smallergrid_0.1away_16x17x25 end at Wed Aug 10 05:55:41 UTC 2016
Simulation ManyBHnear_1bh_p0.1_dx0.0015625_near_convergence_smallergrid_0.1away_24x25x33 start at Wed Aug 10 05:55:41 UTC 2016
Still working on ...
Simulation ManyBHnear_1bh_p0.1_dx0.0015625_near_convergence_smallergrid_0.1away_24x25x33 end at Wed Aug 10 05:56:05 UTC 2016
Simulation ManyBHnear_1bh_p0.1_dx0.0015625_near_convergence_smallergrid_0.1away_32x33x41 start at Wed Aug 10 05:56:05 UTC 2016
Still working on ...
Simulation ManyBHnear_1bh_p0.1_dx0.0015625_near_convergence_smallergrid_0.1away_32x33x41 end at Wed Aug 10 05:56:45 UTC 2016
Simulation ManyBHnear_1bh_p0.1_dx0.0015625_near_convergence_smallergrid_0.1away_40x41x49 start at Wed Aug 10 05:56:45 UTC 2016
Still working on ...
Simulation ManyBHnear_1bh_p0.1_dx0.0015625_near_convergence_smallergrid_0.1away_40x41x49 end at Wed Aug 10 05:57:58 UTC 2016
Simulation ManyBHmid_1bh_p0.1_dx0.0015625_near_convergence_smallergrid_0.1away_4x5x9 start at Wed Aug 10 05:57:58 UTC 2016
Still working on ...
Simulation ManyBHmid_1bh_p0.1_dx0.0015625_near_convergence_smallergrid_0.1away_4x5x9 end at Wed Aug 10 05:58:03 UTC 2016
Simulation ManyBHmid_1bh_p0.1_dx0.0015625_near_convergence_smallergrid_0.1away_12x13x17 start at Wed Aug 10 05:58:03 UTC 2016
Still working on ...
Simulation ManyBHmid_1bh_p0.1_dx0.0015625_near_convergence_smallergrid_0.1away_12x13x17 end at Wed Aug 10 05:58:09 UTC 2016
Simulation ManyBHmid_1bh_p0.1_dx0.0015625_near_convergence_smallergrid_0.1away_16x17x25 start at Wed Aug 10 05:58:09 UTC 2016
Still working on ...
Simulation ManyBHmid_1bh_p0.1_dx0.0015625_near_convergence_smallergrid_0.1away_16x17x25 end at Wed Aug 10 05:58:16 UTC 2016
Simulation ManyBHmid_1bh_p0.1_dx0.0015625_near_convergence_smallergrid_0.1away_24x25x33 start at Wed Aug 10 05:58:16 UTC 2016
Still working on ...
Simulation ManyBHmid_1bh_p0.1_dx0.0015625_near_convergence_smallergrid_0.1away_24x25x33 end at Wed Aug 10 05:58:28 UTC 2016
Simulation ManyBHmid_1bh_p0.1_dx0.0015625_near_convergence_smallergrid_0.1away_32x33x41 start at Wed Aug 10 05:58:28 UTC 2016
Still working on ...
Simulation ManyBHmid_1bh_p0.1_dx0.0015625_near_convergence_smallergrid_0.1away_32x33x41 end at Wed Aug 10 05:58:47 UTC 2016
Simulation ManyBHmid_1bh_p0.1_dx0.0015625_near_convergence_smallergrid_0.1away_40x41x49 start at Wed Aug 10 05:58:47 UTC 2016
Still working on ...
Simulation ManyBHmid_1bh_p0.1_dx0.0015625_near_convergence_smallergrid_0.1away_40x41x49 end at Wed Aug 10 05:59:18 UTC 2016
Simulation ManyBHfar_1bh_p0.1_dx0.0015625_near_convergence_smallergrid_0.1away_4x5x9 start at Wed Aug 10 05:59:18 UTC 2016
Still working on ...
Simulation ManyBHfar_1bh_p0.1_dx0.0015625_near_convergence_smallergrid_0.1away_4x5x9 end at Wed Aug 10 05:59:20 UTC 2016
Simulation ManyBHfar_1bh_p0.1_dx0.0015625_near_convergence_smallergrid_0.1away_12x13x17 start at Wed Aug 10 05:59:20 UTC 2016
Still working on ...
Simulation ManyBHfar_1bh_p0.1_dx0.0015625_near_convergence_smallergrid_0.1away_12x13x17 end at Wed Aug 10 05:59:24 UTC 2016
Simulation ManyBHfar_1bh_p0.1_dx0.0015625_near_convergence_smallergrid_0.1away_16x17x25 start at Wed Aug 10 05:59:24 UTC 2016
Still working on ...
Simulation ManyBHfar_1bh_p0.1_dx0.0015625_near_convergence_smallergrid_0.1away_16x17x25 end at Wed Aug 10 05:59:28 UTC 2016
Simulation ManyBHfar_1bh_p0.1_dx0.0015625_near_convergence_smallergrid_0.1away_24x25x33 start at Wed Aug 10 05:59:28 UTC 2016
Still working on ...
Simulation ManyBHfar_1bh_p0.1_dx0.0015625_near_convergence_smallergrid_0.1away_24x25x33 end at Wed Aug 10 05:59:36 UTC 2016
Simulation ManyBHfar_1bh_p0.1_dx0.0015625_near_convergence_smallergrid_0.1away_32x33x41 start at Wed Aug 10 05:59:36 UTC 2016
Still working on ...
Simulation ManyBHfar_1bh_p0.1_dx0.0015625_near_convergence_smallergrid_0.1away_32x33x41 end at Wed Aug 10 05:59:50 UTC 2016
Simulation ManyBHfar_1bh_p0.1_dx0.0015625_near_convergence_smallergrid_0.1away_40x41x49 start at Wed Aug 10 05:59:50 UTC 2016
Still working on ...
Simulation ManyBHfar_1bh_p0.1_dx0.0015625_near_convergence_smallergrid_0.1away_40x41x49 end at Wed Aug 10 06:00:16 UTC 2016
Done!
