Simulation 1bh_p0.1_dx0.0015625_near
Simulation start at  Fri Jul 8 15:10:00 UTC 2016
Simulation ManyBHnear_1bh_p0.1_dx0.0015625_near_4x5x9 start at Fri Jul 8 15:10:00 UTC 2016
Still working on ...
Simulation ManyBHnear_1bh_p0.1_dx0.0015625_near_4x5x9 end at Fri Jul 8 15:10:02 UTC 2016
Simulation ManyBHnear_1bh_p0.1_dx0.0015625_near_12x13x17 start at Fri Jul 8 15:10:02 UTC 2016
Still working on ...
Simulation ManyBHnear_1bh_p0.1_dx0.0015625_near_12x13x17 end at Fri Jul 8 15:10:05 UTC 2016
Simulation ManyBHmid_1bh_p0.1_dx0.0015625_near_4x5x9 start at Fri Jul 8 15:10:05 UTC 2016
Still working on ...
Simulation ManyBHmid_1bh_p0.1_dx0.0015625_near_4x5x9 end at Fri Jul 8 15:10:09 UTC 2016
Simulation ManyBHmid_1bh_p0.1_dx0.0015625_near_12x13x17 start at Fri Jul 8 15:10:09 UTC 2016
Still working on ...
Simulation ManyBHmid_1bh_p0.1_dx0.0015625_near_12x13x17 end at Fri Jul 8 15:10:15 UTC 2016
Simulation ManyBHfar_1bh_p0.1_dx0.0015625_near_4x5x9 start at Fri Jul 8 15:10:15 UTC 2016
Still working on ...
Simulation ManyBHfar_1bh_p0.1_dx0.0015625_near_4x5x9 end at Fri Jul 8 15:10:17 UTC 2016
Simulation ManyBHfar_1bh_p0.1_dx0.0015625_near_12x13x17 start at Fri Jul 8 15:10:17 UTC 2016
Still working on ...
Simulation ManyBHfar_1bh_p0.1_dx0.0015625_near_12x13x17 end at Fri Jul 8 15:10:20 UTC 2016
Done!
