Simulation 1bh_p0.1_s0.1_convergence
Simulation start at  Wed Aug 17 22:10:50 UTC 2016
Simulation ManyBHnear_1bh_p0.1_s0.1_convergence_4x5x9 start at Wed Aug 17 22:10:50 UTC 2016
Still working on ...
Simulation ManyBHnear_1bh_p0.1_s0.1_convergence_4x5x9 end at Wed Aug 17 22:10:52 UTC 2016
Simulation ManyBHnear_1bh_p0.1_s0.1_convergence_8x9x13 start at Wed Aug 17 22:10:52 UTC 2016
Still working on ...
Simulation ManyBHnear_1bh_p0.1_s0.1_convergence_8x9x13 end at Wed Aug 17 22:10:55 UTC 2016
Simulation ManyBHnear_1bh_p0.1_s0.1_convergence_12x13x17 start at Wed Aug 17 22:10:55 UTC 2016
Still working on ...
Simulation ManyBHnear_1bh_p0.1_s0.1_convergence_12x13x17 end at Wed Aug 17 22:10:58 UTC 2016
Simulation ManyBHnear_1bh_p0.1_s0.1_convergence_16x17x25 start at Wed Aug 17 22:10:58 UTC 2016
Still working on ...
Simulation ManyBHnear_1bh_p0.1_s0.1_convergence_16x17x25 end at Wed Aug 17 22:11:04 UTC 2016
Simulation ManyBHnear_1bh_p0.1_s0.1_convergence_24x25x33 start at Wed Aug 17 22:11:04 UTC 2016
Still working on ...
Simulation ManyBHnear_1bh_p0.1_s0.1_convergence_24x25x33 end at Wed Aug 17 22:11:14 UTC 2016
Simulation ManyBHnear_1bh_p0.1_s0.1_convergence_32x33x41 start at Wed Aug 17 22:11:14 UTC 2016
Still working on ...
Simulation ManyBHnear_1bh_p0.1_s0.1_convergence_32x33x41 end at Wed Aug 17 22:11:32 UTC 2016
Simulation ManyBHnear_1bh_p0.1_s0.1_convergence_40x41x49 start at Wed Aug 17 22:11:32 UTC 2016
Still working on ...
Simulation ManyBHnear_1bh_p0.1_s0.1_convergence_40x41x49 end at Wed Aug 17 22:12:08 UTC 2016
Simulation ManyBHmid_1bh_p0.1_s0.1_convergence_4x5x9 start at Wed Aug 17 22:12:08 UTC 2016
Still working on ...
Simulation ManyBHmid_1bh_p0.1_s0.1_convergence_4x5x9 end at Wed Aug 17 22:12:13 UTC 2016
Simulation ManyBHmid_1bh_p0.1_s0.1_convergence_8x9x13 start at Wed Aug 17 22:12:13 UTC 2016
Still working on ...
Simulation ManyBHmid_1bh_p0.1_s0.1_convergence_8x9x13 end at Wed Aug 17 22:12:22 UTC 2016
Simulation ManyBHmid_1bh_p0.1_s0.1_convergence_12x13x17 start at Wed Aug 17 22:12:22 UTC 2016
Still working on ...
Simulation ManyBHmid_1bh_p0.1_s0.1_convergence_12x13x17 end at Wed Aug 17 22:12:29 UTC 2016
Simulation ManyBHmid_1bh_p0.1_s0.1_convergence_16x17x25 start at Wed Aug 17 22:12:29 UTC 2016
Still working on ...
Simulation ManyBHmid_1bh_p0.1_s0.1_convergence_16x17x25 end at Wed Aug 17 22:12:39 UTC 2016
Simulation ManyBHmid_1bh_p0.1_s0.1_convergence_24x25x33 start at Wed Aug 17 22:12:39 UTC 2016
Still working on ...
Simulation ManyBHmid_1bh_p0.1_s0.1_convergence_24x25x33 end at Wed Aug 17 22:12:55 UTC 2016
Simulation ManyBHmid_1bh_p0.1_s0.1_convergence_32x33x41 start at Wed Aug 17 22:12:55 UTC 2016
Still working on ...
Simulation ManyBHmid_1bh_p0.1_s0.1_convergence_32x33x41 end at Wed Aug 17 22:13:24 UTC 2016
Simulation ManyBHmid_1bh_p0.1_s0.1_convergence_40x41x49 start at Wed Aug 17 22:13:24 UTC 2016
Still working on ...
Simulation ManyBHmid_1bh_p0.1_s0.1_convergence_40x41x49 end at Wed Aug 17 22:14:38 UTC 2016
Simulation ManyBHfar_1bh_p0.1_s0.1_convergence_4x5x9 start at Wed Aug 17 22:14:38 UTC 2016
Still working on ...
Simulation ManyBHfar_1bh_p0.1_s0.1_convergence_4x5x9 end at Wed Aug 17 22:14:42 UTC 2016
Simulation ManyBHfar_1bh_p0.1_s0.1_convergence_8x9x13 start at Wed Aug 17 22:14:42 UTC 2016
Still working on ...
Simulation ManyBHfar_1bh_p0.1_s0.1_convergence_8x9x13 end at Wed Aug 17 22:14:47 UTC 2016
Simulation ManyBHfar_1bh_p0.1_s0.1_convergence_12x13x17 start at Wed Aug 17 22:14:47 UTC 2016
Still working on ...
Simulation ManyBHfar_1bh_p0.1_s0.1_convergence_12x13x17 end at Wed Aug 17 22:14:56 UTC 2016
Simulation ManyBHfar_1bh_p0.1_s0.1_convergence_16x17x25 start at Wed Aug 17 22:14:56 UTC 2016
Still working on ...
Simulation ManyBHfar_1bh_p0.1_s0.1_convergence_16x17x25 end at Wed Aug 17 22:15:07 UTC 2016
Simulation ManyBHfar_1bh_p0.1_s0.1_convergence_24x25x33 start at Wed Aug 17 22:15:07 UTC 2016
Still working on ...
Simulation ManyBHfar_1bh_p0.1_s0.1_convergence_24x25x33 end at Wed Aug 17 22:15:30 UTC 2016
Simulation ManyBHfar_1bh_p0.1_s0.1_convergence_32x33x41 start at Wed Aug 17 22:15:30 UTC 2016
Still working on ...
Simulation ManyBHfar_1bh_p0.1_s0.1_convergence_32x33x41 end at Wed Aug 17 22:16:12 UTC 2016
Simulation ManyBHfar_1bh_p0.1_s0.1_convergence_40x41x49 start at Wed Aug 17 22:16:12 UTC 2016
Still working on ...
Simulation ManyBHfar_1bh_p0.1_s0.1_convergence_40x41x49 end at Wed Aug 17 22:17:28 UTC 2016
Done!
