Simulation 1bh_p0.3_dx0.0015625_near
Simulation start at  Fri Jul 8 06:12:12 UTC 2016
Simulation twopunnear_1bh_p0.3_dx0.0015625_near_20 start at Fri Jul 8 06:12:12 UTC 2016
Still working on ...
Simulation twopunnear_1bh_p0.3_dx0.0015625_near_20 end at Fri Jul 8 06:12:41 UTC 2016
Simulation twopunnear_1bh_p0.3_dx0.0015625_near_30 start at Fri Jul 8 06:12:41 UTC 2016
Still working on ...
Simulation twopunnear_1bh_p0.3_dx0.0015625_near_30 end at Fri Jul 8 06:16:11 UTC 2016
Simulation twopunnear_1bh_p0.3_dx0.0015625_near_40 start at Fri Jul 8 06:16:11 UTC 2016
Still working on ...
Simulation twopunnear_1bh_p0.3_dx0.0015625_near_40 end at Fri Jul 8 06:31:46 UTC 2016
Simulation twopunnear_1bh_p0.3_dx0.0015625_near_50 start at Fri Jul 8 06:31:46 UTC 2016
Still working on ...
Simulation twopunnear_1bh_p0.3_dx0.0015625_near_50 end at Fri Jul 8 07:04:18 UTC 2016
Simulation ManyBHnear_1bh_p0.3_dx0.0015625_near_12x13x17 start at Fri Jul 8 07:04:18 UTC 2016
Still working on ...
Simulation ManyBHnear_1bh_p0.3_dx0.0015625_near_12x13x17 end at Fri Jul 8 07:04:23 UTC 2016
Simulation ManyBHnear_1bh_p0.3_dx0.0015625_near_16x17x25 start at Fri Jul 8 07:04:23 UTC 2016
Still working on ...
Simulation ManyBHnear_1bh_p0.3_dx0.0015625_near_16x17x25 end at Fri Jul 8 07:04:30 UTC 2016
Simulation ManyBHnear_1bh_p0.3_dx0.0015625_near_24x25x33 start at Fri Jul 8 07:04:30 UTC 2016
Still working on ...
Simulation ManyBHnear_1bh_p0.3_dx0.0015625_near_24x25x33 end at Fri Jul 8 07:04:41 UTC 2016
Simulation ManyBHnear_1bh_p0.3_dx0.0015625_near_32x33x41 start at Fri Jul 8 07:04:41 UTC 2016
Still working on ...
Simulation ManyBHnear_1bh_p0.3_dx0.0015625_near_32x33x41 end at Fri Jul 8 07:05:04 UTC 2016
Simulation ManyBHnear_1bh_p0.3_dx0.0015625_near_40x41x49 start at Fri Jul 8 07:05:04 UTC 2016
Still working on ...
Simulation ManyBHnear_1bh_p0.3_dx0.0015625_near_40x41x49 end at Fri Jul 8 07:05:42 UTC 2016
Simulation twopunmid_1bh_p0.3_dx0.0015625_near_20 start at Fri Jul 8 07:05:42 UTC 2016
Still working on ...
Simulation twopunmid_1bh_p0.3_dx0.0015625_near_20 end at Fri Jul 8 07:06:13 UTC 2016
Simulation twopunmid_1bh_p0.3_dx0.0015625_near_30 start at Fri Jul 8 07:06:13 UTC 2016
Still working on ...
Simulation twopunmid_1bh_p0.3_dx0.0015625_near_30 end at Fri Jul 8 07:09:51 UTC 2016
Simulation twopunmid_1bh_p0.3_dx0.0015625_near_40 start at Fri Jul 8 07:09:51 UTC 2016
Still working on ...
Simulation twopunmid_1bh_p0.3_dx0.0015625_near_40 end at Fri Jul 8 07:21:03 UTC 2016
Simulation twopunmid_1bh_p0.3_dx0.0015625_near_50 start at Fri Jul 8 07:21:03 UTC 2016
Still working on ...
Simulation twopunmid_1bh_p0.3_dx0.0015625_near_50 end at Fri Jul 8 07:52:46 UTC 2016
Simulation ManyBHmid_1bh_p0.3_dx0.0015625_near_12x13x17 start at Fri Jul 8 07:52:46 UTC 2016
Still working on ...
Simulation ManyBHmid_1bh_p0.3_dx0.0015625_near_12x13x17 end at Fri Jul 8 07:52:54 UTC 2016
Simulation ManyBHmid_1bh_p0.3_dx0.0015625_near_16x17x25 start at Fri Jul 8 07:52:54 UTC 2016
Still working on ...
Simulation ManyBHmid_1bh_p0.3_dx0.0015625_near_16x17x25 end at Fri Jul 8 07:53:04 UTC 2016
Simulation ManyBHmid_1bh_p0.3_dx0.0015625_near_24x25x33 start at Fri Jul 8 07:53:04 UTC 2016
Still working on ...
Simulation ManyBHmid_1bh_p0.3_dx0.0015625_near_24x25x33 end at Fri Jul 8 07:53:19 UTC 2016
Simulation ManyBHmid_1bh_p0.3_dx0.0015625_near_32x33x41 start at Fri Jul 8 07:53:19 UTC 2016
Still working on ...
Simulation ManyBHmid_1bh_p0.3_dx0.0015625_near_32x33x41 end at Fri Jul 8 07:53:44 UTC 2016
Simulation ManyBHmid_1bh_p0.3_dx0.0015625_near_40x41x49 start at Fri Jul 8 07:53:44 UTC 2016
Still working on ...
Simulation ManyBHmid_1bh_p0.3_dx0.0015625_near_40x41x49 end at Fri Jul 8 07:54:28 UTC 2016
Simulation twopunfar_1bh_p0.3_dx0.0015625_near_20 start at Fri Jul 8 07:54:28 UTC 2016
Still working on ...
Simulation twopunfar_1bh_p0.3_dx0.0015625_near_20 end at Fri Jul 8 07:54:57 UTC 2016
Simulation twopunfar_1bh_p0.3_dx0.0015625_near_30 start at Fri Jul 8 07:54:57 UTC 2016
Still working on ...
Simulation twopunfar_1bh_p0.3_dx0.0015625_near_30 end at Fri Jul 8 07:58:24 UTC 2016
Simulation twopunfar_1bh_p0.3_dx0.0015625_near_40 start at Fri Jul 8 07:58:24 UTC 2016
Still working on ...
Simulation twopunfar_1bh_p0.3_dx0.0015625_near_40 end at Fri Jul 8 08:09:15 UTC 2016
Simulation twopunfar_1bh_p0.3_dx0.0015625_near_50 start at Fri Jul 8 08:09:15 UTC 2016
Still working on ...
Simulation twopunfar_1bh_p0.3_dx0.0015625_near_50 end at Fri Jul 8 08:39:52 UTC 2016
Simulation ManyBHfar_1bh_p0.3_dx0.0015625_near_12x13x17 start at Fri Jul 8 08:39:52 UTC 2016
Still working on ...
Simulation ManyBHfar_1bh_p0.3_dx0.0015625_near_12x13x17 end at Fri Jul 8 08:39:56 UTC 2016
Simulation ManyBHfar_1bh_p0.3_dx0.0015625_near_16x17x25 start at Fri Jul 8 08:39:56 UTC 2016
Still working on ...
Simulation ManyBHfar_1bh_p0.3_dx0.0015625_near_16x17x25 end at Fri Jul 8 08:40:01 UTC 2016
Simulation ManyBHfar_1bh_p0.3_dx0.0015625_near_24x25x33 start at Fri Jul 8 08:40:01 UTC 2016
Still working on ...
Simulation ManyBHfar_1bh_p0.3_dx0.0015625_near_24x25x33 end at Fri Jul 8 08:40:13 UTC 2016
Simulation ManyBHfar_1bh_p0.3_dx0.0015625_near_32x33x41 start at Fri Jul 8 08:40:13 UTC 2016
Still working on ...
Simulation ManyBHfar_1bh_p0.3_dx0.0015625_near_32x33x41 end at Fri Jul 8 08:40:34 UTC 2016
Simulation ManyBHfar_1bh_p0.3_dx0.0015625_near_40x41x49 start at Fri Jul 8 08:40:34 UTC 2016
Still working on ...
Simulation ManyBHfar_1bh_p0.3_dx0.0015625_near_40x41x49 end at Fri Jul 8 08:41:12 UTC 2016
Done!
