Simulation 1bh_p0.5_nos
Simulation start at  Mon Jul 4 20:56:45 UTC 2016
Simulation ManyBHnear_1bh_p0.5_nos_12x13x17 start at Mon Jul 4 20:56:45 UTC 2016
Still working on ...
Simulation ManyBHnear_1bh_p0.5_nos_12x13x17 end at Mon Jul 4 21:00:44 UTC 2016
Simulation ManyBHnear_1bh_p0.5_nos_16x17x25 start at Mon Jul 4 21:00:44 UTC 2016
Still working on ...
Simulation ManyBHnear_1bh_p0.5_nos_16x17x25 end at Mon Jul 4 21:07:47 UTC 2016
Simulation ManyBHnear_1bh_p0.5_nos_24x25x33 start at Mon Jul 4 21:07:47 UTC 2016
Still working on ...
Simulation ManyBHnear_1bh_p0.5_nos_24x25x33 end at Mon Jul 4 21:24:06 UTC 2016
Simulation ManyBHnear_1bh_p0.5_nos_32x33x41 start at Mon Jul 4 21:24:06 UTC 2016
Still working on ...
Simulation ManyBHnear_1bh_p0.5_nos_32x33x41 end at Mon Jul 4 21:55:55 UTC 2016
Simulation ManyBHnear_1bh_p0.5_nos_40x41x49 start at Mon Jul 4 21:55:55 UTC 2016
Still working on ...
Simulation ManyBHnear_1bh_p0.5_nos_40x41x49 end at Mon Jul 4 22:55:06 UTC 2016
Simulation ManyBHmid_1bh_p0.5_nos_12x13x17 start at Mon Jul 4 22:55:06 UTC 2016
Still working on ...
Simulation ManyBHmid_1bh_p0.5_nos_12x13x17 end at Mon Jul 4 22:59:12 UTC 2016
Simulation ManyBHmid_1bh_p0.5_nos_16x17x25 start at Mon Jul 4 22:59:12 UTC 2016
Still working on ...
Simulation ManyBHmid_1bh_p0.5_nos_16x17x25 end at Mon Jul 4 23:06:25 UTC 2016
Simulation ManyBHmid_1bh_p0.5_nos_24x25x33 start at Mon Jul 4 23:06:25 UTC 2016
Still working on ...
Simulation ManyBHmid_1bh_p0.5_nos_24x25x33 end at Mon Jul 4 23:22:47 UTC 2016
Simulation ManyBHmid_1bh_p0.5_nos_32x33x41 start at Mon Jul 4 23:22:47 UTC 2016
Still working on ...
Simulation ManyBHmid_1bh_p0.5_nos_32x33x41 end at Mon Jul 4 23:55:16 UTC 2016
Simulation ManyBHmid_1bh_p0.5_nos_40x41x49 start at Mon Jul 4 23:55:16 UTC 2016
Still working on ...
Simulation ManyBHmid_1bh_p0.5_nos_40x41x49 end at Tue Jul 5 00:54:36 UTC 2016
Simulation ManyBHfar_1bh_p0.5_nos_12x13x17 start at Tue Jul 5 00:54:36 UTC 2016
Still working on ...
Simulation ManyBHfar_1bh_p0.5_nos_12x13x17 end at Tue Jul 5 00:58:33 UTC 2016
Simulation ManyBHfar_1bh_p0.5_nos_16x17x25 start at Tue Jul 5 00:58:33 UTC 2016
Still working on ...
Simulation ManyBHfar_1bh_p0.5_nos_16x17x25 end at Tue Jul 5 01:05:35 UTC 2016
Simulation ManyBHfar_1bh_p0.5_nos_24x25x33 start at Tue Jul 5 01:05:35 UTC 2016
Still working on ...
Simulation ManyBHfar_1bh_p0.5_nos_24x25x33 end at Tue Jul 5 01:21:47 UTC 2016
Simulation ManyBHfar_1bh_p0.5_nos_32x33x41 start at Tue Jul 5 01:21:47 UTC 2016
Still working on ...
Simulation ManyBHfar_1bh_p0.5_nos_32x33x41 end at Tue Jul 5 01:53:54 UTC 2016
Simulation ManyBHfar_1bh_p0.5_nos_40x41x49 start at Tue Jul 5 01:53:54 UTC 2016
Still working on ...
Simulation ManyBHfar_1bh_p0.5_nos_40x41x49 end at Tue Jul 5 02:51:03 UTC 2016
Done!
