Simulation 1bh_p0.3_nos
Simulation start at  Sun Jul 3 05:44:25 UTC 2016
Simulation twopunnear_1bh_p0.3_nos_20 start at Sun Jul 3 05:44:25 UTC 2016
Still working on ...
Simulation twopunnear_1bh_p0.3_nos_20 end at Sun Jul 3 05:45:04 UTC 2016
Simulation twopunnear_1bh_p0.3_nos_30 start at Sun Jul 3 05:45:04 UTC 2016
Still working on ...
Simulation twopunnear_1bh_p0.3_nos_30 end at Sun Jul 3 05:49:43 UTC 2016
Simulation twopunnear_1bh_p0.3_nos_40 start at Sun Jul 3 05:49:43 UTC 2016
Still working on ...
Simulation twopunnear_1bh_p0.3_nos_40 end at Sun Jul 3 06:05:54 UTC 2016
Simulation ManyBHnear_1bh_p0.3_nos_12x13x17 start at Sun Jul 3 06:05:54 UTC 2016
Still working on ...
Simulation ManyBHnear_1bh_p0.3_nos_12x13x17 end at Sun Jul 3 06:05:55 UTC 2016
Simulation ManyBHnear_1bh_p0.3_nos_16x17x25 start at Sun Jul 3 06:05:55 UTC 2016
Still working on ...
Simulation ManyBHnear_1bh_p0.3_nos_16x17x25 end at Sun Jul 3 06:05:55 UTC 2016
Simulation ManyBHnear_1bh_p0.3_nos_24x25x33 start at Sun Jul 3 06:05:55 UTC 2016
Still working on ...
Simulation ManyBHnear_1bh_p0.3_nos_24x25x33 end at Sun Jul 3 06:05:57 UTC 2016
Simulation ManyBHnear_1bh_p0.3_nos_32x33x41 start at Sun Jul 3 06:05:57 UTC 2016
Still working on ...
Simulation ManyBHnear_1bh_p0.3_nos_32x33x41 end at Sun Jul 3 06:05:59 UTC 2016
Simulation ManyBHnear_1bh_p0.3_nos_40x41x49 start at Sun Jul 3 06:05:59 UTC 2016
Still working on ...
Simulation ManyBHnear_1bh_p0.3_nos_40x41x49 end at Sun Jul 3 06:06:02 UTC 2016
Simulation twopunmid_1bh_p0.3_nos_20 start at Sun Jul 3 06:06:02 UTC 2016
Still working on ...
Simulation twopunmid_1bh_p0.3_nos_20 end at Sun Jul 3 06:06:50 UTC 2016
Simulation twopunmid_1bh_p0.3_nos_30 start at Sun Jul 3 06:06:50 UTC 2016
Still working on ...
Simulation twopunmid_1bh_p0.3_nos_30 end at Sun Jul 3 06:12:22 UTC 2016
Simulation twopunmid_1bh_p0.3_nos_40 start at Sun Jul 3 06:12:22 UTC 2016
Still working on ...
Simulation twopunmid_1bh_p0.3_nos_40 end at Sun Jul 3 06:27:25 UTC 2016
Simulation ManyBHmid_1bh_p0.3_nos_12x13x17 start at Sun Jul 3 06:27:25 UTC 2016
Still working on ...
Simulation ManyBHmid_1bh_p0.3_nos_12x13x17 end at Sun Jul 3 06:27:27 UTC 2016
Simulation ManyBHmid_1bh_p0.3_nos_16x17x25 start at Sun Jul 3 06:27:27 UTC 2016
Still working on ...
Simulation ManyBHmid_1bh_p0.3_nos_16x17x25 end at Sun Jul 3 06:27:28 UTC 2016
Simulation ManyBHmid_1bh_p0.3_nos_24x25x33 start at Sun Jul 3 06:27:28 UTC 2016
Still working on ...
Simulation ManyBHmid_1bh_p0.3_nos_24x25x33 end at Sun Jul 3 06:27:29 UTC 2016
Simulation ManyBHmid_1bh_p0.3_nos_32x33x41 start at Sun Jul 3 06:27:29 UTC 2016
Still working on ...
Simulation ManyBHmid_1bh_p0.3_nos_32x33x41 end at Sun Jul 3 06:27:31 UTC 2016
Simulation ManyBHmid_1bh_p0.3_nos_40x41x49 start at Sun Jul 3 06:27:31 UTC 2016
Still working on ...
Simulation ManyBHmid_1bh_p0.3_nos_40x41x49 end at Sun Jul 3 06:27:35 UTC 2016
Simulation twopunfar_1bh_p0.3_nos_20 start at Sun Jul 3 06:27:35 UTC 2016
Still working on ...
Simulation twopunfar_1bh_p0.3_nos_20 end at Sun Jul 3 06:28:20 UTC 2016
Simulation twopunfar_1bh_p0.3_nos_30 start at Sun Jul 3 06:28:20 UTC 2016
Still working on ...
Simulation twopunfar_1bh_p0.3_nos_30 end at Sun Jul 3 06:33:43 UTC 2016
Simulation twopunfar_1bh_p0.3_nos_40 start at Sun Jul 3 06:33:43 UTC 2016
Still working on ...
Simulation twopunfar_1bh_p0.3_nos_40 end at Sun Jul 3 06:44:37 UTC 2016
Simulation ManyBHfar_1bh_p0.3_nos_12x13x17 start at Sun Jul 3 06:44:37 UTC 2016
Still working on ...
Simulation ManyBHfar_1bh_p0.3_nos_12x13x17 end at Sun Jul 3 06:44:37 UTC 2016
Simulation ManyBHfar_1bh_p0.3_nos_16x17x25 start at Sun Jul 3 06:44:37 UTC 2016
Still working on ...
Simulation ManyBHfar_1bh_p0.3_nos_16x17x25 end at Sun Jul 3 06:44:38 UTC 2016
Simulation ManyBHfar_1bh_p0.3_nos_24x25x33 start at Sun Jul 3 06:44:38 UTC 2016
Still working on ...
Simulation ManyBHfar_1bh_p0.3_nos_24x25x33 end at Sun Jul 3 06:44:39 UTC 2016
Simulation ManyBHfar_1bh_p0.3_nos_32x33x41 start at Sun Jul 3 06:44:39 UTC 2016
Still working on ...
Simulation ManyBHfar_1bh_p0.3_nos_32x33x41 end at Sun Jul 3 06:44:41 UTC 2016
Simulation ManyBHfar_1bh_p0.3_nos_40x41x49 start at Sun Jul 3 06:44:41 UTC 2016
Still working on ...
Simulation ManyBHfar_1bh_p0.3_nos_40x41x49 end at Sun Jul 3 06:44:43 UTC 2016
Done!
