Simulation 1bh_p0.1_dx0.0015625_near_convergence_smallergrid
Simulation start at  Tue Aug 9 22:13:43 UTC 2016
Simulation ManyBHnear_1bh_p0.1_dx0.0015625_near_convergence_smallergrid_4x5x9 start at Tue Aug 9 22:13:43 UTC 2016
Still working on ...
Simulation ManyBHnear_1bh_p0.1_dx0.0015625_near_convergence_smallergrid_4x5x9 end at Tue Aug 9 22:13:49 UTC 2016
Simulation ManyBHnear_1bh_p0.1_dx0.0015625_near_convergence_smallergrid_12x13x17 start at Tue Aug 9 22:13:49 UTC 2016
Still working on ...
Simulation ManyBHnear_1bh_p0.1_dx0.0015625_near_convergence_smallergrid_12x13x17 end at Tue Aug 9 22:13:59 UTC 2016
Simulation ManyBHnear_1bh_p0.1_dx0.0015625_near_convergence_smallergrid_16x17x25 start at Tue Aug 9 22:13:59 UTC 2016
Still working on ...
Simulation ManyBHnear_1bh_p0.1_dx0.0015625_near_convergence_smallergrid_16x17x25 end at Tue Aug 9 22:14:11 UTC 2016
Simulation ManyBHnear_1bh_p0.1_dx0.0015625_near_convergence_smallergrid_24x25x33 start at Tue Aug 9 22:14:11 UTC 2016
Still working on ...
Simulation ManyBHnear_1bh_p0.1_dx0.0015625_near_convergence_smallergrid_24x25x33 end at Tue Aug 9 22:14:35 UTC 2016
Simulation ManyBHnear_1bh_p0.1_dx0.0015625_near_convergence_smallergrid_32x33x41 start at Tue Aug 9 22:14:35 UTC 2016
Still working on ...
Simulation ManyBHnear_1bh_p0.1_dx0.0015625_near_convergence_smallergrid_32x33x41 end at Tue Aug 9 22:15:16 UTC 2016
Simulation ManyBHnear_1bh_p0.1_dx0.0015625_near_convergence_smallergrid_40x41x49 start at Tue Aug 9 22:15:16 UTC 2016
Still working on ...
Simulation ManyBHnear_1bh_p0.1_dx0.0015625_near_convergence_smallergrid_40x41x49 end at Tue Aug 9 22:16:29 UTC 2016
Simulation ManyBHmid_1bh_p0.1_dx0.0015625_near_convergence_smallergrid_4x5x9 start at Tue Aug 9 22:16:29 UTC 2016
Still working on ...
Simulation ManyBHmid_1bh_p0.1_dx0.0015625_near_convergence_smallergrid_4x5x9 end at Tue Aug 9 22:16:33 UTC 2016
Simulation ManyBHmid_1bh_p0.1_dx0.0015625_near_convergence_smallergrid_12x13x17 start at Tue Aug 9 22:16:33 UTC 2016
Still working on ...
Simulation ManyBHmid_1bh_p0.1_dx0.0015625_near_convergence_smallergrid_12x13x17 end at Tue Aug 9 22:16:39 UTC 2016
Simulation ManyBHmid_1bh_p0.1_dx0.0015625_near_convergence_smallergrid_16x17x25 start at Tue Aug 9 22:16:39 UTC 2016
Still working on ...
Simulation ManyBHmid_1bh_p0.1_dx0.0015625_near_convergence_smallergrid_16x17x25 end at Tue Aug 9 22:16:47 UTC 2016
Simulation ManyBHmid_1bh_p0.1_dx0.0015625_near_convergence_smallergrid_24x25x33 start at Tue Aug 9 22:16:47 UTC 2016
Still working on ...
Simulation ManyBHmid_1bh_p0.1_dx0.0015625_near_convergence_smallergrid_24x25x33 end at Tue Aug 9 22:16:59 UTC 2016
Simulation ManyBHmid_1bh_p0.1_dx0.0015625_near_convergence_smallergrid_32x33x41 start at Tue Aug 9 22:16:59 UTC 2016
Still working on ...
Simulation ManyBHmid_1bh_p0.1_dx0.0015625_near_convergence_smallergrid_32x33x41 end at Tue Aug 9 22:17:17 UTC 2016
Simulation ManyBHmid_1bh_p0.1_dx0.0015625_near_convergence_smallergrid_40x41x49 start at Tue Aug 9 22:17:17 UTC 2016
Still working on ...
Simulation ManyBHmid_1bh_p0.1_dx0.0015625_near_convergence_smallergrid_40x41x49 end at Tue Aug 9 22:17:48 UTC 2016
Simulation ManyBHfar_1bh_p0.1_dx0.0015625_near_convergence_smallergrid_4x5x9 start at Tue Aug 9 22:17:48 UTC 2016
Still working on ...
Simulation ManyBHfar_1bh_p0.1_dx0.0015625_near_convergence_smallergrid_4x5x9 end at Tue Aug 9 22:17:49 UTC 2016
Simulation ManyBHfar_1bh_p0.1_dx0.0015625_near_convergence_smallergrid_12x13x17 start at Tue Aug 9 22:17:49 UTC 2016
Still working on ...
Simulation ManyBHfar_1bh_p0.1_dx0.0015625_near_convergence_smallergrid_12x13x17 end at Tue Aug 9 22:17:50 UTC 2016
Simulation ManyBHfar_1bh_p0.1_dx0.0015625_near_convergence_smallergrid_16x17x25 start at Tue Aug 9 22:17:50 UTC 2016
Still working on ...
Simulation ManyBHfar_1bh_p0.1_dx0.0015625_near_convergence_smallergrid_16x17x25 end at Tue Aug 9 22:17:50 UTC 2016
Simulation ManyBHfar_1bh_p0.1_dx0.0015625_near_convergence_smallergrid_24x25x33 start at Tue Aug 9 22:17:50 UTC 2016
Still working on ...
Simulation ManyBHfar_1bh_p0.1_dx0.0015625_near_convergence_